2021-09-23 23:04:20,432 INFO    MainThread:27025 [internal.py:wandb_internal():89] W&B internal server running at pid: 27025, started at: 2021-09-23 23:04:20.431791
2021-09-23 23:04:20,434 INFO    WriterThread:27025 [datastore.py:open_for_write():77] open: /Users/rishanthrajendhran/Desktop/EigenGame/wandb/run-20210923_230419-nealu871/run-nealu871.wandb
2021-09-23 23:04:20,435 DEBUG   HandlerThread:27025 [handler.py:handle_request():126] handle_request: check_version
2021-09-23 23:04:20,438 DEBUG   SenderThread:27025 [sender.py:send():185] send: header
2021-09-23 23:04:20,438 DEBUG   SenderThread:27025 [sender.py:send_request():199] send_request: check_version
2021-09-23 23:04:20,565 DEBUG   SenderThread:27025 [sender.py:send():185] send: run
2021-09-23 23:04:20,950 INFO    SenderThread:27025 [dir_watcher.py:__init__():169] watching files in: /Users/rishanthrajendhran/Desktop/EigenGame/wandb/run-20210923_230419-nealu871/files
2021-09-23 23:04:20,950 INFO    SenderThread:27025 [sender.py:_start_run_threads():749] run started: nealu871 with start time 1632418459
2021-09-23 23:04:20,950 DEBUG   SenderThread:27025 [sender.py:send():185] send: summary
2021-09-23 23:04:20,951 INFO    SenderThread:27025 [sender.py:_save_file():879] saving file wandb-summary.json with policy end
2021-09-23 23:04:20,952 DEBUG   HandlerThread:27025 [handler.py:handle_request():126] handle_request: run_start
2021-09-23 23:04:23,134 INFO    Thread-8  :27025 [dir_watcher.py:_on_file_created():217] file/dir created: /Users/rishanthrajendhran/Desktop/EigenGame/wandb/run-20210923_230419-nealu871/files/wandb-summary.json
2021-09-23 23:04:26,175 INFO    Thread-8  :27025 [dir_watcher.py:_on_file_created():217] file/dir created: /Users/rishanthrajendhran/Desktop/EigenGame/wandb/run-20210923_230419-nealu871/files/output.log
2021-09-23 23:04:27,060 DEBUG   HandlerThread:27025 [meta.py:__init__():40] meta init
2021-09-23 23:04:27,061 DEBUG   HandlerThread:27025 [meta.py:__init__():54] meta init done
2021-09-23 23:04:27,061 DEBUG   HandlerThread:27025 [meta.py:probe():211] probe
2021-09-23 23:04:27,064 DEBUG   HandlerThread:27025 [meta.py:_setup_git():201] setup git
2021-09-23 23:04:27,113 DEBUG   HandlerThread:27025 [meta.py:_setup_git():208] setup git done
2021-09-23 23:04:27,115 DEBUG   HandlerThread:27025 [meta.py:_save_pip():58] save pip
2021-09-23 23:04:27,119 DEBUG   HandlerThread:27025 [meta.py:_save_pip():72] save pip done
2021-09-23 23:04:27,119 DEBUG   HandlerThread:27025 [meta.py:_save_conda():79] save conda
2021-09-23 23:04:27,185 INFO    Thread-8  :27025 [dir_watcher.py:_on_file_created():217] file/dir created: /Users/rishanthrajendhran/Desktop/EigenGame/wandb/run-20210923_230419-nealu871/files/conda-environment.yaml
2021-09-23 23:04:27,187 INFO    Thread-8  :27025 [dir_watcher.py:_on_file_created():217] file/dir created: /Users/rishanthrajendhran/Desktop/EigenGame/wandb/run-20210923_230419-nealu871/files/requirements.txt
2021-09-23 23:04:28,190 INFO    Thread-8  :27025 [dir_watcher.py:_on_file_modified():230] file/dir modified: /Users/rishanthrajendhran/Desktop/EigenGame/wandb/run-20210923_230419-nealu871/files/output.log
2021-09-23 23:04:42,767 DEBUG   HandlerThread:27025 [meta.py:_save_conda():87] save conda done
2021-09-23 23:04:42,768 DEBUG   HandlerThread:27025 [meta.py:probe():249] probe done
2021-09-23 23:04:42,778 DEBUG   HandlerThread:27025 [handler.py:handle_request():126] handle_request: stop_status
2021-09-23 23:04:42,779 DEBUG   SenderThread:27025 [sender.py:send_request():199] send_request: stop_status
2021-09-23 23:04:43,061 DEBUG   SenderThread:27025 [sender.py:send():185] send: run
2021-09-23 23:04:43,264 INFO    Thread-8  :27025 [dir_watcher.py:_on_file_modified():230] file/dir modified: /Users/rishanthrajendhran/Desktop/EigenGame/wandb/run-20210923_230419-nealu871/files/config.yaml
2021-09-23 23:04:43,265 INFO    Thread-8  :27025 [dir_watcher.py:_on_file_modified():230] file/dir modified: /Users/rishanthrajendhran/Desktop/EigenGame/wandb/run-20210923_230419-nealu871/files/conda-environment.yaml
2021-09-23 23:04:43,265 INFO    Thread-8  :27025 [dir_watcher.py:_on_file_created():217] file/dir created: /Users/rishanthrajendhran/Desktop/EigenGame/wandb/run-20210923_230419-nealu871/files/wandb-metadata.json
2021-09-23 23:04:43,471 INFO    SenderThread:27025 [sender.py:send_run():643] updated run: nealu871
2021-09-23 23:04:43,471 DEBUG   SenderThread:27025 [sender.py:send():185] send: files
2021-09-23 23:04:43,472 INFO    SenderThread:27025 [sender.py:_save_file():879] saving file [10000, 5]_10000_5_1 with policy live
2021-09-23 23:04:43,474 DEBUG   SenderThread:27025 [sender.py:send():185] send: files
2021-09-23 23:04:43,475 INFO    SenderThread:27025 [sender.py:_save_file():879] saving file wandb-metadata.json with policy now
2021-09-23 23:04:44,484 INFO    Thread-11 :27025 [upload_job.py:push():137] Uploaded file /var/folders/7m/2n3lfqqn4p9cb73mtczw0fy00000gn/T/tmp60y8zmu8wandb/318mrltw-wandb-metadata.json
2021-09-23 23:04:56,185 DEBUG   SenderThread:27025 [sender.py:send():185] send: stats
2021-09-23 23:04:58,067 DEBUG   HandlerThread:27025 [handler.py:handle_request():126] handle_request: stop_status
2021-09-23 23:04:58,067 DEBUG   SenderThread:27025 [sender.py:send_request():199] send_request: stop_status
2021-09-23 23:05:13,423 DEBUG   HandlerThread:27025 [handler.py:handle_request():126] handle_request: stop_status
2021-09-23 23:05:13,424 DEBUG   SenderThread:27025 [sender.py:send_request():199] send_request: stop_status
2021-09-23 23:05:27,525 DEBUG   SenderThread:27025 [sender.py:send():185] send: stats
2021-09-23 23:05:28,806 DEBUG   HandlerThread:27025 [handler.py:handle_request():126] handle_request: stop_status
2021-09-23 23:05:28,806 DEBUG   SenderThread:27025 [sender.py:send_request():199] send_request: stop_status
2021-09-24 08:55:10,986 DEBUG   HandlerThread:27025 [handler.py:handle_request():126] handle_request: stop_status
2021-09-24 08:55:11,141 DEBUG   SenderThread:27025 [sender.py:send_request():199] send_request: stop_status
2021-09-24 08:55:17,603 ERROR   SenderThread:27025 [retry.py:__call__():126] Retry attempt failed:
Traceback (most recent call last):
  File "/Users/rishanthrajendhran/opt/anaconda3/lib/python3.7/site-packages/urllib3/connection.py", line 170, in _new_conn
    (self._dns_host, self.port), self.timeout, **extra_kw
  File "/Users/rishanthrajendhran/opt/anaconda3/lib/python3.7/site-packages/urllib3/util/connection.py", line 73, in create_connection
    for res in socket.getaddrinfo(host, port, family, socket.SOCK_STREAM):
  File "/Users/rishanthrajendhran/opt/anaconda3/lib/python3.7/socket.py", line 748, in getaddrinfo
    for res in _socket.getaddrinfo(host, port, family, type, proto, flags):
socket.gaierror: [Errno 8] nodename nor servname provided, or not known

During handling of the above exception, another exception occurred:

Traceback (most recent call last):
  File "/Users/rishanthrajendhran/opt/anaconda3/lib/python3.7/site-packages/urllib3/connectionpool.py", line 706, in urlopen
    chunked=chunked,
  File "/Users/rishanthrajendhran/opt/anaconda3/lib/python3.7/site-packages/urllib3/connectionpool.py", line 382, in _make_request
    self._validate_conn(conn)
  File "/Users/rishanthrajendhran/opt/anaconda3/lib/python3.7/site-packages/urllib3/connectionpool.py", line 1010, in _validate_conn
    conn.connect()
  File "/Users/rishanthrajendhran/opt/anaconda3/lib/python3.7/site-packages/urllib3/connection.py", line 353, in connect
    conn = self._new_conn()
  File "/Users/rishanthrajendhran/opt/anaconda3/lib/python3.7/site-packages/urllib3/connection.py", line 182, in _new_conn
    self, "Failed to establish a new connection: %s" % e
urllib3.exceptions.NewConnectionError: <urllib3.connection.HTTPSConnection object at 0x7fb408738fd0>: Failed to establish a new connection: [Errno 8] nodename nor servname provided, or not known

During handling of the above exception, another exception occurred:

Traceback (most recent call last):
  File "/Users/rishanthrajendhran/opt/anaconda3/lib/python3.7/site-packages/requests/adapters.py", line 449, in send
    timeout=timeout
  File "/Users/rishanthrajendhran/opt/anaconda3/lib/python3.7/site-packages/urllib3/connectionpool.py", line 756, in urlopen
    method, url, error=e, _pool=self, _stacktrace=sys.exc_info()[2]
  File "/Users/rishanthrajendhran/opt/anaconda3/lib/python3.7/site-packages/urllib3/util/retry.py", line 573, in increment
    raise MaxRetryError(_pool, url, error or ResponseError(cause))
urllib3.exceptions.MaxRetryError: HTTPSConnectionPool(host='api.wandb.ai', port=443): Max retries exceeded with url: /graphql (Caused by NewConnectionError('<urllib3.connection.HTTPSConnection object at 0x7fb408738fd0>: Failed to establish a new connection: [Errno 8] nodename nor servname provided, or not known'))

During handling of the above exception, another exception occurred:

Traceback (most recent call last):
  File "/Users/rishanthrajendhran/opt/anaconda3/lib/python3.7/site-packages/wandb/sdk/lib/retry.py", line 102, in __call__
    result = self._call_fn(*args, **kwargs)
  File "/Users/rishanthrajendhran/opt/anaconda3/lib/python3.7/site-packages/wandb/sdk/internal/internal_api.py", line 132, in execute
    return self.client.execute(*args, **kwargs)
  File "/Users/rishanthrajendhran/opt/anaconda3/lib/python3.7/site-packages/wandb/vendor/gql-0.2.0/gql/client.py", line 52, in execute
    result = self._get_result(document, *args, **kwargs)
  File "/Users/rishanthrajendhran/opt/anaconda3/lib/python3.7/site-packages/wandb/vendor/gql-0.2.0/gql/client.py", line 60, in _get_result
    return self.transport.execute(document, *args, **kwargs)
  File "/Users/rishanthrajendhran/opt/anaconda3/lib/python3.7/site-packages/wandb/vendor/gql-0.2.0/gql/transport/requests.py", line 38, in execute
    request = requests.post(self.url, **post_args)
  File "/Users/rishanthrajendhran/opt/anaconda3/lib/python3.7/site-packages/requests/api.py", line 119, in post
    return request('post', url, data=data, json=json, **kwargs)
  File "/Users/rishanthrajendhran/opt/anaconda3/lib/python3.7/site-packages/requests/api.py", line 61, in request
    return session.request(method=method, url=url, **kwargs)
  File "/Users/rishanthrajendhran/opt/anaconda3/lib/python3.7/site-packages/requests/sessions.py", line 542, in request
    resp = self.send(prep, **send_kwargs)
  File "/Users/rishanthrajendhran/opt/anaconda3/lib/python3.7/site-packages/requests/sessions.py", line 655, in send
    r = adapter.send(request, **kwargs)
  File "/Users/rishanthrajendhran/opt/anaconda3/lib/python3.7/site-packages/requests/adapters.py", line 516, in send
    raise ConnectionError(e, request=request)
requests.exceptions.ConnectionError: HTTPSConnectionPool(host='api.wandb.ai', port=443): Max retries exceeded with url: /graphql (Caused by NewConnectionError('<urllib3.connection.HTTPSConnection object at 0x7fb408738fd0>: Failed to establish a new connection: [Errno 8] nodename nor servname provided, or not known'))
2021-09-24 08:55:32,556 WARNING FileStreamThread:27025 [file_stream.py:request_with_retry():466] requests_with_retry encountered retryable exception: HTTPSConnectionPool(host='api.wandb.ai', port=443): Read timed out. (read timeout=None). func: <bound method Session.post of <requests.sessions.Session object at 0x7fb401898950>>, args: ('https://api.wandb.ai/files/rishanthrajendhran/eigengame/nealu871/file_stream',), kwargs: {'json': {'complete': False, 'failed': False, 'dropped': 0, 'uploaded': ['wandb-metadata.json']}}
2021-09-24 08:55:34,513 DEBUG   SenderThread:27025 [sender.py:send():185] send: stats
2021-09-24 08:55:34,908 INFO    Thread-8  :27025 [dir_watcher.py:_on_file_modified():230] file/dir modified: /Users/rishanthrajendhran/Desktop/EigenGame/wandb/run-20210923_230419-nealu871/files/output.log
2021-09-24 08:55:38,867 DEBUG   SenderThread:27025 [sender.py:send():185] send: history
2021-09-24 08:55:38,871 DEBUG   SenderThread:27025 [sender.py:send():185] send: summary
2021-09-24 08:55:38,877 INFO    SenderThread:27025 [sender.py:_save_file():879] saving file wandb-summary.json with policy end
2021-09-24 08:55:38,915 INFO    Thread-8  :27025 [dir_watcher.py:_on_file_modified():230] file/dir modified: /Users/rishanthrajendhran/Desktop/EigenGame/wandb/run-20210923_230419-nealu871/files/wandb-summary.json
2021-09-24 08:55:40,919 INFO    Thread-8  :27025 [dir_watcher.py:_on_file_modified():230] file/dir modified: /Users/rishanthrajendhran/Desktop/EigenGame/wandb/run-20210923_230419-nealu871/files/output.log
2021-09-24 08:55:41,325 DEBUG   SenderThread:27025 [sender.py:send():185] send: telemetry
2021-09-24 08:55:41,327 DEBUG   HandlerThread:27025 [handler.py:handle_request():126] handle_request: poll_exit
2021-09-24 08:55:41,327 DEBUG   SenderThread:27025 [sender.py:send():185] send: exit
2021-09-24 08:55:41,328 INFO    SenderThread:27025 [sender.py:send_exit():294] handling exit code: 0
2021-09-24 08:55:41,369 INFO    SenderThread:27025 [sender.py:send_exit():296] handling runtime: 35480
2021-09-24 08:55:41,371 INFO    SenderThread:27025 [sender.py:_save_file():879] saving file wandb-summary.json with policy end
2021-09-24 08:55:41,372 INFO    SenderThread:27025 [sender.py:send_exit():306] send defer
2021-09-24 08:55:41,374 DEBUG   SenderThread:27025 [sender.py:send_request():199] send_request: poll_exit
2021-09-24 08:55:41,375 DEBUG   HandlerThread:27025 [handler.py:handle_request():126] handle_request: defer
2021-09-24 08:55:41,381 INFO    HandlerThread:27025 [handler.py:handle_request_defer():143] handle defer: 0
2021-09-24 08:55:41,382 DEBUG   SenderThread:27025 [sender.py:send_request():199] send_request: defer
2021-09-24 08:55:41,382 INFO    SenderThread:27025 [sender.py:send_request_defer():315] handle sender defer: 0
2021-09-24 08:55:41,382 INFO    SenderThread:27025 [sender.py:transition_state():319] send defer: 1
2021-09-24 08:55:41,383 DEBUG   HandlerThread:27025 [handler.py:handle_request():126] handle_request: defer
2021-09-24 08:55:41,383 INFO    HandlerThread:27025 [handler.py:handle_request_defer():143] handle defer: 1
2021-09-24 08:55:41,455 DEBUG   SenderThread:27025 [sender.py:send_request():199] send_request: defer
2021-09-24 08:55:41,456 INFO    SenderThread:27025 [sender.py:send_request_defer():315] handle sender defer: 1
2021-09-24 08:55:41,456 INFO    SenderThread:27025 [sender.py:transition_state():319] send defer: 2
2021-09-24 08:55:41,456 DEBUG   SenderThread:27025 [sender.py:send():185] send: stats
2021-09-24 08:55:41,457 DEBUG   HandlerThread:27025 [handler.py:handle_request():126] handle_request: defer
2021-09-24 08:55:41,457 INFO    HandlerThread:27025 [handler.py:handle_request_defer():143] handle defer: 2
2021-09-24 08:55:41,459 DEBUG   SenderThread:27025 [sender.py:send_request():199] send_request: defer
2021-09-24 08:55:41,459 INFO    SenderThread:27025 [sender.py:send_request_defer():315] handle sender defer: 2
2021-09-24 08:55:41,459 INFO    SenderThread:27025 [sender.py:transition_state():319] send defer: 3
2021-09-24 08:55:41,461 DEBUG   HandlerThread:27025 [handler.py:handle_request():126] handle_request: defer
2021-09-24 08:55:41,461 INFO    HandlerThread:27025 [handler.py:handle_request_defer():143] handle defer: 3
2021-09-24 08:55:41,461 DEBUG   SenderThread:27025 [sender.py:send():185] send: summary
2021-09-24 08:55:41,462 INFO    SenderThread:27025 [sender.py:_save_file():879] saving file wandb-summary.json with policy end
2021-09-24 08:55:41,463 DEBUG   SenderThread:27025 [sender.py:send_request():199] send_request: defer
2021-09-24 08:55:41,463 INFO    SenderThread:27025 [sender.py:send_request_defer():315] handle sender defer: 3
2021-09-24 08:55:41,463 INFO    SenderThread:27025 [sender.py:transition_state():319] send defer: 4
2021-09-24 08:55:41,464 DEBUG   HandlerThread:27025 [handler.py:handle_request():126] handle_request: defer
2021-09-24 08:55:41,464 INFO    HandlerThread:27025 [handler.py:handle_request_defer():143] handle defer: 4
2021-09-24 08:55:41,464 DEBUG   SenderThread:27025 [sender.py:send_request():199] send_request: defer
2021-09-24 08:55:41,464 INFO    SenderThread:27025 [sender.py:send_request_defer():315] handle sender defer: 4
2021-09-24 08:55:41,518 DEBUG   HandlerThread:27025 [handler.py:handle_request():126] handle_request: poll_exit
2021-09-24 08:55:41,924 INFO    Thread-8  :27025 [dir_watcher.py:_on_file_modified():230] file/dir modified: /Users/rishanthrajendhran/Desktop/EigenGame/wandb/run-20210923_230419-nealu871/files/output.log
2021-09-24 08:55:41,925 INFO    Thread-8  :27025 [dir_watcher.py:_on_file_modified():230] file/dir modified: /Users/rishanthrajendhran/Desktop/EigenGame/wandb/run-20210923_230419-nealu871/files/wandb-summary.json
2021-09-24 08:55:43,007 INFO    SenderThread:27025 [sender.py:transition_state():319] send defer: 5
2021-09-24 08:55:43,008 DEBUG   SenderThread:27025 [sender.py:send_request():199] send_request: poll_exit
2021-09-24 08:55:43,010 DEBUG   HandlerThread:27025 [handler.py:handle_request():126] handle_request: defer
2021-09-24 08:55:43,010 INFO    HandlerThread:27025 [handler.py:handle_request_defer():143] handle defer: 5
2021-09-24 08:55:43,010 DEBUG   SenderThread:27025 [sender.py:send_request():199] send_request: defer
2021-09-24 08:55:43,011 INFO    SenderThread:27025 [sender.py:send_request_defer():315] handle sender defer: 5
2021-09-24 08:55:43,011 INFO    SenderThread:27025 [dir_watcher.py:finish():283] shutting down directory watcher
2021-09-24 08:55:43,111 DEBUG   HandlerThread:27025 [handler.py:handle_request():126] handle_request: poll_exit
2021-09-24 08:55:43,930 INFO    SenderThread:27025 [dir_watcher.py:_on_file_modified():230] file/dir modified: /Users/rishanthrajendhran/Desktop/EigenGame/wandb/run-20210923_230419-nealu871/files/config.yaml
2021-09-24 08:55:43,933 INFO    SenderThread:27025 [dir_watcher.py:finish():313] scan: /Users/rishanthrajendhran/Desktop/EigenGame/wandb/run-20210923_230419-nealu871/files
2021-09-24 08:55:43,935 INFO    SenderThread:27025 [dir_watcher.py:finish():327] scan save: /Users/rishanthrajendhran/Desktop/EigenGame/wandb/run-20210923_230419-nealu871/files/requirements.txt requirements.txt
2021-09-24 08:55:43,936 INFO    SenderThread:27025 [dir_watcher.py:finish():327] scan save: /Users/rishanthrajendhran/Desktop/EigenGame/wandb/run-20210923_230419-nealu871/files/output.log output.log
2021-09-24 08:55:43,937 INFO    SenderThread:27025 [dir_watcher.py:finish():327] scan save: /Users/rishanthrajendhran/Desktop/EigenGame/wandb/run-20210923_230419-nealu871/files/config.yaml config.yaml
2021-09-24 08:55:43,938 INFO    SenderThread:27025 [dir_watcher.py:finish():327] scan save: /Users/rishanthrajendhran/Desktop/EigenGame/wandb/run-20210923_230419-nealu871/files/wandb-summary.json wandb-summary.json
2021-09-24 08:55:43,938 INFO    SenderThread:27025 [dir_watcher.py:finish():327] scan save: /Users/rishanthrajendhran/Desktop/EigenGame/wandb/run-20210923_230419-nealu871/files/conda-environment.yaml conda-environment.yaml
2021-09-24 08:55:43,963 INFO    SenderThread:27025 [dir_watcher.py:finish():327] scan save: /Users/rishanthrajendhran/Desktop/EigenGame/wandb/run-20210923_230419-nealu871/files/wandb-metadata.json wandb-metadata.json
2021-09-24 08:55:43,963 INFO    SenderThread:27025 [sender.py:transition_state():319] send defer: 6
2021-09-24 08:55:43,963 DEBUG   SenderThread:27025 [sender.py:send_request():199] send_request: poll_exit
2021-09-24 08:55:43,975 DEBUG   HandlerThread:27025 [handler.py:handle_request():126] handle_request: defer
2021-09-24 08:55:43,975 INFO    HandlerThread:27025 [handler.py:handle_request_defer():143] handle defer: 6
2021-09-24 08:55:43,976 DEBUG   SenderThread:27025 [sender.py:send_request():199] send_request: defer
2021-09-24 08:55:43,976 INFO    SenderThread:27025 [sender.py:send_request_defer():315] handle sender defer: 6
2021-09-24 08:55:43,977 INFO    SenderThread:27025 [file_pusher.py:finish():177] shutting down file pusher
2021-09-24 08:55:44,076 DEBUG   HandlerThread:27025 [handler.py:handle_request():126] handle_request: poll_exit
2021-09-24 08:55:44,077 DEBUG   SenderThread:27025 [sender.py:send_request():199] send_request: poll_exit
2021-09-24 08:55:44,182 DEBUG   HandlerThread:27025 [handler.py:handle_request():126] handle_request: poll_exit
2021-09-24 08:55:44,182 DEBUG   SenderThread:27025 [sender.py:send_request():199] send_request: poll_exit
2021-09-24 08:55:44,285 DEBUG   HandlerThread:27025 [handler.py:handle_request():126] handle_request: poll_exit
2021-09-24 08:55:44,286 DEBUG   SenderThread:27025 [sender.py:send_request():199] send_request: poll_exit
2021-09-24 08:55:44,389 DEBUG   HandlerThread:27025 [handler.py:handle_request():126] handle_request: poll_exit
2021-09-24 08:55:44,390 DEBUG   SenderThread:27025 [sender.py:send_request():199] send_request: poll_exit
2021-09-24 08:55:44,493 DEBUG   HandlerThread:27025 [handler.py:handle_request():126] handle_request: poll_exit
2021-09-24 08:55:44,494 DEBUG   SenderThread:27025 [sender.py:send_request():199] send_request: poll_exit
2021-09-24 08:55:44,597 DEBUG   HandlerThread:27025 [handler.py:handle_request():126] handle_request: poll_exit
2021-09-24 08:55:44,597 DEBUG   SenderThread:27025 [sender.py:send_request():199] send_request: poll_exit
2021-09-24 08:55:44,699 DEBUG   HandlerThread:27025 [handler.py:handle_request():126] handle_request: poll_exit
2021-09-24 08:55:44,699 DEBUG   SenderThread:27025 [sender.py:send_request():199] send_request: poll_exit
2021-09-24 08:55:44,806 DEBUG   HandlerThread:27025 [handler.py:handle_request():126] handle_request: poll_exit
2021-09-24 08:55:44,806 DEBUG   SenderThread:27025 [sender.py:send_request():199] send_request: poll_exit
2021-09-24 08:55:44,908 DEBUG   HandlerThread:27025 [handler.py:handle_request():126] handle_request: poll_exit
2021-09-24 08:55:44,908 DEBUG   SenderThread:27025 [sender.py:send_request():199] send_request: poll_exit
2021-09-24 08:55:45,013 DEBUG   HandlerThread:27025 [handler.py:handle_request():126] handle_request: poll_exit
2021-09-24 08:55:45,013 DEBUG   SenderThread:27025 [sender.py:send_request():199] send_request: poll_exit
2021-09-24 08:55:45,115 DEBUG   HandlerThread:27025 [handler.py:handle_request():126] handle_request: poll_exit
2021-09-24 08:55:45,115 DEBUG   SenderThread:27025 [sender.py:send_request():199] send_request: poll_exit
2021-09-24 08:55:45,217 DEBUG   HandlerThread:27025 [handler.py:handle_request():126] handle_request: poll_exit
2021-09-24 08:55:45,217 DEBUG   SenderThread:27025 [sender.py:send_request():199] send_request: poll_exit
2021-09-24 08:55:45,320 DEBUG   HandlerThread:27025 [handler.py:handle_request():126] handle_request: poll_exit
2021-09-24 08:55:45,321 DEBUG   SenderThread:27025 [sender.py:send_request():199] send_request: poll_exit
2021-09-24 08:55:45,426 DEBUG   HandlerThread:27025 [handler.py:handle_request():126] handle_request: poll_exit
2021-09-24 08:55:45,427 DEBUG   SenderThread:27025 [sender.py:send_request():199] send_request: poll_exit
2021-09-24 08:55:45,451 INFO    Thread-15 :27025 [upload_job.py:push():137] Uploaded file /Users/rishanthrajendhran/Desktop/EigenGame/wandb/run-20210923_230419-nealu871/files/wandb-summary.json
2021-09-24 08:55:45,456 INFO    Thread-16 :27025 [upload_job.py:push():137] Uploaded file /Users/rishanthrajendhran/Desktop/EigenGame/wandb/run-20210923_230419-nealu871/files/conda-environment.yaml
2021-09-24 08:55:45,461 INFO    Thread-12 :27025 [upload_job.py:push():137] Uploaded file /Users/rishanthrajendhran/Desktop/EigenGame/wandb/run-20210923_230419-nealu871/files/requirements.txt
2021-09-24 08:55:45,483 INFO    Thread-14 :27025 [upload_job.py:push():137] Uploaded file /Users/rishanthrajendhran/Desktop/EigenGame/wandb/run-20210923_230419-nealu871/files/config.yaml
2021-09-24 08:55:45,493 INFO    Thread-13 :27025 [upload_job.py:push():137] Uploaded file /Users/rishanthrajendhran/Desktop/EigenGame/wandb/run-20210923_230419-nealu871/files/output.log
2021-09-24 08:55:45,531 DEBUG   HandlerThread:27025 [handler.py:handle_request():126] handle_request: poll_exit
2021-09-24 08:55:45,532 DEBUG   SenderThread:27025 [sender.py:send_request():199] send_request: poll_exit
2021-09-24 08:55:45,633 DEBUG   HandlerThread:27025 [handler.py:handle_request():126] handle_request: poll_exit
2021-09-24 08:55:45,634 DEBUG   SenderThread:27025 [sender.py:send_request():199] send_request: poll_exit
2021-09-24 08:55:45,694 INFO    Thread-7  :27025 [sender.py:transition_state():319] send defer: 7
2021-09-24 08:55:45,695 DEBUG   HandlerThread:27025 [handler.py:handle_request():126] handle_request: defer
2021-09-24 08:55:45,696 INFO    HandlerThread:27025 [handler.py:handle_request_defer():143] handle defer: 7
2021-09-24 08:55:45,696 DEBUG   SenderThread:27025 [sender.py:send_request():199] send_request: defer
2021-09-24 08:55:45,696 INFO    SenderThread:27025 [sender.py:send_request_defer():315] handle sender defer: 7
2021-09-24 08:55:45,735 DEBUG   HandlerThread:27025 [handler.py:handle_request():126] handle_request: poll_exit
2021-09-24 08:55:46,344 INFO    SenderThread:27025 [sender.py:transition_state():319] send defer: 8
2021-09-24 08:55:46,344 DEBUG   SenderThread:27025 [sender.py:send_request():199] send_request: poll_exit
2021-09-24 08:55:46,345 DEBUG   HandlerThread:27025 [handler.py:handle_request():126] handle_request: defer
2021-09-24 08:55:46,345 INFO    HandlerThread:27025 [handler.py:handle_request_defer():143] handle defer: 8
2021-09-24 08:55:46,346 DEBUG   SenderThread:27025 [sender.py:send_request():199] send_request: defer
2021-09-24 08:55:46,346 INFO    SenderThread:27025 [sender.py:send_request_defer():315] handle sender defer: 8
2021-09-24 08:55:46,348 INFO    SenderThread:27025 [sender.py:transition_state():319] send defer: 9
2021-09-24 08:55:46,350 DEBUG   SenderThread:27025 [sender.py:send():185] send: final
2021-09-24 08:55:46,352 DEBUG   SenderThread:27025 [sender.py:send():185] send: footer
2021-09-24 08:55:46,352 DEBUG   HandlerThread:27025 [handler.py:handle_request():126] handle_request: defer
2021-09-24 08:55:46,352 INFO    HandlerThread:27025 [handler.py:handle_request_defer():143] handle defer: 9
2021-09-24 08:55:46,352 DEBUG   SenderThread:27025 [sender.py:send_request():199] send_request: defer
2021-09-24 08:55:46,352 INFO    SenderThread:27025 [sender.py:send_request_defer():315] handle sender defer: 9
2021-09-24 08:55:46,450 DEBUG   HandlerThread:27025 [handler.py:handle_request():126] handle_request: poll_exit
2021-09-24 08:55:46,450 DEBUG   SenderThread:27025 [sender.py:send_request():199] send_request: poll_exit
2021-09-24 08:55:46,451 INFO    SenderThread:27025 [file_pusher.py:join():182] waiting for file pusher
2021-09-24 08:55:47,065 DEBUG   HandlerThread:27025 [handler.py:handle_request():126] handle_request: get_summary
2021-09-24 08:55:47,074 DEBUG   HandlerThread:27025 [handler.py:handle_request():126] handle_request: sampled_history
2021-09-24 08:55:47,084 DEBUG   HandlerThread:27025 [handler.py:handle_request():126] handle_request: shutdown
2021-09-24 08:55:47,085 INFO    HandlerThread:27025 [handler.py:finish():683] shutting down handler
2021-09-24 08:55:47,354 INFO    WriterThread:27025 [datastore.py:close():281] close: /Users/rishanthrajendhran/Desktop/EigenGame/wandb/run-20210923_230419-nealu871/run-nealu871.wandb
2021-09-24 08:55:48,065 INFO    SenderThread:27025 [sender.py:finish():985] shutting down sender
2021-09-24 08:55:48,066 INFO    SenderThread:27025 [file_pusher.py:finish():177] shutting down file pusher
2021-09-24 08:55:48,066 INFO    SenderThread:27025 [file_pusher.py:join():182] waiting for file pusher
2021-09-24 08:55:48,087 INFO    MainThread:27025 [internal.py:handle_exit():76] Internal process exited
