2021-10-18 20:28:15,860 INFO    MainThread:15325 [internal.py:wandb_internal():89] W&B internal server running at pid: 15325, started at: 2021-10-18 20:28:15.860278
2021-10-18 20:28:15,863 DEBUG   HandlerThread:15325 [handler.py:handle_request():126] handle_request: check_version
2021-10-18 20:28:15,863 INFO    WriterThread:15325 [datastore.py:open_for_write():77] open: /Users/rishanthrajendhran/Desktop/EigenGame/wandb/run-20211018_202814-jjxarqjd/run-jjxarqjd.wandb
2021-10-18 20:28:15,867 DEBUG   SenderThread:15325 [sender.py:send():185] send: header
2021-10-18 20:28:15,867 DEBUG   SenderThread:15325 [sender.py:send_request():199] send_request: check_version
2021-10-18 20:28:15,978 DEBUG   SenderThread:15325 [sender.py:send():185] send: run
2021-10-18 20:28:16,332 INFO    SenderThread:15325 [dir_watcher.py:__init__():169] watching files in: /Users/rishanthrajendhran/Desktop/EigenGame/wandb/run-20211018_202814-jjxarqjd/files
2021-10-18 20:28:16,332 INFO    SenderThread:15325 [sender.py:_start_run_threads():749] run started: jjxarqjd with start time 1634569094
2021-10-18 20:28:16,333 DEBUG   SenderThread:15325 [sender.py:send():185] send: summary
2021-10-18 20:28:16,334 INFO    SenderThread:15325 [sender.py:_save_file():879] saving file wandb-summary.json with policy end
2021-10-18 20:28:16,335 DEBUG   HandlerThread:15325 [handler.py:handle_request():126] handle_request: run_start
2021-10-18 20:28:18,331 INFO    Thread-8  :15325 [dir_watcher.py:_on_file_created():217] file/dir created: /Users/rishanthrajendhran/Desktop/EigenGame/wandb/run-20211018_202814-jjxarqjd/files/wandb-summary.json
2021-10-18 20:28:22,344 INFO    Thread-8  :15325 [dir_watcher.py:_on_file_created():217] file/dir created: /Users/rishanthrajendhran/Desktop/EigenGame/wandb/run-20211018_202814-jjxarqjd/files/output.log
2021-10-18 20:28:22,399 DEBUG   HandlerThread:15325 [meta.py:__init__():40] meta init
2021-10-18 20:28:22,400 DEBUG   HandlerThread:15325 [meta.py:__init__():54] meta init done
2021-10-18 20:28:22,401 DEBUG   HandlerThread:15325 [meta.py:probe():211] probe
2021-10-18 20:28:22,403 DEBUG   HandlerThread:15325 [meta.py:_setup_git():201] setup git
2021-10-18 20:28:22,464 DEBUG   HandlerThread:15325 [meta.py:_setup_git():208] setup git done
2021-10-18 20:28:22,468 DEBUG   HandlerThread:15325 [meta.py:_save_pip():58] save pip
2021-10-18 20:28:22,472 DEBUG   HandlerThread:15325 [meta.py:_save_pip():72] save pip done
2021-10-18 20:28:22,473 DEBUG   HandlerThread:15325 [meta.py:_save_conda():79] save conda
2021-10-18 20:28:23,348 INFO    Thread-8  :15325 [dir_watcher.py:_on_file_created():217] file/dir created: /Users/rishanthrajendhran/Desktop/EigenGame/wandb/run-20211018_202814-jjxarqjd/files/conda-environment.yaml
2021-10-18 20:28:23,350 INFO    Thread-8  :15325 [dir_watcher.py:_on_file_created():217] file/dir created: /Users/rishanthrajendhran/Desktop/EigenGame/wandb/run-20211018_202814-jjxarqjd/files/requirements.txt
2021-10-18 20:28:24,352 INFO    Thread-8  :15325 [dir_watcher.py:_on_file_modified():230] file/dir modified: /Users/rishanthrajendhran/Desktop/EigenGame/wandb/run-20211018_202814-jjxarqjd/files/output.log
2021-10-18 20:28:40,424 INFO    Thread-8  :15325 [dir_watcher.py:_on_file_modified():230] file/dir modified: /Users/rishanthrajendhran/Desktop/EigenGame/wandb/run-20211018_202814-jjxarqjd/files/conda-environment.yaml
2021-10-18 20:28:40,505 DEBUG   HandlerThread:15325 [meta.py:_save_conda():87] save conda done
2021-10-18 20:28:40,505 DEBUG   HandlerThread:15325 [meta.py:probe():249] probe done
2021-10-18 20:28:40,518 DEBUG   HandlerThread:15325 [handler.py:handle_request():126] handle_request: stop_status
2021-10-18 20:28:40,519 DEBUG   SenderThread:15325 [sender.py:send_request():199] send_request: stop_status
2021-10-18 20:28:40,902 DEBUG   SenderThread:15325 [sender.py:send():185] send: run
2021-10-18 20:28:41,418 INFO    SenderThread:15325 [sender.py:send_run():643] updated run: jjxarqjd
2021-10-18 20:28:41,419 DEBUG   SenderThread:15325 [sender.py:send():185] send: files
2021-10-18 20:28:41,419 INFO    SenderThread:15325 [sender.py:_save_file():879] saving file [10000, 5]_35000_5_50 with policy live
2021-10-18 20:28:41,421 DEBUG   SenderThread:15325 [sender.py:send():185] send: files
2021-10-18 20:28:41,423 INFO    SenderThread:15325 [sender.py:_save_file():879] saving file wandb-metadata.json with policy now
2021-10-18 20:28:41,427 INFO    Thread-8  :15325 [dir_watcher.py:_on_file_modified():230] file/dir modified: /Users/rishanthrajendhran/Desktop/EigenGame/wandb/run-20211018_202814-jjxarqjd/files/config.yaml
2021-10-18 20:28:41,428 INFO    Thread-8  :15325 [dir_watcher.py:_on_file_created():217] file/dir created: /Users/rishanthrajendhran/Desktop/EigenGame/wandb/run-20211018_202814-jjxarqjd/files/wandb-metadata.json
2021-10-18 20:28:42,332 INFO    Thread-11 :15325 [upload_job.py:push():137] Uploaded file /var/folders/7m/2n3lfqqn4p9cb73mtczw0fy00000gn/T/tmp75h134gwwandb/2dui006s-wandb-metadata.json
2021-10-18 20:28:51,396 DEBUG   SenderThread:15325 [sender.py:send():185] send: stats
2021-10-18 20:28:55,905 DEBUG   HandlerThread:15325 [handler.py:handle_request():126] handle_request: stop_status
2021-10-18 20:28:55,905 DEBUG   SenderThread:15325 [sender.py:send_request():199] send_request: stop_status
2021-10-18 20:29:11,288 DEBUG   HandlerThread:15325 [handler.py:handle_request():126] handle_request: stop_status
2021-10-18 20:29:11,297 DEBUG   SenderThread:15325 [sender.py:send_request():199] send_request: stop_status
2021-10-18 20:29:22,722 DEBUG   SenderThread:15325 [sender.py:send():185] send: stats
2021-10-18 20:37:01,171 DEBUG   HandlerThread:15325 [handler.py:handle_request():126] handle_request: stop_status
2021-10-18 20:37:01,360 DEBUG   SenderThread:15325 [sender.py:send_request():199] send_request: stop_status
2021-10-18 20:37:15,065 ERROR   SenderThread:15325 [retry.py:__call__():126] Retry attempt failed:
Traceback (most recent call last):
  File "/Users/rishanthrajendhran/opt/anaconda3/lib/python3.7/site-packages/urllib3/connection.py", line 170, in _new_conn
    (self._dns_host, self.port), self.timeout, **extra_kw
  File "/Users/rishanthrajendhran/opt/anaconda3/lib/python3.7/site-packages/urllib3/util/connection.py", line 73, in create_connection
    for res in socket.getaddrinfo(host, port, family, socket.SOCK_STREAM):
  File "/Users/rishanthrajendhran/opt/anaconda3/lib/python3.7/socket.py", line 748, in getaddrinfo
    for res in _socket.getaddrinfo(host, port, family, type, proto, flags):
socket.gaierror: [Errno 8] nodename nor servname provided, or not known

During handling of the above exception, another exception occurred:

Traceback (most recent call last):
  File "/Users/rishanthrajendhran/opt/anaconda3/lib/python3.7/site-packages/urllib3/connectionpool.py", line 706, in urlopen
    chunked=chunked,
  File "/Users/rishanthrajendhran/opt/anaconda3/lib/python3.7/site-packages/urllib3/connectionpool.py", line 382, in _make_request
    self._validate_conn(conn)
  File "/Users/rishanthrajendhran/opt/anaconda3/lib/python3.7/site-packages/urllib3/connectionpool.py", line 1010, in _validate_conn
    conn.connect()
  File "/Users/rishanthrajendhran/opt/anaconda3/lib/python3.7/site-packages/urllib3/connection.py", line 353, in connect
    conn = self._new_conn()
  File "/Users/rishanthrajendhran/opt/anaconda3/lib/python3.7/site-packages/urllib3/connection.py", line 182, in _new_conn
    self, "Failed to establish a new connection: %s" % e
urllib3.exceptions.NewConnectionError: <urllib3.connection.HTTPSConnection object at 0x7ff3bee41f50>: Failed to establish a new connection: [Errno 8] nodename nor servname provided, or not known

During handling of the above exception, another exception occurred:

Traceback (most recent call last):
  File "/Users/rishanthrajendhran/opt/anaconda3/lib/python3.7/site-packages/requests/adapters.py", line 449, in send
    timeout=timeout
  File "/Users/rishanthrajendhran/opt/anaconda3/lib/python3.7/site-packages/urllib3/connectionpool.py", line 756, in urlopen
    method, url, error=e, _pool=self, _stacktrace=sys.exc_info()[2]
  File "/Users/rishanthrajendhran/opt/anaconda3/lib/python3.7/site-packages/urllib3/util/retry.py", line 573, in increment
    raise MaxRetryError(_pool, url, error or ResponseError(cause))
urllib3.exceptions.MaxRetryError: HTTPSConnectionPool(host='api.wandb.ai', port=443): Max retries exceeded with url: /graphql (Caused by NewConnectionError('<urllib3.connection.HTTPSConnection object at 0x7ff3bee41f50>: Failed to establish a new connection: [Errno 8] nodename nor servname provided, or not known'))

During handling of the above exception, another exception occurred:

Traceback (most recent call last):
  File "/Users/rishanthrajendhran/opt/anaconda3/lib/python3.7/site-packages/wandb/sdk/lib/retry.py", line 102, in __call__
    result = self._call_fn(*args, **kwargs)
  File "/Users/rishanthrajendhran/opt/anaconda3/lib/python3.7/site-packages/wandb/sdk/internal/internal_api.py", line 132, in execute
    return self.client.execute(*args, **kwargs)
  File "/Users/rishanthrajendhran/opt/anaconda3/lib/python3.7/site-packages/wandb/vendor/gql-0.2.0/gql/client.py", line 52, in execute
    result = self._get_result(document, *args, **kwargs)
  File "/Users/rishanthrajendhran/opt/anaconda3/lib/python3.7/site-packages/wandb/vendor/gql-0.2.0/gql/client.py", line 60, in _get_result
    return self.transport.execute(document, *args, **kwargs)
  File "/Users/rishanthrajendhran/opt/anaconda3/lib/python3.7/site-packages/wandb/vendor/gql-0.2.0/gql/transport/requests.py", line 38, in execute
    request = requests.post(self.url, **post_args)
  File "/Users/rishanthrajendhran/opt/anaconda3/lib/python3.7/site-packages/requests/api.py", line 119, in post
    return request('post', url, data=data, json=json, **kwargs)
  File "/Users/rishanthrajendhran/opt/anaconda3/lib/python3.7/site-packages/requests/api.py", line 61, in request
    return session.request(method=method, url=url, **kwargs)
  File "/Users/rishanthrajendhran/opt/anaconda3/lib/python3.7/site-packages/requests/sessions.py", line 542, in request
    resp = self.send(prep, **send_kwargs)
  File "/Users/rishanthrajendhran/opt/anaconda3/lib/python3.7/site-packages/requests/sessions.py", line 655, in send
    r = adapter.send(request, **kwargs)
  File "/Users/rishanthrajendhran/opt/anaconda3/lib/python3.7/site-packages/requests/adapters.py", line 516, in send
    raise ConnectionError(e, request=request)
requests.exceptions.ConnectionError: HTTPSConnectionPool(host='api.wandb.ai', port=443): Max retries exceeded with url: /graphql (Caused by NewConnectionError('<urllib3.connection.HTTPSConnection object at 0x7ff3bee41f50>: Failed to establish a new connection: [Errno 8] nodename nor servname provided, or not known'))
2021-10-18 20:37:26,956 WARNING FileStreamThread:15325 [file_stream.py:request_with_retry():466] requests_with_retry encountered retryable exception: HTTPSConnectionPool(host='api.wandb.ai', port=443): Read timed out. (read timeout=None). func: <bound method Session.post of <requests.sessions.Session object at 0x7ff3b529bd90>>, args: ('https://api.wandb.ai/files/rishanthrajendhran/eigengame/jjxarqjd/file_stream',), kwargs: {'json': {'complete': False, 'failed': False, 'dropped': 0, 'uploaded': ['wandb-metadata.json']}}
2021-10-18 20:37:33,726 DEBUG   SenderThread:15325 [sender.py:send():185] send: stats
2021-10-18 20:37:35,976 INFO    Thread-8  :15325 [dir_watcher.py:_on_file_modified():230] file/dir modified: /Users/rishanthrajendhran/Desktop/EigenGame/wandb/run-20211018_202814-jjxarqjd/files/output.log
2021-10-18 20:37:46,558 DEBUG   HandlerThread:15325 [handler.py:handle_request():126] handle_request: stop_status
2021-10-18 20:37:46,608 DEBUG   SenderThread:15325 [sender.py:send_request():199] send_request: stop_status
2021-10-18 20:38:01,765 DEBUG   HandlerThread:15325 [handler.py:handle_request():126] handle_request: stop_status
2021-10-18 20:38:01,771 DEBUG   SenderThread:15325 [sender.py:send_request():199] send_request: stop_status
2021-10-18 20:38:04,544 DEBUG   SenderThread:15325 [sender.py:send():185] send: stats
2021-10-18 20:38:17,250 DEBUG   HandlerThread:15325 [handler.py:handle_request():126] handle_request: stop_status
2021-10-18 20:38:17,256 DEBUG   SenderThread:15325 [sender.py:send_request():199] send_request: stop_status
2021-10-18 20:38:32,691 DEBUG   HandlerThread:15325 [handler.py:handle_request():126] handle_request: stop_status
2021-10-18 20:38:32,699 DEBUG   SenderThread:15325 [sender.py:send_request():199] send_request: stop_status
2021-10-18 20:38:35,480 DEBUG   SenderThread:15325 [sender.py:send():185] send: stats
2021-10-18 20:38:48,184 DEBUG   HandlerThread:15325 [handler.py:handle_request():126] handle_request: stop_status
2021-10-18 20:38:48,185 DEBUG   SenderThread:15325 [sender.py:send_request():199] send_request: stop_status
2021-10-18 20:39:03,962 DEBUG   HandlerThread:15325 [handler.py:handle_request():126] handle_request: stop_status
2021-10-18 20:39:04,002 DEBUG   SenderThread:15325 [sender.py:send_request():199] send_request: stop_status
2021-10-18 20:39:06,646 DEBUG   SenderThread:15325 [sender.py:send():185] send: stats
2021-10-18 20:39:20,222 DEBUG   HandlerThread:15325 [handler.py:handle_request():126] handle_request: stop_status
2021-10-18 20:39:20,246 DEBUG   SenderThread:15325 [sender.py:send_request():199] send_request: stop_status
2021-10-18 20:39:35,669 DEBUG   HandlerThread:15325 [handler.py:handle_request():126] handle_request: stop_status
2021-10-18 20:39:35,675 DEBUG   SenderThread:15325 [sender.py:send_request():199] send_request: stop_status
2021-10-18 20:39:37,716 DEBUG   SenderThread:15325 [sender.py:send():185] send: stats
2021-10-18 20:39:51,095 DEBUG   HandlerThread:15325 [handler.py:handle_request():126] handle_request: stop_status
2021-10-18 20:39:51,095 DEBUG   SenderThread:15325 [sender.py:send_request():199] send_request: stop_status
2021-10-18 20:40:06,451 DEBUG   HandlerThread:15325 [handler.py:handle_request():126] handle_request: stop_status
2021-10-18 20:40:06,451 DEBUG   SenderThread:15325 [sender.py:send_request():199] send_request: stop_status
2021-10-18 20:40:08,195 DEBUG   SenderThread:15325 [sender.py:send():185] send: stats
2021-10-18 20:40:21,776 DEBUG   HandlerThread:15325 [handler.py:handle_request():126] handle_request: stop_status
2021-10-18 20:40:21,777 DEBUG   SenderThread:15325 [sender.py:send_request():199] send_request: stop_status
2021-10-18 20:40:37,078 DEBUG   HandlerThread:15325 [handler.py:handle_request():126] handle_request: stop_status
2021-10-18 20:40:37,079 DEBUG   SenderThread:15325 [sender.py:send_request():199] send_request: stop_status
2021-10-18 20:40:38,663 DEBUG   SenderThread:15325 [sender.py:send():185] send: stats
2021-10-18 20:40:50,597 DEBUG   SenderThread:15325 [sender.py:send():185] send: history
2021-10-18 20:40:50,614 DEBUG   SenderThread:15325 [sender.py:send():185] send: summary
2021-10-18 20:40:50,625 INFO    SenderThread:15325 [sender.py:_save_file():879] saving file wandb-summary.json with policy end
2021-10-18 20:40:51,239 INFO    Thread-8  :15325 [dir_watcher.py:_on_file_modified():230] file/dir modified: /Users/rishanthrajendhran/Desktop/EigenGame/wandb/run-20211018_202814-jjxarqjd/files/wandb-summary.json
2021-10-18 20:40:52,232 INFO    Thread-8  :15325 [dir_watcher.py:_on_file_modified():230] file/dir modified: /Users/rishanthrajendhran/Desktop/EigenGame/wandb/run-20211018_202814-jjxarqjd/files/output.log
2021-10-18 20:40:53,516 DEBUG   SenderThread:15325 [sender.py:send():185] send: telemetry
2021-10-18 20:40:53,524 DEBUG   SenderThread:15325 [sender.py:send():185] send: exit
2021-10-18 20:40:53,547 DEBUG   HandlerThread:15325 [handler.py:handle_request():126] handle_request: poll_exit
2021-10-18 20:40:53,524 INFO    SenderThread:15325 [sender.py:send_exit():294] handling exit code: 0
2021-10-18 20:40:53,614 INFO    SenderThread:15325 [sender.py:send_exit():296] handling runtime: 757
2021-10-18 20:40:53,616 INFO    SenderThread:15325 [sender.py:_save_file():879] saving file wandb-summary.json with policy end
2021-10-18 20:40:53,617 INFO    SenderThread:15325 [sender.py:send_exit():306] send defer
2021-10-18 20:40:53,627 DEBUG   SenderThread:15325 [sender.py:send_request():199] send_request: poll_exit
2021-10-18 20:40:53,633 DEBUG   HandlerThread:15325 [handler.py:handle_request():126] handle_request: defer
2021-10-18 20:40:53,639 INFO    HandlerThread:15325 [handler.py:handle_request_defer():143] handle defer: 0
2021-10-18 20:40:53,644 DEBUG   SenderThread:15325 [sender.py:send_request():199] send_request: defer
2021-10-18 20:40:53,645 INFO    SenderThread:15325 [sender.py:send_request_defer():315] handle sender defer: 0
2021-10-18 20:40:53,645 INFO    SenderThread:15325 [sender.py:transition_state():319] send defer: 1
2021-10-18 20:40:53,645 DEBUG   HandlerThread:15325 [handler.py:handle_request():126] handle_request: defer
2021-10-18 20:40:53,645 INFO    HandlerThread:15325 [handler.py:handle_request_defer():143] handle defer: 1
2021-10-18 20:40:53,693 DEBUG   SenderThread:15325 [sender.py:send_request():199] send_request: defer
2021-10-18 20:40:53,693 INFO    SenderThread:15325 [sender.py:send_request_defer():315] handle sender defer: 1
2021-10-18 20:40:53,693 INFO    SenderThread:15325 [sender.py:transition_state():319] send defer: 2
2021-10-18 20:40:53,694 DEBUG   SenderThread:15325 [sender.py:send():185] send: stats
2021-10-18 20:40:53,694 DEBUG   HandlerThread:15325 [handler.py:handle_request():126] handle_request: defer
2021-10-18 20:40:53,694 INFO    HandlerThread:15325 [handler.py:handle_request_defer():143] handle defer: 2
2021-10-18 20:40:53,702 DEBUG   SenderThread:15325 [sender.py:send_request():199] send_request: defer
2021-10-18 20:40:53,703 INFO    SenderThread:15325 [sender.py:send_request_defer():315] handle sender defer: 2
2021-10-18 20:40:53,703 INFO    SenderThread:15325 [sender.py:transition_state():319] send defer: 3
2021-10-18 20:40:53,704 DEBUG   HandlerThread:15325 [handler.py:handle_request():126] handle_request: defer
2021-10-18 20:40:53,704 INFO    HandlerThread:15325 [handler.py:handle_request_defer():143] handle defer: 3
2021-10-18 20:40:53,704 DEBUG   SenderThread:15325 [sender.py:send():185] send: summary
2021-10-18 20:40:53,705 INFO    SenderThread:15325 [sender.py:_save_file():879] saving file wandb-summary.json with policy end
2021-10-18 20:40:53,705 DEBUG   SenderThread:15325 [sender.py:send_request():199] send_request: defer
2021-10-18 20:40:53,705 INFO    SenderThread:15325 [sender.py:send_request_defer():315] handle sender defer: 3
2021-10-18 20:40:53,706 INFO    SenderThread:15325 [sender.py:transition_state():319] send defer: 4
2021-10-18 20:40:53,706 DEBUG   HandlerThread:15325 [handler.py:handle_request():126] handle_request: defer
2021-10-18 20:40:53,706 INFO    HandlerThread:15325 [handler.py:handle_request_defer():143] handle defer: 4
2021-10-18 20:40:53,706 DEBUG   SenderThread:15325 [sender.py:send_request():199] send_request: defer
2021-10-18 20:40:53,706 INFO    SenderThread:15325 [sender.py:send_request_defer():315] handle sender defer: 4
2021-10-18 20:40:53,790 DEBUG   HandlerThread:15325 [handler.py:handle_request():126] handle_request: poll_exit
2021-10-18 20:40:54,240 INFO    SenderThread:15325 [sender.py:transition_state():319] send defer: 5
2021-10-18 20:40:54,240 DEBUG   SenderThread:15325 [sender.py:send_request():199] send_request: poll_exit
2021-10-18 20:40:54,241 DEBUG   HandlerThread:15325 [handler.py:handle_request():126] handle_request: defer
2021-10-18 20:40:54,241 INFO    HandlerThread:15325 [handler.py:handle_request_defer():143] handle defer: 5
2021-10-18 20:40:54,241 DEBUG   SenderThread:15325 [sender.py:send_request():199] send_request: defer
2021-10-18 20:40:54,241 INFO    SenderThread:15325 [sender.py:send_request_defer():315] handle sender defer: 5
2021-10-18 20:40:54,241 INFO    SenderThread:15325 [dir_watcher.py:finish():283] shutting down directory watcher
2021-10-18 20:40:54,243 INFO    Thread-8  :15325 [dir_watcher.py:_on_file_modified():230] file/dir modified: /Users/rishanthrajendhran/Desktop/EigenGame/wandb/run-20211018_202814-jjxarqjd/files/config.yaml
2021-10-18 20:40:54,245 INFO    SenderThread:15325 [dir_watcher.py:_on_file_modified():230] file/dir modified: /Users/rishanthrajendhran/Desktop/EigenGame/wandb/run-20211018_202814-jjxarqjd/files/output.log
2021-10-18 20:40:54,245 INFO    SenderThread:15325 [dir_watcher.py:_on_file_modified():230] file/dir modified: /Users/rishanthrajendhran/Desktop/EigenGame/wandb/run-20211018_202814-jjxarqjd/files/wandb-summary.json
2021-10-18 20:40:54,250 INFO    SenderThread:15325 [dir_watcher.py:finish():313] scan: /Users/rishanthrajendhran/Desktop/EigenGame/wandb/run-20211018_202814-jjxarqjd/files
2021-10-18 20:40:54,251 INFO    SenderThread:15325 [dir_watcher.py:finish():327] scan save: /Users/rishanthrajendhran/Desktop/EigenGame/wandb/run-20211018_202814-jjxarqjd/files/requirements.txt requirements.txt
2021-10-18 20:40:54,253 INFO    SenderThread:15325 [dir_watcher.py:finish():327] scan save: /Users/rishanthrajendhran/Desktop/EigenGame/wandb/run-20211018_202814-jjxarqjd/files/output.log output.log
2021-10-18 20:40:54,254 INFO    SenderThread:15325 [dir_watcher.py:finish():327] scan save: /Users/rishanthrajendhran/Desktop/EigenGame/wandb/run-20211018_202814-jjxarqjd/files/config.yaml config.yaml
2021-10-18 20:40:54,267 INFO    SenderThread:15325 [dir_watcher.py:finish():327] scan save: /Users/rishanthrajendhran/Desktop/EigenGame/wandb/run-20211018_202814-jjxarqjd/files/wandb-summary.json wandb-summary.json
2021-10-18 20:40:54,422 DEBUG   HandlerThread:15325 [handler.py:handle_request():126] handle_request: poll_exit
2021-10-18 20:40:54,429 INFO    SenderThread:15325 [dir_watcher.py:finish():327] scan save: /Users/rishanthrajendhran/Desktop/EigenGame/wandb/run-20211018_202814-jjxarqjd/files/conda-environment.yaml conda-environment.yaml
2021-10-18 20:40:54,431 INFO    SenderThread:15325 [dir_watcher.py:finish():327] scan save: /Users/rishanthrajendhran/Desktop/EigenGame/wandb/run-20211018_202814-jjxarqjd/files/wandb-metadata.json wandb-metadata.json
2021-10-18 20:40:54,432 INFO    SenderThread:15325 [sender.py:transition_state():319] send defer: 6
2021-10-18 20:40:54,436 DEBUG   SenderThread:15325 [sender.py:send_request():199] send_request: poll_exit
2021-10-18 20:40:54,439 DEBUG   HandlerThread:15325 [handler.py:handle_request():126] handle_request: defer
2021-10-18 20:40:54,444 INFO    HandlerThread:15325 [handler.py:handle_request_defer():143] handle defer: 6
2021-10-18 20:40:54,444 DEBUG   SenderThread:15325 [sender.py:send_request():199] send_request: defer
2021-10-18 20:40:54,444 INFO    SenderThread:15325 [sender.py:send_request_defer():315] handle sender defer: 6
2021-10-18 20:40:54,445 INFO    SenderThread:15325 [file_pusher.py:finish():177] shutting down file pusher
2021-10-18 20:40:54,540 DEBUG   HandlerThread:15325 [handler.py:handle_request():126] handle_request: poll_exit
2021-10-18 20:40:54,541 DEBUG   SenderThread:15325 [sender.py:send_request():199] send_request: poll_exit
2021-10-18 20:40:54,648 DEBUG   HandlerThread:15325 [handler.py:handle_request():126] handle_request: poll_exit
2021-10-18 20:40:54,648 DEBUG   SenderThread:15325 [sender.py:send_request():199] send_request: poll_exit
2021-10-18 20:40:54,751 DEBUG   HandlerThread:15325 [handler.py:handle_request():126] handle_request: poll_exit
2021-10-18 20:40:54,752 DEBUG   SenderThread:15325 [sender.py:send_request():199] send_request: poll_exit
2021-10-18 20:40:54,856 DEBUG   HandlerThread:15325 [handler.py:handle_request():126] handle_request: poll_exit
2021-10-18 20:40:54,857 DEBUG   SenderThread:15325 [sender.py:send_request():199] send_request: poll_exit
2021-10-18 20:40:54,959 DEBUG   HandlerThread:15325 [handler.py:handle_request():126] handle_request: poll_exit
2021-10-18 20:40:54,959 DEBUG   SenderThread:15325 [sender.py:send_request():199] send_request: poll_exit
2021-10-18 20:40:55,062 DEBUG   HandlerThread:15325 [handler.py:handle_request():126] handle_request: poll_exit
2021-10-18 20:40:55,062 DEBUG   SenderThread:15325 [sender.py:send_request():199] send_request: poll_exit
2021-10-18 20:40:55,166 DEBUG   HandlerThread:15325 [handler.py:handle_request():126] handle_request: poll_exit
2021-10-18 20:40:55,166 DEBUG   SenderThread:15325 [sender.py:send_request():199] send_request: poll_exit
2021-10-18 20:40:55,274 DEBUG   HandlerThread:15325 [handler.py:handle_request():126] handle_request: poll_exit
2021-10-18 20:40:55,274 DEBUG   SenderThread:15325 [sender.py:send_request():199] send_request: poll_exit
2021-10-18 20:40:55,369 INFO    Thread-14 :15325 [upload_job.py:push():137] Uploaded file /Users/rishanthrajendhran/Desktop/EigenGame/wandb/run-20211018_202814-jjxarqjd/files/config.yaml
2021-10-18 20:40:55,382 DEBUG   HandlerThread:15325 [handler.py:handle_request():126] handle_request: poll_exit
2021-10-18 20:40:55,385 INFO    Thread-13 :15325 [upload_job.py:push():137] Uploaded file /Users/rishanthrajendhran/Desktop/EigenGame/wandb/run-20211018_202814-jjxarqjd/files/output.log
2021-10-18 20:40:55,386 DEBUG   SenderThread:15325 [sender.py:send_request():199] send_request: poll_exit
2021-10-18 20:40:55,415 INFO    Thread-12 :15325 [upload_job.py:push():137] Uploaded file /Users/rishanthrajendhran/Desktop/EigenGame/wandb/run-20211018_202814-jjxarqjd/files/requirements.txt
2021-10-18 20:40:55,440 INFO    Thread-15 :15325 [upload_job.py:push():137] Uploaded file /Users/rishanthrajendhran/Desktop/EigenGame/wandb/run-20211018_202814-jjxarqjd/files/wandb-summary.json
2021-10-18 20:40:55,491 DEBUG   HandlerThread:15325 [handler.py:handle_request():126] handle_request: poll_exit
2021-10-18 20:40:55,492 DEBUG   SenderThread:15325 [sender.py:send_request():199] send_request: poll_exit
2021-10-18 20:40:55,585 INFO    Thread-16 :15325 [upload_job.py:push():137] Uploaded file /Users/rishanthrajendhran/Desktop/EigenGame/wandb/run-20211018_202814-jjxarqjd/files/conda-environment.yaml
2021-10-18 20:40:55,597 DEBUG   HandlerThread:15325 [handler.py:handle_request():126] handle_request: poll_exit
2021-10-18 20:40:55,597 DEBUG   SenderThread:15325 [sender.py:send_request():199] send_request: poll_exit
2021-10-18 20:40:55,704 DEBUG   HandlerThread:15325 [handler.py:handle_request():126] handle_request: poll_exit
2021-10-18 20:40:55,705 DEBUG   SenderThread:15325 [sender.py:send_request():199] send_request: poll_exit
2021-10-18 20:40:55,788 INFO    Thread-7  :15325 [sender.py:transition_state():319] send defer: 7
2021-10-18 20:40:55,789 DEBUG   HandlerThread:15325 [handler.py:handle_request():126] handle_request: defer
2021-10-18 20:40:55,789 INFO    HandlerThread:15325 [handler.py:handle_request_defer():143] handle defer: 7
2021-10-18 20:40:55,789 DEBUG   SenderThread:15325 [sender.py:send_request():199] send_request: defer
2021-10-18 20:40:55,789 INFO    SenderThread:15325 [sender.py:send_request_defer():315] handle sender defer: 7
2021-10-18 20:40:55,808 DEBUG   HandlerThread:15325 [handler.py:handle_request():126] handle_request: poll_exit
2021-10-18 20:40:56,465 INFO    SenderThread:15325 [sender.py:transition_state():319] send defer: 8
2021-10-18 20:40:56,465 DEBUG   SenderThread:15325 [sender.py:send_request():199] send_request: poll_exit
2021-10-18 20:40:56,467 DEBUG   HandlerThread:15325 [handler.py:handle_request():126] handle_request: defer
2021-10-18 20:40:56,467 INFO    HandlerThread:15325 [handler.py:handle_request_defer():143] handle defer: 8
2021-10-18 20:40:56,467 DEBUG   SenderThread:15325 [sender.py:send_request():199] send_request: defer
2021-10-18 20:40:56,467 INFO    SenderThread:15325 [sender.py:send_request_defer():315] handle sender defer: 8
2021-10-18 20:40:56,469 INFO    SenderThread:15325 [sender.py:transition_state():319] send defer: 9
2021-10-18 20:40:56,471 DEBUG   HandlerThread:15325 [handler.py:handle_request():126] handle_request: defer
2021-10-18 20:40:56,471 DEBUG   SenderThread:15325 [sender.py:send():185] send: final
2021-10-18 20:40:56,471 INFO    HandlerThread:15325 [handler.py:handle_request_defer():143] handle defer: 9
2021-10-18 20:40:56,472 DEBUG   SenderThread:15325 [sender.py:send():185] send: footer
2021-10-18 20:40:56,472 DEBUG   SenderThread:15325 [sender.py:send_request():199] send_request: defer
2021-10-18 20:40:56,472 INFO    SenderThread:15325 [sender.py:send_request_defer():315] handle sender defer: 9
2021-10-18 20:40:56,571 DEBUG   HandlerThread:15325 [handler.py:handle_request():126] handle_request: poll_exit
2021-10-18 20:40:56,572 DEBUG   SenderThread:15325 [sender.py:send_request():199] send_request: poll_exit
2021-10-18 20:40:56,572 INFO    SenderThread:15325 [file_pusher.py:join():182] waiting for file pusher
2021-10-18 20:40:57,161 DEBUG   HandlerThread:15325 [handler.py:handle_request():126] handle_request: get_summary
2021-10-18 20:40:57,165 DEBUG   HandlerThread:15325 [handler.py:handle_request():126] handle_request: sampled_history
2021-10-18 20:40:57,170 DEBUG   HandlerThread:15325 [handler.py:handle_request():126] handle_request: shutdown
2021-10-18 20:40:57,170 INFO    HandlerThread:15325 [handler.py:finish():683] shutting down handler
2021-10-18 20:40:57,477 INFO    WriterThread:15325 [datastore.py:close():281] close: /Users/rishanthrajendhran/Desktop/EigenGame/wandb/run-20211018_202814-jjxarqjd/run-jjxarqjd.wandb
2021-10-18 20:40:58,160 INFO    SenderThread:15325 [sender.py:finish():986] shutting down sender
2021-10-18 20:40:58,161 INFO    SenderThread:15325 [file_pusher.py:finish():177] shutting down file pusher
2021-10-18 20:40:58,161 INFO    SenderThread:15325 [file_pusher.py:join():182] waiting for file pusher
2021-10-18 20:40:58,207 INFO    MainThread:15325 [internal.py:handle_exit():76] Internal process exited
