2021-12-31 14:41:57,371 INFO    MainThread:86049 [internal.py:wandb_internal():89] W&B internal server running at pid: 86049, started at: 2021-12-31 14:41:57.371135
2021-12-31 14:41:57,373 DEBUG   HandlerThread:86049 [handler.py:handle_request():126] handle_request: check_version
2021-12-31 14:41:57,373 INFO    WriterThread:86049 [datastore.py:open_for_write():77] open: /Users/rishanthrajendhran/Desktop/EigenGame/wandb/run-20211231_144156-207ecov6/run-207ecov6.wandb
2021-12-31 14:41:57,374 DEBUG   SenderThread:86049 [sender.py:send():185] send: header
2021-12-31 14:41:57,375 DEBUG   SenderThread:86049 [sender.py:send_request():199] send_request: check_version
2021-12-31 14:41:57,486 DEBUG   SenderThread:86049 [sender.py:send():185] send: run
2021-12-31 14:41:57,890 INFO    SenderThread:86049 [dir_watcher.py:__init__():169] watching files in: /Users/rishanthrajendhran/Desktop/EigenGame/wandb/run-20211231_144156-207ecov6/files
2021-12-31 14:41:57,890 INFO    SenderThread:86049 [sender.py:_start_run_threads():749] run started: 207ecov6 with start time 1640941916
2021-12-31 14:41:57,891 DEBUG   SenderThread:86049 [sender.py:send():185] send: summary
2021-12-31 14:41:57,891 INFO    SenderThread:86049 [sender.py:_save_file():879] saving file wandb-summary.json with policy end
2021-12-31 14:41:57,893 DEBUG   HandlerThread:86049 [handler.py:handle_request():126] handle_request: run_start
2021-12-31 14:41:58,894 INFO    Thread-8  :86049 [dir_watcher.py:_on_file_created():217] file/dir created: /Users/rishanthrajendhran/Desktop/EigenGame/wandb/run-20211231_144156-207ecov6/files/wandb-summary.json
2021-12-31 14:42:01,255 DEBUG   HandlerThread:86049 [meta.py:__init__():40] meta init
2021-12-31 14:42:01,255 DEBUG   HandlerThread:86049 [meta.py:__init__():54] meta init done
2021-12-31 14:42:01,255 DEBUG   HandlerThread:86049 [meta.py:probe():211] probe
2021-12-31 14:42:01,257 DEBUG   HandlerThread:86049 [meta.py:_setup_git():201] setup git
2021-12-31 14:42:01,284 DEBUG   HandlerThread:86049 [meta.py:_setup_git():208] setup git done
2021-12-31 14:42:01,286 DEBUG   HandlerThread:86049 [meta.py:_save_pip():58] save pip
2021-12-31 14:42:01,287 DEBUG   HandlerThread:86049 [meta.py:_save_pip():72] save pip done
2021-12-31 14:42:01,287 DEBUG   HandlerThread:86049 [meta.py:_save_conda():79] save conda
2021-12-31 14:42:01,899 INFO    Thread-8  :86049 [dir_watcher.py:_on_file_created():217] file/dir created: /Users/rishanthrajendhran/Desktop/EigenGame/wandb/run-20211231_144156-207ecov6/files/conda-environment.yaml
2021-12-31 14:42:01,902 INFO    Thread-8  :86049 [dir_watcher.py:_on_file_created():217] file/dir created: /Users/rishanthrajendhran/Desktop/EigenGame/wandb/run-20211231_144156-207ecov6/files/requirements.txt
2021-12-31 14:42:02,903 INFO    Thread-8  :86049 [dir_watcher.py:_on_file_created():217] file/dir created: /Users/rishanthrajendhran/Desktop/EigenGame/wandb/run-20211231_144156-207ecov6/files/output.log
2021-12-31 14:42:05,910 INFO    Thread-8  :86049 [dir_watcher.py:_on_file_modified():230] file/dir modified: /Users/rishanthrajendhran/Desktop/EigenGame/wandb/run-20211231_144156-207ecov6/files/output.log
2021-12-31 14:42:09,843 DEBUG   HandlerThread:86049 [meta.py:_save_conda():87] save conda done
2021-12-31 14:42:09,843 DEBUG   HandlerThread:86049 [meta.py:probe():249] probe done
2021-12-31 14:42:09,848 DEBUG   HandlerThread:86049 [handler.py:handle_request():126] handle_request: stop_status
2021-12-31 14:42:09,848 DEBUG   SenderThread:86049 [sender.py:send_request():199] send_request: stop_status
2021-12-31 14:42:09,938 INFO    Thread-8  :86049 [dir_watcher.py:_on_file_modified():230] file/dir modified: /Users/rishanthrajendhran/Desktop/EigenGame/wandb/run-20211231_144156-207ecov6/files/conda-environment.yaml
2021-12-31 14:42:09,938 INFO    Thread-8  :86049 [dir_watcher.py:_on_file_created():217] file/dir created: /Users/rishanthrajendhran/Desktop/EigenGame/wandb/run-20211231_144156-207ecov6/files/wandb-metadata.json
2021-12-31 14:42:10,170 DEBUG   SenderThread:86049 [sender.py:send():185] send: run
2021-12-31 14:42:10,478 INFO    SenderThread:86049 [sender.py:send_run():643] updated run: 207ecov6
2021-12-31 14:42:10,478 DEBUG   SenderThread:86049 [sender.py:send():185] send: files
2021-12-31 14:42:10,479 INFO    SenderThread:86049 [sender.py:_save_file():879] saving file [10000, 7]_35000_7_1e-07 with policy live
2021-12-31 14:42:10,479 DEBUG   SenderThread:86049 [sender.py:send():185] send: files
2021-12-31 14:42:10,481 INFO    SenderThread:86049 [sender.py:_save_file():879] saving file wandb-metadata.json with policy now
2021-12-31 14:42:10,948 INFO    Thread-8  :86049 [dir_watcher.py:_on_file_modified():230] file/dir modified: /Users/rishanthrajendhran/Desktop/EigenGame/wandb/run-20211231_144156-207ecov6/files/config.yaml
2021-12-31 14:42:11,396 INFO    Thread-11 :86049 [upload_job.py:push():137] Uploaded file /var/folders/7m/2n3lfqqn4p9cb73mtczw0fy00000gn/T/tmp17ks0ixdwandb/3i06wy95-wandb-metadata.json
2021-12-31 14:42:25,175 DEBUG   HandlerThread:86049 [handler.py:handle_request():126] handle_request: stop_status
2021-12-31 14:42:25,175 DEBUG   SenderThread:86049 [sender.py:send_request():199] send_request: stop_status
2021-12-31 14:42:30,620 DEBUG   SenderThread:86049 [sender.py:send():185] send: stats
2021-12-31 14:42:40,535 DEBUG   HandlerThread:86049 [handler.py:handle_request():126] handle_request: stop_status
2021-12-31 14:42:40,536 DEBUG   SenderThread:86049 [sender.py:send_request():199] send_request: stop_status
2021-12-31 14:42:55,892 DEBUG   HandlerThread:86049 [handler.py:handle_request():126] handle_request: stop_status
2021-12-31 14:42:55,893 DEBUG   SenderThread:86049 [sender.py:send_request():199] send_request: stop_status
2021-12-31 14:43:02,075 DEBUG   SenderThread:86049 [sender.py:send():185] send: stats
2021-12-31 14:43:11,256 DEBUG   HandlerThread:86049 [handler.py:handle_request():126] handle_request: stop_status
2021-12-31 14:43:11,257 DEBUG   SenderThread:86049 [sender.py:send_request():199] send_request: stop_status
2021-12-31 14:43:26,616 DEBUG   HandlerThread:86049 [handler.py:handle_request():126] handle_request: stop_status
2021-12-31 14:43:26,616 DEBUG   SenderThread:86049 [sender.py:send_request():199] send_request: stop_status
2021-12-31 14:43:33,514 DEBUG   SenderThread:86049 [sender.py:send():185] send: stats
2021-12-31 14:43:41,974 DEBUG   HandlerThread:86049 [handler.py:handle_request():126] handle_request: stop_status
2021-12-31 14:43:41,974 DEBUG   SenderThread:86049 [sender.py:send_request():199] send_request: stop_status
2021-12-31 14:43:57,334 DEBUG   HandlerThread:86049 [handler.py:handle_request():126] handle_request: stop_status
2021-12-31 14:43:57,335 DEBUG   SenderThread:86049 [sender.py:send_request():199] send_request: stop_status
2021-12-31 14:44:08,816 ERROR   SenderThread:86049 [retry.py:__call__():126] Retry attempt failed:
Traceback (most recent call last):
  File "/Users/rishanthrajendhran/opt/anaconda3/lib/python3.7/site-packages/urllib3/connection.py", line 170, in _new_conn
    (self._dns_host, self.port), self.timeout, **extra_kw
  File "/Users/rishanthrajendhran/opt/anaconda3/lib/python3.7/site-packages/urllib3/util/connection.py", line 96, in create_connection
    raise err
  File "/Users/rishanthrajendhran/opt/anaconda3/lib/python3.7/site-packages/urllib3/util/connection.py", line 86, in create_connection
    sock.connect(sa)
OSError: [Errno 51] Network is unreachable

During handling of the above exception, another exception occurred:

Traceback (most recent call last):
  File "/Users/rishanthrajendhran/opt/anaconda3/lib/python3.7/site-packages/urllib3/connectionpool.py", line 706, in urlopen
    chunked=chunked,
  File "/Users/rishanthrajendhran/opt/anaconda3/lib/python3.7/site-packages/urllib3/connectionpool.py", line 382, in _make_request
    self._validate_conn(conn)
  File "/Users/rishanthrajendhran/opt/anaconda3/lib/python3.7/site-packages/urllib3/connectionpool.py", line 1010, in _validate_conn
    conn.connect()
  File "/Users/rishanthrajendhran/opt/anaconda3/lib/python3.7/site-packages/urllib3/connection.py", line 353, in connect
    conn = self._new_conn()
  File "/Users/rishanthrajendhran/opt/anaconda3/lib/python3.7/site-packages/urllib3/connection.py", line 182, in _new_conn
    self, "Failed to establish a new connection: %s" % e
urllib3.exceptions.NewConnectionError: <urllib3.connection.HTTPSConnection object at 0x7fd5be253990>: Failed to establish a new connection: [Errno 51] Network is unreachable

During handling of the above exception, another exception occurred:

Traceback (most recent call last):
  File "/Users/rishanthrajendhran/opt/anaconda3/lib/python3.7/site-packages/requests/adapters.py", line 449, in send
    timeout=timeout
  File "/Users/rishanthrajendhran/opt/anaconda3/lib/python3.7/site-packages/urllib3/connectionpool.py", line 756, in urlopen
    method, url, error=e, _pool=self, _stacktrace=sys.exc_info()[2]
  File "/Users/rishanthrajendhran/opt/anaconda3/lib/python3.7/site-packages/urllib3/util/retry.py", line 573, in increment
    raise MaxRetryError(_pool, url, error or ResponseError(cause))
urllib3.exceptions.MaxRetryError: HTTPSConnectionPool(host='api.wandb.ai', port=443): Max retries exceeded with url: /graphql (Caused by NewConnectionError('<urllib3.connection.HTTPSConnection object at 0x7fd5be253990>: Failed to establish a new connection: [Errno 51] Network is unreachable'))

During handling of the above exception, another exception occurred:

Traceback (most recent call last):
  File "/Users/rishanthrajendhran/opt/anaconda3/lib/python3.7/site-packages/wandb/sdk/lib/retry.py", line 102, in __call__
    result = self._call_fn(*args, **kwargs)
  File "/Users/rishanthrajendhran/opt/anaconda3/lib/python3.7/site-packages/wandb/sdk/internal/internal_api.py", line 132, in execute
    return self.client.execute(*args, **kwargs)
  File "/Users/rishanthrajendhran/opt/anaconda3/lib/python3.7/site-packages/wandb/vendor/gql-0.2.0/gql/client.py", line 52, in execute
    result = self._get_result(document, *args, **kwargs)
  File "/Users/rishanthrajendhran/opt/anaconda3/lib/python3.7/site-packages/wandb/vendor/gql-0.2.0/gql/client.py", line 60, in _get_result
    return self.transport.execute(document, *args, **kwargs)
  File "/Users/rishanthrajendhran/opt/anaconda3/lib/python3.7/site-packages/wandb/vendor/gql-0.2.0/gql/transport/requests.py", line 38, in execute
    request = requests.post(self.url, **post_args)
  File "/Users/rishanthrajendhran/opt/anaconda3/lib/python3.7/site-packages/requests/api.py", line 119, in post
    return request('post', url, data=data, json=json, **kwargs)
  File "/Users/rishanthrajendhran/opt/anaconda3/lib/python3.7/site-packages/requests/api.py", line 61, in request
    return session.request(method=method, url=url, **kwargs)
  File "/Users/rishanthrajendhran/opt/anaconda3/lib/python3.7/site-packages/requests/sessions.py", line 542, in request
    resp = self.send(prep, **send_kwargs)
  File "/Users/rishanthrajendhran/opt/anaconda3/lib/python3.7/site-packages/requests/sessions.py", line 655, in send
    r = adapter.send(request, **kwargs)
  File "/Users/rishanthrajendhran/opt/anaconda3/lib/python3.7/site-packages/requests/adapters.py", line 516, in send
    raise ConnectionError(e, request=request)
requests.exceptions.ConnectionError: HTTPSConnectionPool(host='api.wandb.ai', port=443): Max retries exceeded with url: /graphql (Caused by NewConnectionError('<urllib3.connection.HTTPSConnection object at 0x7fd5be253990>: Failed to establish a new connection: [Errno 51] Network is unreachable'))
2021-12-31 14:44:22,924 DEBUG   SenderThread:86049 [sender.py:send():185] send: stats
2021-12-31 14:44:23,704 INFO    Thread-8  :86049 [dir_watcher.py:_on_file_modified():230] file/dir modified: /Users/rishanthrajendhran/Desktop/EigenGame/wandb/run-20211231_144156-207ecov6/files/output.log
2021-12-31 14:44:36,553 DEBUG   SenderThread:86049 [sender.py:send():185] send: stats
2021-12-31 14:44:37,925 DEBUG   HandlerThread:86049 [handler.py:handle_request():126] handle_request: stop_status
2021-12-31 14:44:37,925 DEBUG   SenderThread:86049 [sender.py:send_request():199] send_request: stop_status
2021-12-31 14:44:53,201 DEBUG   HandlerThread:86049 [handler.py:handle_request():126] handle_request: stop_status
2021-12-31 14:44:53,201 DEBUG   SenderThread:86049 [sender.py:send_request():199] send_request: stop_status
2021-12-31 14:45:08,024 DEBUG   SenderThread:86049 [sender.py:send():185] send: stats
2021-12-31 14:45:08,476 DEBUG   HandlerThread:86049 [handler.py:handle_request():126] handle_request: stop_status
2021-12-31 14:45:08,476 DEBUG   SenderThread:86049 [sender.py:send_request():199] send_request: stop_status
2021-12-31 14:45:23,761 DEBUG   HandlerThread:86049 [handler.py:handle_request():126] handle_request: stop_status
2021-12-31 14:45:23,761 DEBUG   SenderThread:86049 [sender.py:send_request():199] send_request: stop_status
2021-12-31 14:45:27,562 DEBUG   SenderThread:86049 [sender.py:send():185] send: history
2021-12-31 14:45:27,562 DEBUG   SenderThread:86049 [sender.py:send():185] send: summary
2021-12-31 14:45:27,564 INFO    SenderThread:86049 [sender.py:_save_file():879] saving file wandb-summary.json with policy end
2021-12-31 14:45:28,093 INFO    Thread-8  :86049 [dir_watcher.py:_on_file_modified():230] file/dir modified: /Users/rishanthrajendhran/Desktop/EigenGame/wandb/run-20211231_144156-207ecov6/files/wandb-summary.json
2021-12-31 14:45:29,104 INFO    Thread-8  :86049 [dir_watcher.py:_on_file_modified():230] file/dir modified: /Users/rishanthrajendhran/Desktop/EigenGame/wandb/run-20211231_144156-207ecov6/files/output.log
2021-12-31 14:45:30,015 DEBUG   HandlerThread:86049 [handler.py:handle_request():126] handle_request: poll_exit
2021-12-31 14:45:30,015 DEBUG   SenderThread:86049 [sender.py:send():185] send: telemetry
2021-12-31 14:45:30,016 DEBUG   SenderThread:86049 [sender.py:send():185] send: exit
2021-12-31 14:45:30,016 INFO    SenderThread:86049 [sender.py:send_exit():294] handling exit code: 0
2021-12-31 14:45:30,016 INFO    SenderThread:86049 [sender.py:send_exit():296] handling runtime: 212
2021-12-31 14:45:30,017 INFO    SenderThread:86049 [sender.py:_save_file():879] saving file wandb-summary.json with policy end
2021-12-31 14:45:30,017 INFO    SenderThread:86049 [sender.py:send_exit():306] send defer
2021-12-31 14:45:30,018 DEBUG   SenderThread:86049 [sender.py:send_request():199] send_request: poll_exit
2021-12-31 14:45:30,018 DEBUG   HandlerThread:86049 [handler.py:handle_request():126] handle_request: defer
2021-12-31 14:45:30,018 INFO    HandlerThread:86049 [handler.py:handle_request_defer():143] handle defer: 0
2021-12-31 14:45:30,019 DEBUG   SenderThread:86049 [sender.py:send_request():199] send_request: defer
2021-12-31 14:45:30,019 INFO    SenderThread:86049 [sender.py:send_request_defer():315] handle sender defer: 0
2021-12-31 14:45:30,019 INFO    SenderThread:86049 [sender.py:transition_state():319] send defer: 1
2021-12-31 14:45:30,019 DEBUG   HandlerThread:86049 [handler.py:handle_request():126] handle_request: defer
2021-12-31 14:45:30,019 INFO    HandlerThread:86049 [handler.py:handle_request_defer():143] handle defer: 1
2021-12-31 14:45:30,083 DEBUG   SenderThread:86049 [sender.py:send_request():199] send_request: defer
2021-12-31 14:45:30,083 INFO    SenderThread:86049 [sender.py:send_request_defer():315] handle sender defer: 1
2021-12-31 14:45:30,083 INFO    SenderThread:86049 [sender.py:transition_state():319] send defer: 2
2021-12-31 14:45:30,084 DEBUG   SenderThread:86049 [sender.py:send():185] send: stats
2021-12-31 14:45:30,084 DEBUG   HandlerThread:86049 [handler.py:handle_request():126] handle_request: defer
2021-12-31 14:45:30,085 INFO    HandlerThread:86049 [handler.py:handle_request_defer():143] handle defer: 2
2021-12-31 14:45:30,085 DEBUG   SenderThread:86049 [sender.py:send_request():199] send_request: defer
2021-12-31 14:45:30,085 INFO    SenderThread:86049 [sender.py:send_request_defer():315] handle sender defer: 2
2021-12-31 14:45:30,085 INFO    SenderThread:86049 [sender.py:transition_state():319] send defer: 3
2021-12-31 14:45:30,086 DEBUG   HandlerThread:86049 [handler.py:handle_request():126] handle_request: defer
2021-12-31 14:45:30,086 INFO    HandlerThread:86049 [handler.py:handle_request_defer():143] handle defer: 3
2021-12-31 14:45:30,086 DEBUG   SenderThread:86049 [sender.py:send():185] send: summary
2021-12-31 14:45:30,087 INFO    SenderThread:86049 [sender.py:_save_file():879] saving file wandb-summary.json with policy end
2021-12-31 14:45:30,087 DEBUG   SenderThread:86049 [sender.py:send_request():199] send_request: defer
2021-12-31 14:45:30,087 INFO    SenderThread:86049 [sender.py:send_request_defer():315] handle sender defer: 3
2021-12-31 14:45:30,087 INFO    SenderThread:86049 [sender.py:transition_state():319] send defer: 4
2021-12-31 14:45:30,088 DEBUG   HandlerThread:86049 [handler.py:handle_request():126] handle_request: defer
2021-12-31 14:45:30,088 INFO    HandlerThread:86049 [handler.py:handle_request_defer():143] handle defer: 4
2021-12-31 14:45:30,088 DEBUG   SenderThread:86049 [sender.py:send_request():199] send_request: defer
2021-12-31 14:45:30,088 INFO    SenderThread:86049 [sender.py:send_request_defer():315] handle sender defer: 4
2021-12-31 14:45:30,109 INFO    Thread-8  :86049 [dir_watcher.py:_on_file_modified():230] file/dir modified: /Users/rishanthrajendhran/Desktop/EigenGame/wandb/run-20211231_144156-207ecov6/files/output.log
2021-12-31 14:45:30,110 INFO    Thread-8  :86049 [dir_watcher.py:_on_file_modified():230] file/dir modified: /Users/rishanthrajendhran/Desktop/EigenGame/wandb/run-20211231_144156-207ecov6/files/wandb-summary.json
2021-12-31 14:45:30,127 DEBUG   HandlerThread:86049 [handler.py:handle_request():126] handle_request: poll_exit
2021-12-31 14:45:30,480 INFO    SenderThread:86049 [sender.py:transition_state():319] send defer: 5
2021-12-31 14:45:30,480 DEBUG   SenderThread:86049 [sender.py:send_request():199] send_request: poll_exit
2021-12-31 14:45:30,481 DEBUG   HandlerThread:86049 [handler.py:handle_request():126] handle_request: defer
2021-12-31 14:45:30,481 INFO    HandlerThread:86049 [handler.py:handle_request_defer():143] handle defer: 5
2021-12-31 14:45:30,481 DEBUG   SenderThread:86049 [sender.py:send_request():199] send_request: defer
2021-12-31 14:45:30,481 INFO    SenderThread:86049 [sender.py:send_request_defer():315] handle sender defer: 5
2021-12-31 14:45:30,481 INFO    SenderThread:86049 [dir_watcher.py:finish():283] shutting down directory watcher
2021-12-31 14:45:30,589 DEBUG   HandlerThread:86049 [handler.py:handle_request():126] handle_request: poll_exit
2021-12-31 14:45:31,120 INFO    SenderThread:86049 [dir_watcher.py:_on_file_modified():230] file/dir modified: /Users/rishanthrajendhran/Desktop/EigenGame/wandb/run-20211231_144156-207ecov6/files/config.yaml
2021-12-31 14:45:31,121 INFO    SenderThread:86049 [dir_watcher.py:finish():313] scan: /Users/rishanthrajendhran/Desktop/EigenGame/wandb/run-20211231_144156-207ecov6/files
2021-12-31 14:45:31,121 INFO    SenderThread:86049 [dir_watcher.py:finish():327] scan save: /Users/rishanthrajendhran/Desktop/EigenGame/wandb/run-20211231_144156-207ecov6/files/requirements.txt requirements.txt
2021-12-31 14:45:31,122 INFO    SenderThread:86049 [dir_watcher.py:finish():327] scan save: /Users/rishanthrajendhran/Desktop/EigenGame/wandb/run-20211231_144156-207ecov6/files/output.log output.log
2021-12-31 14:45:31,125 INFO    SenderThread:86049 [dir_watcher.py:finish():327] scan save: /Users/rishanthrajendhran/Desktop/EigenGame/wandb/run-20211231_144156-207ecov6/files/config.yaml config.yaml
2021-12-31 14:45:31,126 INFO    SenderThread:86049 [dir_watcher.py:finish():327] scan save: /Users/rishanthrajendhran/Desktop/EigenGame/wandb/run-20211231_144156-207ecov6/files/wandb-summary.json wandb-summary.json
2021-12-31 14:45:31,129 INFO    SenderThread:86049 [dir_watcher.py:finish():327] scan save: /Users/rishanthrajendhran/Desktop/EigenGame/wandb/run-20211231_144156-207ecov6/files/conda-environment.yaml conda-environment.yaml
2021-12-31 14:45:31,136 INFO    SenderThread:86049 [dir_watcher.py:finish():327] scan save: /Users/rishanthrajendhran/Desktop/EigenGame/wandb/run-20211231_144156-207ecov6/files/wandb-metadata.json wandb-metadata.json
2021-12-31 14:45:31,136 INFO    SenderThread:86049 [sender.py:transition_state():319] send defer: 6
2021-12-31 14:45:31,136 DEBUG   SenderThread:86049 [sender.py:send_request():199] send_request: poll_exit
2021-12-31 14:45:31,137 DEBUG   HandlerThread:86049 [handler.py:handle_request():126] handle_request: defer
2021-12-31 14:45:31,138 INFO    HandlerThread:86049 [handler.py:handle_request_defer():143] handle defer: 6
2021-12-31 14:45:31,141 DEBUG   SenderThread:86049 [sender.py:send_request():199] send_request: defer
2021-12-31 14:45:31,141 INFO    SenderThread:86049 [sender.py:send_request_defer():315] handle sender defer: 6
2021-12-31 14:45:31,141 INFO    SenderThread:86049 [file_pusher.py:finish():177] shutting down file pusher
2021-12-31 14:45:31,243 DEBUG   HandlerThread:86049 [handler.py:handle_request():126] handle_request: poll_exit
2021-12-31 14:45:31,244 DEBUG   SenderThread:86049 [sender.py:send_request():199] send_request: poll_exit
2021-12-31 14:45:31,348 DEBUG   HandlerThread:86049 [handler.py:handle_request():126] handle_request: poll_exit
2021-12-31 14:45:31,349 DEBUG   SenderThread:86049 [sender.py:send_request():199] send_request: poll_exit
2021-12-31 14:45:31,451 DEBUG   HandlerThread:86049 [handler.py:handle_request():126] handle_request: poll_exit
2021-12-31 14:45:31,451 DEBUG   SenderThread:86049 [sender.py:send_request():199] send_request: poll_exit
2021-12-31 14:45:31,553 DEBUG   HandlerThread:86049 [handler.py:handle_request():126] handle_request: poll_exit
2021-12-31 14:45:31,554 DEBUG   SenderThread:86049 [sender.py:send_request():199] send_request: poll_exit
2021-12-31 14:45:31,664 DEBUG   HandlerThread:86049 [handler.py:handle_request():126] handle_request: poll_exit
2021-12-31 14:45:31,664 DEBUG   SenderThread:86049 [sender.py:send_request():199] send_request: poll_exit
2021-12-31 14:45:31,775 DEBUG   HandlerThread:86049 [handler.py:handle_request():126] handle_request: poll_exit
2021-12-31 14:45:31,775 DEBUG   SenderThread:86049 [sender.py:send_request():199] send_request: poll_exit
2021-12-31 14:45:31,885 DEBUG   HandlerThread:86049 [handler.py:handle_request():126] handle_request: poll_exit
2021-12-31 14:45:31,886 DEBUG   SenderThread:86049 [sender.py:send_request():199] send_request: poll_exit
2021-12-31 14:45:31,917 INFO    Thread-12 :86049 [upload_job.py:push():137] Uploaded file /Users/rishanthrajendhran/Desktop/EigenGame/wandb/run-20211231_144156-207ecov6/files/requirements.txt
2021-12-31 14:45:31,920 INFO    Thread-14 :86049 [upload_job.py:push():137] Uploaded file /Users/rishanthrajendhran/Desktop/EigenGame/wandb/run-20211231_144156-207ecov6/files/config.yaml
2021-12-31 14:45:31,930 INFO    Thread-15 :86049 [upload_job.py:push():137] Uploaded file /Users/rishanthrajendhran/Desktop/EigenGame/wandb/run-20211231_144156-207ecov6/files/wandb-summary.json
2021-12-31 14:45:31,940 INFO    Thread-13 :86049 [upload_job.py:push():137] Uploaded file /Users/rishanthrajendhran/Desktop/EigenGame/wandb/run-20211231_144156-207ecov6/files/output.log
2021-12-31 14:45:31,993 DEBUG   HandlerThread:86049 [handler.py:handle_request():126] handle_request: poll_exit
2021-12-31 14:45:31,994 DEBUG   SenderThread:86049 [sender.py:send_request():199] send_request: poll_exit
2021-12-31 14:45:32,019 INFO    Thread-16 :86049 [upload_job.py:push():137] Uploaded file /Users/rishanthrajendhran/Desktop/EigenGame/wandb/run-20211231_144156-207ecov6/files/conda-environment.yaml
2021-12-31 14:45:32,097 DEBUG   HandlerThread:86049 [handler.py:handle_request():126] handle_request: poll_exit
2021-12-31 14:45:32,097 DEBUG   SenderThread:86049 [sender.py:send_request():199] send_request: poll_exit
2021-12-31 14:45:32,208 DEBUG   HandlerThread:86049 [handler.py:handle_request():126] handle_request: poll_exit
2021-12-31 14:45:32,208 DEBUG   SenderThread:86049 [sender.py:send_request():199] send_request: poll_exit
2021-12-31 14:45:32,226 INFO    Thread-7  :86049 [sender.py:transition_state():319] send defer: 7
2021-12-31 14:45:32,227 DEBUG   HandlerThread:86049 [handler.py:handle_request():126] handle_request: defer
2021-12-31 14:45:32,227 INFO    HandlerThread:86049 [handler.py:handle_request_defer():143] handle defer: 7
2021-12-31 14:45:32,227 DEBUG   SenderThread:86049 [sender.py:send_request():199] send_request: defer
2021-12-31 14:45:32,228 INFO    SenderThread:86049 [sender.py:send_request_defer():315] handle sender defer: 7
2021-12-31 14:45:32,313 DEBUG   HandlerThread:86049 [handler.py:handle_request():126] handle_request: poll_exit
2021-12-31 14:45:32,824 INFO    SenderThread:86049 [sender.py:transition_state():319] send defer: 8
2021-12-31 14:45:32,824 DEBUG   SenderThread:86049 [sender.py:send_request():199] send_request: poll_exit
2021-12-31 14:45:32,825 DEBUG   HandlerThread:86049 [handler.py:handle_request():126] handle_request: defer
2021-12-31 14:45:32,825 INFO    HandlerThread:86049 [handler.py:handle_request_defer():143] handle defer: 8
2021-12-31 14:45:32,826 DEBUG   SenderThread:86049 [sender.py:send_request():199] send_request: defer
2021-12-31 14:45:32,826 INFO    SenderThread:86049 [sender.py:send_request_defer():315] handle sender defer: 8
2021-12-31 14:45:32,826 INFO    SenderThread:86049 [sender.py:transition_state():319] send defer: 9
2021-12-31 14:45:32,827 DEBUG   SenderThread:86049 [sender.py:send():185] send: final
2021-12-31 14:45:32,827 DEBUG   SenderThread:86049 [sender.py:send():185] send: footer
2021-12-31 14:45:32,828 DEBUG   HandlerThread:86049 [handler.py:handle_request():126] handle_request: defer
2021-12-31 14:45:32,828 INFO    HandlerThread:86049 [handler.py:handle_request_defer():143] handle defer: 9
2021-12-31 14:45:32,828 DEBUG   SenderThread:86049 [sender.py:send_request():199] send_request: defer
2021-12-31 14:45:32,828 INFO    SenderThread:86049 [sender.py:send_request_defer():315] handle sender defer: 9
2021-12-31 14:45:32,937 DEBUG   HandlerThread:86049 [handler.py:handle_request():126] handle_request: poll_exit
2021-12-31 14:45:32,937 DEBUG   SenderThread:86049 [sender.py:send_request():199] send_request: poll_exit
2021-12-31 14:45:32,937 INFO    SenderThread:86049 [file_pusher.py:join():182] waiting for file pusher
2021-12-31 14:45:33,723 DEBUG   HandlerThread:86049 [handler.py:handle_request():126] handle_request: get_summary
2021-12-31 14:45:33,724 DEBUG   HandlerThread:86049 [handler.py:handle_request():126] handle_request: sampled_history
2021-12-31 14:45:33,725 DEBUG   HandlerThread:86049 [handler.py:handle_request():126] handle_request: shutdown
2021-12-31 14:45:33,726 INFO    HandlerThread:86049 [handler.py:finish():683] shutting down handler
2021-12-31 14:45:33,838 INFO    WriterThread:86049 [datastore.py:close():281] close: /Users/rishanthrajendhran/Desktop/EigenGame/wandb/run-20211231_144156-207ecov6/run-207ecov6.wandb
2021-12-31 14:45:34,728 INFO    SenderThread:86049 [sender.py:finish():986] shutting down sender
2021-12-31 14:45:34,729 INFO    SenderThread:86049 [file_pusher.py:finish():177] shutting down file pusher
2021-12-31 14:45:34,729 INFO    SenderThread:86049 [file_pusher.py:join():182] waiting for file pusher
2021-12-31 14:45:34,734 INFO    MainThread:86049 [internal.py:handle_exit():76] Internal process exited
