2021-09-28 17:40:30,593 INFO    MainThread:45604 [internal.py:wandb_internal():89] W&B internal server running at pid: 45604, started at: 2021-09-28 17:40:30.593010
2021-09-28 17:40:30,595 INFO    WriterThread:45604 [datastore.py:open_for_write():77] open: /Users/rishanthrajendhran/Desktop/EigenGame/wandb/run-20210928_174029-nirdf6vx/run-nirdf6vx.wandb
2021-09-28 17:40:30,596 DEBUG   HandlerThread:45604 [handler.py:handle_request():126] handle_request: check_version
2021-09-28 17:40:30,600 DEBUG   SenderThread:45604 [sender.py:send():185] send: header
2021-09-28 17:40:30,600 DEBUG   SenderThread:45604 [sender.py:send_request():199] send_request: check_version
2021-09-28 17:40:30,783 DEBUG   SenderThread:45604 [sender.py:send():185] send: run
2021-09-28 17:40:31,333 INFO    SenderThread:45604 [dir_watcher.py:__init__():169] watching files in: /Users/rishanthrajendhran/Desktop/EigenGame/wandb/run-20210928_174029-nirdf6vx/files
2021-09-28 17:40:31,333 INFO    SenderThread:45604 [sender.py:_start_run_threads():749] run started: nirdf6vx with start time 1632831029
2021-09-28 17:40:31,333 DEBUG   SenderThread:45604 [sender.py:send():185] send: summary
2021-09-28 17:40:31,334 INFO    SenderThread:45604 [sender.py:_save_file():879] saving file wandb-summary.json with policy end
2021-09-28 17:40:31,334 DEBUG   HandlerThread:45604 [handler.py:handle_request():126] handle_request: run_start
2021-09-28 17:40:33,015 INFO    Thread-8  :45604 [dir_watcher.py:_on_file_created():217] file/dir created: /Users/rishanthrajendhran/Desktop/EigenGame/wandb/run-20210928_174029-nirdf6vx/files/wandb-summary.json
2021-09-28 17:40:36,525 DEBUG   HandlerThread:45604 [meta.py:__init__():40] meta init
2021-09-28 17:40:36,525 DEBUG   HandlerThread:45604 [meta.py:__init__():54] meta init done
2021-09-28 17:40:36,525 DEBUG   HandlerThread:45604 [meta.py:probe():211] probe
2021-09-28 17:40:36,526 DEBUG   HandlerThread:45604 [meta.py:_setup_git():201] setup git
2021-09-28 17:40:36,555 DEBUG   HandlerThread:45604 [meta.py:_setup_git():208] setup git done
2021-09-28 17:40:36,556 DEBUG   HandlerThread:45604 [meta.py:_save_pip():58] save pip
2021-09-28 17:40:36,559 DEBUG   HandlerThread:45604 [meta.py:_save_pip():72] save pip done
2021-09-28 17:40:36,559 DEBUG   HandlerThread:45604 [meta.py:_save_conda():79] save conda
2021-09-28 17:40:37,023 INFO    Thread-8  :45604 [dir_watcher.py:_on_file_created():217] file/dir created: /Users/rishanthrajendhran/Desktop/EigenGame/wandb/run-20210928_174029-nirdf6vx/files/output.log
2021-09-28 17:40:37,026 INFO    Thread-8  :45604 [dir_watcher.py:_on_file_created():217] file/dir created: /Users/rishanthrajendhran/Desktop/EigenGame/wandb/run-20210928_174029-nirdf6vx/files/conda-environment.yaml
2021-09-28 17:40:37,027 INFO    Thread-8  :45604 [dir_watcher.py:_on_file_created():217] file/dir created: /Users/rishanthrajendhran/Desktop/EigenGame/wandb/run-20210928_174029-nirdf6vx/files/requirements.txt
2021-09-28 17:40:39,030 INFO    Thread-8  :45604 [dir_watcher.py:_on_file_modified():230] file/dir modified: /Users/rishanthrajendhran/Desktop/EigenGame/wandb/run-20210928_174029-nirdf6vx/files/output.log
2021-09-28 17:40:44,707 DEBUG   HandlerThread:45604 [meta.py:_save_conda():87] save conda done
2021-09-28 17:40:44,708 DEBUG   HandlerThread:45604 [meta.py:probe():249] probe done
2021-09-28 17:40:44,714 DEBUG   HandlerThread:45604 [handler.py:handle_request():126] handle_request: stop_status
2021-09-28 17:40:44,715 DEBUG   SenderThread:45604 [sender.py:send_request():199] send_request: stop_status
2021-09-28 17:40:45,047 INFO    Thread-8  :45604 [dir_watcher.py:_on_file_modified():230] file/dir modified: /Users/rishanthrajendhran/Desktop/EigenGame/wandb/run-20210928_174029-nirdf6vx/files/conda-environment.yaml
2021-09-28 17:40:45,047 INFO    Thread-8  :45604 [dir_watcher.py:_on_file_created():217] file/dir created: /Users/rishanthrajendhran/Desktop/EigenGame/wandb/run-20210928_174029-nirdf6vx/files/wandb-metadata.json
2021-09-28 17:40:45,124 DEBUG   SenderThread:45604 [sender.py:send():185] send: run
2021-09-28 17:40:45,536 INFO    SenderThread:45604 [sender.py:send_run():643] updated run: nirdf6vx
2021-09-28 17:40:45,536 DEBUG   SenderThread:45604 [sender.py:send():185] send: files
2021-09-28 17:40:45,536 INFO    SenderThread:45604 [sender.py:_save_file():879] saving file [10000, 5]_35000_5_5e-05 with policy live
2021-09-28 17:40:45,538 DEBUG   SenderThread:45604 [sender.py:send():185] send: files
2021-09-28 17:40:45,539 INFO    SenderThread:45604 [sender.py:_save_file():879] saving file wandb-metadata.json with policy now
2021-09-28 17:40:46,051 INFO    Thread-8  :45604 [dir_watcher.py:_on_file_modified():230] file/dir modified: /Users/rishanthrajendhran/Desktop/EigenGame/wandb/run-20210928_174029-nirdf6vx/files/config.yaml
2021-09-28 17:40:46,351 INFO    Thread-11 :45604 [upload_job.py:push():137] Uploaded file /var/folders/7m/2n3lfqqn4p9cb73mtczw0fy00000gn/T/tmp_0diik_9wandb/1wuxxmtb-wandb-metadata.json
2021-09-28 17:41:00,130 DEBUG   HandlerThread:45604 [handler.py:handle_request():126] handle_request: stop_status
2021-09-28 17:41:00,130 DEBUG   SenderThread:45604 [sender.py:send_request():199] send_request: stop_status
2021-09-28 17:41:05,330 DEBUG   SenderThread:45604 [sender.py:send():185] send: stats
2021-09-28 17:41:15,485 DEBUG   HandlerThread:45604 [handler.py:handle_request():126] handle_request: stop_status
2021-09-28 17:41:15,486 DEBUG   SenderThread:45604 [sender.py:send_request():199] send_request: stop_status
2021-09-28 17:41:30,792 DEBUG   HandlerThread:45604 [handler.py:handle_request():126] handle_request: stop_status
2021-09-28 17:41:30,792 DEBUG   SenderThread:45604 [sender.py:send_request():199] send_request: stop_status
2021-09-28 17:42:04,449 ERROR   SenderThread:45604 [retry.py:__call__():126] Retry attempt failed:
Traceback (most recent call last):
  File "/Users/rishanthrajendhran/opt/anaconda3/lib/python3.7/site-packages/urllib3/connectionpool.py", line 445, in _make_request
    six.raise_from(e, None)
  File "<string>", line 3, in raise_from
  File "/Users/rishanthrajendhran/opt/anaconda3/lib/python3.7/site-packages/urllib3/connectionpool.py", line 440, in _make_request
    httplib_response = conn.getresponse()
  File "/Users/rishanthrajendhran/opt/anaconda3/lib/python3.7/http/client.py", line 1336, in getresponse
    response.begin()
  File "/Users/rishanthrajendhran/opt/anaconda3/lib/python3.7/http/client.py", line 306, in begin
    version, status, reason = self._read_status()
  File "/Users/rishanthrajendhran/opt/anaconda3/lib/python3.7/http/client.py", line 267, in _read_status
    line = str(self.fp.readline(_MAXLINE + 1), "iso-8859-1")
  File "/Users/rishanthrajendhran/opt/anaconda3/lib/python3.7/socket.py", line 589, in readinto
    return self._sock.recv_into(b)
  File "/Users/rishanthrajendhran/opt/anaconda3/lib/python3.7/ssl.py", line 1071, in recv_into
    return self.read(nbytes, buffer)
  File "/Users/rishanthrajendhran/opt/anaconda3/lib/python3.7/ssl.py", line 929, in read
    return self._sslobj.read(len, buffer)
socket.timeout: The read operation timed out

During handling of the above exception, another exception occurred:

Traceback (most recent call last):
  File "/Users/rishanthrajendhran/opt/anaconda3/lib/python3.7/site-packages/requests/adapters.py", line 449, in send
    timeout=timeout
  File "/Users/rishanthrajendhran/opt/anaconda3/lib/python3.7/site-packages/urllib3/connectionpool.py", line 756, in urlopen
    method, url, error=e, _pool=self, _stacktrace=sys.exc_info()[2]
  File "/Users/rishanthrajendhran/opt/anaconda3/lib/python3.7/site-packages/urllib3/util/retry.py", line 531, in increment
    raise six.reraise(type(error), error, _stacktrace)
  File "/Users/rishanthrajendhran/opt/anaconda3/lib/python3.7/site-packages/urllib3/packages/six.py", line 735, in reraise
    raise value
  File "/Users/rishanthrajendhran/opt/anaconda3/lib/python3.7/site-packages/urllib3/connectionpool.py", line 706, in urlopen
    chunked=chunked,
  File "/Users/rishanthrajendhran/opt/anaconda3/lib/python3.7/site-packages/urllib3/connectionpool.py", line 447, in _make_request
    self._raise_timeout(err=e, url=url, timeout_value=read_timeout)
  File "/Users/rishanthrajendhran/opt/anaconda3/lib/python3.7/site-packages/urllib3/connectionpool.py", line 337, in _raise_timeout
    self, url, "Read timed out. (read timeout=%s)" % timeout_value
urllib3.exceptions.ReadTimeoutError: HTTPSConnectionPool(host='api.wandb.ai', port=443): Read timed out. (read timeout=10)

During handling of the above exception, another exception occurred:

Traceback (most recent call last):
  File "/Users/rishanthrajendhran/opt/anaconda3/lib/python3.7/site-packages/wandb/sdk/lib/retry.py", line 102, in __call__
    result = self._call_fn(*args, **kwargs)
  File "/Users/rishanthrajendhran/opt/anaconda3/lib/python3.7/site-packages/wandb/sdk/internal/internal_api.py", line 132, in execute
    return self.client.execute(*args, **kwargs)
  File "/Users/rishanthrajendhran/opt/anaconda3/lib/python3.7/site-packages/wandb/vendor/gql-0.2.0/gql/client.py", line 52, in execute
    result = self._get_result(document, *args, **kwargs)
  File "/Users/rishanthrajendhran/opt/anaconda3/lib/python3.7/site-packages/wandb/vendor/gql-0.2.0/gql/client.py", line 60, in _get_result
    return self.transport.execute(document, *args, **kwargs)
  File "/Users/rishanthrajendhran/opt/anaconda3/lib/python3.7/site-packages/wandb/vendor/gql-0.2.0/gql/transport/requests.py", line 38, in execute
    request = requests.post(self.url, **post_args)
  File "/Users/rishanthrajendhran/opt/anaconda3/lib/python3.7/site-packages/requests/api.py", line 119, in post
    return request('post', url, data=data, json=json, **kwargs)
  File "/Users/rishanthrajendhran/opt/anaconda3/lib/python3.7/site-packages/requests/api.py", line 61, in request
    return session.request(method=method, url=url, **kwargs)
  File "/Users/rishanthrajendhran/opt/anaconda3/lib/python3.7/site-packages/requests/sessions.py", line 542, in request
    resp = self.send(prep, **send_kwargs)
  File "/Users/rishanthrajendhran/opt/anaconda3/lib/python3.7/site-packages/requests/sessions.py", line 655, in send
    r = adapter.send(request, **kwargs)
  File "/Users/rishanthrajendhran/opt/anaconda3/lib/python3.7/site-packages/requests/adapters.py", line 529, in send
    raise ReadTimeout(e, request=request)
requests.exceptions.ReadTimeout: HTTPSConnectionPool(host='api.wandb.ai', port=443): Read timed out. (read timeout=10)
2021-09-28 17:42:31,104 DEBUG   SenderThread:45604 [sender.py:send():185] send: stats
2021-09-28 17:42:31,104 DEBUG   SenderThread:45604 [sender.py:send():185] send: stats
2021-09-28 17:42:33,423 INFO    Thread-8  :45604 [dir_watcher.py:_on_file_modified():230] file/dir modified: /Users/rishanthrajendhran/Desktop/EigenGame/wandb/run-20210928_174029-nirdf6vx/files/output.log
2021-09-28 17:42:38,094 DEBUG   SenderThread:45604 [sender.py:send():185] send: stats
2021-09-28 17:42:46,108 DEBUG   HandlerThread:45604 [handler.py:handle_request():126] handle_request: stop_status
2021-09-28 17:42:46,109 DEBUG   SenderThread:45604 [sender.py:send_request():199] send_request: stop_status
2021-09-28 17:42:53,074 DEBUG   SenderThread:45604 [sender.py:send():185] send: history
2021-09-28 17:42:53,074 DEBUG   SenderThread:45604 [sender.py:send():185] send: summary
2021-09-28 17:42:53,075 INFO    SenderThread:45604 [sender.py:_save_file():879] saving file wandb-summary.json with policy end
2021-09-28 17:42:53,497 INFO    Thread-8  :45604 [dir_watcher.py:_on_file_modified():230] file/dir modified: /Users/rishanthrajendhran/Desktop/EigenGame/wandb/run-20210928_174029-nirdf6vx/files/wandb-summary.json
2021-09-28 17:42:54,500 INFO    Thread-8  :45604 [dir_watcher.py:_on_file_modified():230] file/dir modified: /Users/rishanthrajendhran/Desktop/EigenGame/wandb/run-20210928_174029-nirdf6vx/files/output.log
2021-09-28 17:42:55,200 DEBUG   SenderThread:45604 [sender.py:send():185] send: telemetry
2021-09-28 17:42:55,201 DEBUG   HandlerThread:45604 [handler.py:handle_request():126] handle_request: poll_exit
2021-09-28 17:42:55,202 DEBUG   SenderThread:45604 [sender.py:send():185] send: exit
2021-09-28 17:42:55,202 INFO    SenderThread:45604 [sender.py:send_exit():294] handling exit code: 0
2021-09-28 17:42:55,202 INFO    SenderThread:45604 [sender.py:send_exit():296] handling runtime: 143
2021-09-28 17:42:55,203 INFO    SenderThread:45604 [sender.py:_save_file():879] saving file wandb-summary.json with policy end
2021-09-28 17:42:55,203 INFO    SenderThread:45604 [sender.py:send_exit():306] send defer
2021-09-28 17:42:55,204 DEBUG   SenderThread:45604 [sender.py:send_request():199] send_request: poll_exit
2021-09-28 17:42:55,204 DEBUG   HandlerThread:45604 [handler.py:handle_request():126] handle_request: defer
2021-09-28 17:42:55,205 INFO    HandlerThread:45604 [handler.py:handle_request_defer():143] handle defer: 0
2021-09-28 17:42:55,205 DEBUG   SenderThread:45604 [sender.py:send_request():199] send_request: defer
2021-09-28 17:42:55,205 INFO    SenderThread:45604 [sender.py:send_request_defer():315] handle sender defer: 0
2021-09-28 17:42:55,205 INFO    SenderThread:45604 [sender.py:transition_state():319] send defer: 1
2021-09-28 17:42:55,206 DEBUG   HandlerThread:45604 [handler.py:handle_request():126] handle_request: defer
2021-09-28 17:42:55,206 INFO    HandlerThread:45604 [handler.py:handle_request_defer():143] handle defer: 1
2021-09-28 17:42:55,226 DEBUG   SenderThread:45604 [sender.py:send_request():199] send_request: defer
2021-09-28 17:42:55,226 INFO    SenderThread:45604 [sender.py:send_request_defer():315] handle sender defer: 1
2021-09-28 17:42:55,226 INFO    SenderThread:45604 [sender.py:transition_state():319] send defer: 2
2021-09-28 17:42:55,227 DEBUG   SenderThread:45604 [sender.py:send():185] send: stats
2021-09-28 17:42:55,228 DEBUG   HandlerThread:45604 [handler.py:handle_request():126] handle_request: defer
2021-09-28 17:42:55,228 INFO    HandlerThread:45604 [handler.py:handle_request_defer():143] handle defer: 2
2021-09-28 17:42:55,228 DEBUG   SenderThread:45604 [sender.py:send_request():199] send_request: defer
2021-09-28 17:42:55,229 INFO    SenderThread:45604 [sender.py:send_request_defer():315] handle sender defer: 2
2021-09-28 17:42:55,229 INFO    SenderThread:45604 [sender.py:transition_state():319] send defer: 3
2021-09-28 17:42:55,229 DEBUG   HandlerThread:45604 [handler.py:handle_request():126] handle_request: defer
2021-09-28 17:42:55,229 INFO    HandlerThread:45604 [handler.py:handle_request_defer():143] handle defer: 3
2021-09-28 17:42:55,230 DEBUG   SenderThread:45604 [sender.py:send():185] send: summary
2021-09-28 17:42:55,230 INFO    SenderThread:45604 [sender.py:_save_file():879] saving file wandb-summary.json with policy end
2021-09-28 17:42:55,231 DEBUG   SenderThread:45604 [sender.py:send_request():199] send_request: defer
2021-09-28 17:42:55,231 INFO    SenderThread:45604 [sender.py:send_request_defer():315] handle sender defer: 3
2021-09-28 17:42:55,231 INFO    SenderThread:45604 [sender.py:transition_state():319] send defer: 4
2021-09-28 17:42:55,231 DEBUG   HandlerThread:45604 [handler.py:handle_request():126] handle_request: defer
2021-09-28 17:42:55,231 INFO    HandlerThread:45604 [handler.py:handle_request_defer():143] handle defer: 4
2021-09-28 17:42:55,232 DEBUG   SenderThread:45604 [sender.py:send_request():199] send_request: defer
2021-09-28 17:42:55,232 INFO    SenderThread:45604 [sender.py:send_request_defer():315] handle sender defer: 4
2021-09-28 17:42:55,309 DEBUG   HandlerThread:45604 [handler.py:handle_request():126] handle_request: poll_exit
2021-09-28 17:42:55,502 INFO    Thread-8  :45604 [dir_watcher.py:_on_file_modified():230] file/dir modified: /Users/rishanthrajendhran/Desktop/EigenGame/wandb/run-20210928_174029-nirdf6vx/files/output.log
2021-09-28 17:42:55,503 INFO    Thread-8  :45604 [dir_watcher.py:_on_file_modified():230] file/dir modified: /Users/rishanthrajendhran/Desktop/EigenGame/wandb/run-20210928_174029-nirdf6vx/files/wandb-summary.json
2021-09-28 17:42:55,582 INFO    SenderThread:45604 [sender.py:transition_state():319] send defer: 5
2021-09-28 17:42:55,583 DEBUG   SenderThread:45604 [sender.py:send_request():199] send_request: poll_exit
2021-09-28 17:42:55,583 DEBUG   HandlerThread:45604 [handler.py:handle_request():126] handle_request: defer
2021-09-28 17:42:55,583 INFO    HandlerThread:45604 [handler.py:handle_request_defer():143] handle defer: 5
2021-09-28 17:42:55,584 DEBUG   SenderThread:45604 [sender.py:send_request():199] send_request: defer
2021-09-28 17:42:55,584 INFO    SenderThread:45604 [sender.py:send_request_defer():315] handle sender defer: 5
2021-09-28 17:42:55,584 INFO    SenderThread:45604 [dir_watcher.py:finish():283] shutting down directory watcher
2021-09-28 17:42:55,685 DEBUG   HandlerThread:45604 [handler.py:handle_request():126] handle_request: poll_exit
2021-09-28 17:42:56,508 INFO    Thread-8  :45604 [dir_watcher.py:_on_file_modified():230] file/dir modified: /Users/rishanthrajendhran/Desktop/EigenGame/wandb/run-20210928_174029-nirdf6vx/files/config.yaml
2021-09-28 17:42:56,510 INFO    SenderThread:45604 [dir_watcher.py:finish():313] scan: /Users/rishanthrajendhran/Desktop/EigenGame/wandb/run-20210928_174029-nirdf6vx/files
2021-09-28 17:42:56,510 INFO    SenderThread:45604 [dir_watcher.py:finish():327] scan save: /Users/rishanthrajendhran/Desktop/EigenGame/wandb/run-20210928_174029-nirdf6vx/files/requirements.txt requirements.txt
2021-09-28 17:42:56,510 INFO    SenderThread:45604 [dir_watcher.py:finish():327] scan save: /Users/rishanthrajendhran/Desktop/EigenGame/wandb/run-20210928_174029-nirdf6vx/files/output.log output.log
2021-09-28 17:42:56,516 INFO    SenderThread:45604 [dir_watcher.py:finish():327] scan save: /Users/rishanthrajendhran/Desktop/EigenGame/wandb/run-20210928_174029-nirdf6vx/files/config.yaml config.yaml
2021-09-28 17:42:56,520 INFO    SenderThread:45604 [dir_watcher.py:finish():327] scan save: /Users/rishanthrajendhran/Desktop/EigenGame/wandb/run-20210928_174029-nirdf6vx/files/wandb-summary.json wandb-summary.json
2021-09-28 17:42:56,521 INFO    SenderThread:45604 [dir_watcher.py:finish():327] scan save: /Users/rishanthrajendhran/Desktop/EigenGame/wandb/run-20210928_174029-nirdf6vx/files/conda-environment.yaml conda-environment.yaml
2021-09-28 17:42:56,528 INFO    SenderThread:45604 [dir_watcher.py:finish():327] scan save: /Users/rishanthrajendhran/Desktop/EigenGame/wandb/run-20210928_174029-nirdf6vx/files/wandb-metadata.json wandb-metadata.json
2021-09-28 17:42:56,528 INFO    SenderThread:45604 [sender.py:transition_state():319] send defer: 6
2021-09-28 17:42:56,528 DEBUG   SenderThread:45604 [sender.py:send_request():199] send_request: poll_exit
2021-09-28 17:42:56,529 DEBUG   HandlerThread:45604 [handler.py:handle_request():126] handle_request: defer
2021-09-28 17:42:56,530 INFO    HandlerThread:45604 [handler.py:handle_request_defer():143] handle defer: 6
2021-09-28 17:42:56,531 DEBUG   SenderThread:45604 [sender.py:send_request():199] send_request: defer
2021-09-28 17:42:56,531 INFO    SenderThread:45604 [sender.py:send_request_defer():315] handle sender defer: 6
2021-09-28 17:42:56,531 INFO    SenderThread:45604 [file_pusher.py:finish():177] shutting down file pusher
2021-09-28 17:42:56,631 DEBUG   HandlerThread:45604 [handler.py:handle_request():126] handle_request: poll_exit
2021-09-28 17:42:56,631 DEBUG   SenderThread:45604 [sender.py:send_request():199] send_request: poll_exit
2021-09-28 17:42:56,738 DEBUG   HandlerThread:45604 [handler.py:handle_request():126] handle_request: poll_exit
2021-09-28 17:42:56,739 DEBUG   SenderThread:45604 [sender.py:send_request():199] send_request: poll_exit
2021-09-28 17:42:56,842 DEBUG   HandlerThread:45604 [handler.py:handle_request():126] handle_request: poll_exit
2021-09-28 17:42:56,843 DEBUG   SenderThread:45604 [sender.py:send_request():199] send_request: poll_exit
2021-09-28 17:42:56,948 DEBUG   HandlerThread:45604 [handler.py:handle_request():126] handle_request: poll_exit
2021-09-28 17:42:56,948 DEBUG   SenderThread:45604 [sender.py:send_request():199] send_request: poll_exit
2021-09-28 17:42:57,055 DEBUG   HandlerThread:45604 [handler.py:handle_request():126] handle_request: poll_exit
2021-09-28 17:42:57,055 DEBUG   SenderThread:45604 [sender.py:send_request():199] send_request: poll_exit
2021-09-28 17:42:57,159 DEBUG   HandlerThread:45604 [handler.py:handle_request():126] handle_request: poll_exit
2021-09-28 17:42:57,159 DEBUG   SenderThread:45604 [sender.py:send_request():199] send_request: poll_exit
2021-09-28 17:42:57,266 DEBUG   HandlerThread:45604 [handler.py:handle_request():126] handle_request: poll_exit
2021-09-28 17:42:57,267 DEBUG   SenderThread:45604 [sender.py:send_request():199] send_request: poll_exit
2021-09-28 17:42:57,374 DEBUG   HandlerThread:45604 [handler.py:handle_request():126] handle_request: poll_exit
2021-09-28 17:42:57,375 DEBUG   SenderThread:45604 [sender.py:send_request():199] send_request: poll_exit
2021-09-28 17:42:57,478 DEBUG   HandlerThread:45604 [handler.py:handle_request():126] handle_request: poll_exit
2021-09-28 17:42:57,479 DEBUG   SenderThread:45604 [sender.py:send_request():199] send_request: poll_exit
2021-09-28 17:42:57,523 INFO    Thread-15 :45604 [upload_job.py:push():137] Uploaded file /Users/rishanthrajendhran/Desktop/EigenGame/wandb/run-20210928_174029-nirdf6vx/files/wandb-summary.json
2021-09-28 17:42:57,527 INFO    Thread-14 :45604 [upload_job.py:push():137] Uploaded file /Users/rishanthrajendhran/Desktop/EigenGame/wandb/run-20210928_174029-nirdf6vx/files/config.yaml
2021-09-28 17:42:57,530 INFO    Thread-13 :45604 [upload_job.py:push():137] Uploaded file /Users/rishanthrajendhran/Desktop/EigenGame/wandb/run-20210928_174029-nirdf6vx/files/output.log
2021-09-28 17:42:57,533 INFO    Thread-16 :45604 [upload_job.py:push():137] Uploaded file /Users/rishanthrajendhran/Desktop/EigenGame/wandb/run-20210928_174029-nirdf6vx/files/conda-environment.yaml
2021-09-28 17:42:57,535 INFO    Thread-12 :45604 [upload_job.py:push():137] Uploaded file /Users/rishanthrajendhran/Desktop/EigenGame/wandb/run-20210928_174029-nirdf6vx/files/requirements.txt
2021-09-28 17:42:57,586 DEBUG   HandlerThread:45604 [handler.py:handle_request():126] handle_request: poll_exit
2021-09-28 17:42:57,586 DEBUG   SenderThread:45604 [sender.py:send_request():199] send_request: poll_exit
2021-09-28 17:42:57,692 DEBUG   HandlerThread:45604 [handler.py:handle_request():126] handle_request: poll_exit
2021-09-28 17:42:57,693 DEBUG   SenderThread:45604 [sender.py:send_request():199] send_request: poll_exit
2021-09-28 17:42:57,739 INFO    Thread-7  :45604 [sender.py:transition_state():319] send defer: 7
2021-09-28 17:42:57,740 DEBUG   HandlerThread:45604 [handler.py:handle_request():126] handle_request: defer
2021-09-28 17:42:57,740 INFO    HandlerThread:45604 [handler.py:handle_request_defer():143] handle defer: 7
2021-09-28 17:42:57,741 DEBUG   SenderThread:45604 [sender.py:send_request():199] send_request: defer
2021-09-28 17:42:57,741 INFO    SenderThread:45604 [sender.py:send_request_defer():315] handle sender defer: 7
2021-09-28 17:42:57,800 DEBUG   HandlerThread:45604 [handler.py:handle_request():126] handle_request: poll_exit
2021-09-28 17:42:58,342 INFO    SenderThread:45604 [sender.py:transition_state():319] send defer: 8
2021-09-28 17:42:58,342 DEBUG   SenderThread:45604 [sender.py:send_request():199] send_request: poll_exit
2021-09-28 17:42:58,343 DEBUG   HandlerThread:45604 [handler.py:handle_request():126] handle_request: defer
2021-09-28 17:42:58,344 INFO    HandlerThread:45604 [handler.py:handle_request_defer():143] handle defer: 8
2021-09-28 17:42:58,344 DEBUG   SenderThread:45604 [sender.py:send_request():199] send_request: defer
2021-09-28 17:42:58,344 INFO    SenderThread:45604 [sender.py:send_request_defer():315] handle sender defer: 8
2021-09-28 17:42:58,344 INFO    SenderThread:45604 [sender.py:transition_state():319] send defer: 9
2021-09-28 17:42:58,345 DEBUG   HandlerThread:45604 [handler.py:handle_request():126] handle_request: defer
2021-09-28 17:42:58,346 INFO    HandlerThread:45604 [handler.py:handle_request_defer():143] handle defer: 9
2021-09-28 17:42:58,346 DEBUG   SenderThread:45604 [sender.py:send():185] send: final
2021-09-28 17:42:58,346 DEBUG   SenderThread:45604 [sender.py:send():185] send: footer
2021-09-28 17:42:58,346 DEBUG   SenderThread:45604 [sender.py:send_request():199] send_request: defer
2021-09-28 17:42:58,347 INFO    SenderThread:45604 [sender.py:send_request_defer():315] handle sender defer: 9
2021-09-28 17:42:58,449 DEBUG   HandlerThread:45604 [handler.py:handle_request():126] handle_request: poll_exit
2021-09-28 17:42:58,449 DEBUG   SenderThread:45604 [sender.py:send_request():199] send_request: poll_exit
2021-09-28 17:42:58,450 INFO    SenderThread:45604 [file_pusher.py:join():182] waiting for file pusher
2021-09-28 17:42:59,059 DEBUG   HandlerThread:45604 [handler.py:handle_request():126] handle_request: get_summary
2021-09-28 17:42:59,060 DEBUG   HandlerThread:45604 [handler.py:handle_request():126] handle_request: sampled_history
2021-09-28 17:42:59,062 DEBUG   HandlerThread:45604 [handler.py:handle_request():126] handle_request: shutdown
2021-09-28 17:42:59,062 INFO    HandlerThread:45604 [handler.py:finish():683] shutting down handler
2021-09-28 17:42:59,352 INFO    WriterThread:45604 [datastore.py:close():281] close: /Users/rishanthrajendhran/Desktop/EigenGame/wandb/run-20210928_174029-nirdf6vx/run-nirdf6vx.wandb
2021-09-28 17:43:00,060 INFO    SenderThread:45604 [sender.py:finish():985] shutting down sender
2021-09-28 17:43:00,061 INFO    SenderThread:45604 [file_pusher.py:finish():177] shutting down file pusher
2021-09-28 17:43:00,061 INFO    SenderThread:45604 [file_pusher.py:join():182] waiting for file pusher
2021-09-28 17:43:00,065 INFO    MainThread:45604 [internal.py:handle_exit():76] Internal process exited
