2021-09-28 16:48:32,729 INFO    MainThread:41790 [internal.py:wandb_internal():89] W&B internal server running at pid: 41790, started at: 2021-09-28 16:48:32.728941
2021-09-28 16:48:32,731 INFO    WriterThread:41790 [datastore.py:open_for_write():77] open: /Users/rishanthrajendhran/Desktop/EigenGame/wandb/run-20210928_164832-jzhdv89u/run-jzhdv89u.wandb
2021-09-28 16:48:32,731 DEBUG   HandlerThread:41790 [handler.py:handle_request():126] handle_request: check_version
2021-09-28 16:48:32,732 DEBUG   SenderThread:41790 [sender.py:send():185] send: header
2021-09-28 16:48:32,732 DEBUG   SenderThread:41790 [sender.py:send_request():199] send_request: check_version
2021-09-28 16:48:32,869 DEBUG   SenderThread:41790 [sender.py:send():185] send: run
2021-09-28 16:48:34,108 INFO    SenderThread:41790 [dir_watcher.py:__init__():169] watching files in: /Users/rishanthrajendhran/Desktop/EigenGame/wandb/run-20210928_164832-jzhdv89u/files
2021-09-28 16:48:34,108 INFO    SenderThread:41790 [sender.py:_start_run_threads():749] run started: jzhdv89u with start time 1632827912
2021-09-28 16:48:34,109 DEBUG   SenderThread:41790 [sender.py:send():185] send: summary
2021-09-28 16:48:34,109 INFO    SenderThread:41790 [sender.py:_save_file():879] saving file wandb-summary.json with policy end
2021-09-28 16:48:34,110 DEBUG   HandlerThread:41790 [handler.py:handle_request():126] handle_request: run_start
2021-09-28 16:48:35,157 INFO    Thread-8  :41790 [dir_watcher.py:_on_file_created():217] file/dir created: /Users/rishanthrajendhran/Desktop/EigenGame/wandb/run-20210928_164832-jzhdv89u/files/wandb-summary.json
2021-09-28 16:48:36,470 DEBUG   HandlerThread:41790 [meta.py:__init__():40] meta init
2021-09-28 16:48:36,470 DEBUG   HandlerThread:41790 [meta.py:__init__():54] meta init done
2021-09-28 16:48:36,470 DEBUG   HandlerThread:41790 [meta.py:probe():211] probe
2021-09-28 16:48:36,475 DEBUG   HandlerThread:41790 [meta.py:_setup_git():201] setup git
2021-09-28 16:48:36,499 DEBUG   HandlerThread:41790 [meta.py:_setup_git():208] setup git done
2021-09-28 16:48:36,500 DEBUG   HandlerThread:41790 [meta.py:_save_pip():58] save pip
2021-09-28 16:48:36,501 DEBUG   HandlerThread:41790 [meta.py:_save_pip():72] save pip done
2021-09-28 16:48:36,501 DEBUG   HandlerThread:41790 [meta.py:_save_conda():79] save conda
2021-09-28 16:48:37,161 INFO    Thread-8  :41790 [dir_watcher.py:_on_file_created():217] file/dir created: /Users/rishanthrajendhran/Desktop/EigenGame/wandb/run-20210928_164832-jzhdv89u/files/requirements.txt
2021-09-28 16:48:37,162 INFO    Thread-8  :41790 [dir_watcher.py:_on_file_created():217] file/dir created: /Users/rishanthrajendhran/Desktop/EigenGame/wandb/run-20210928_164832-jzhdv89u/files/conda-environment.yaml
2021-09-28 16:48:39,167 INFO    Thread-8  :41790 [dir_watcher.py:_on_file_created():217] file/dir created: /Users/rishanthrajendhran/Desktop/EigenGame/wandb/run-20210928_164832-jzhdv89u/files/output.log
2021-09-28 16:48:41,175 INFO    Thread-8  :41790 [dir_watcher.py:_on_file_modified():230] file/dir modified: /Users/rishanthrajendhran/Desktop/EigenGame/wandb/run-20210928_164832-jzhdv89u/files/output.log
2021-09-28 16:48:44,113 DEBUG   HandlerThread:41790 [meta.py:_save_conda():87] save conda done
2021-09-28 16:48:44,113 DEBUG   HandlerThread:41790 [meta.py:probe():249] probe done
2021-09-28 16:48:44,117 DEBUG   HandlerThread:41790 [handler.py:handle_request():126] handle_request: stop_status
2021-09-28 16:48:44,117 DEBUG   SenderThread:41790 [sender.py:send_request():199] send_request: stop_status
2021-09-28 16:48:44,182 INFO    Thread-8  :41790 [dir_watcher.py:_on_file_modified():230] file/dir modified: /Users/rishanthrajendhran/Desktop/EigenGame/wandb/run-20210928_164832-jzhdv89u/files/conda-environment.yaml
2021-09-28 16:48:44,182 INFO    Thread-8  :41790 [dir_watcher.py:_on_file_created():217] file/dir created: /Users/rishanthrajendhran/Desktop/EigenGame/wandb/run-20210928_164832-jzhdv89u/files/wandb-metadata.json
2021-09-28 16:48:44,439 DEBUG   SenderThread:41790 [sender.py:send():185] send: run
2021-09-28 16:48:45,183 INFO    Thread-8  :41790 [dir_watcher.py:_on_file_modified():230] file/dir modified: /Users/rishanthrajendhran/Desktop/EigenGame/wandb/run-20210928_164832-jzhdv89u/files/config.yaml
2021-09-28 16:48:45,981 INFO    SenderThread:41790 [sender.py:send_run():643] updated run: jzhdv89u
2021-09-28 16:48:45,981 DEBUG   SenderThread:41790 [sender.py:send():185] send: files
2021-09-28 16:48:45,981 INFO    SenderThread:41790 [sender.py:_save_file():879] saving file [10000, 5]_35000_5_0.005 with policy live
2021-09-28 16:48:45,982 DEBUG   SenderThread:41790 [sender.py:send():185] send: files
2021-09-28 16:48:45,983 INFO    SenderThread:41790 [sender.py:_save_file():879] saving file wandb-metadata.json with policy now
2021-09-28 16:48:46,894 INFO    Thread-11 :41790 [upload_job.py:push():137] Uploaded file /var/folders/7m/2n3lfqqn4p9cb73mtczw0fy00000gn/T/tmp3_f3o8xzwandb/ctfp4x13-wandb-metadata.json
2021-09-28 16:48:59,445 DEBUG   HandlerThread:41790 [handler.py:handle_request():126] handle_request: stop_status
2021-09-28 16:48:59,445 DEBUG   SenderThread:41790 [sender.py:send_request():199] send_request: stop_status
2021-09-28 16:49:05,238 DEBUG   SenderThread:41790 [sender.py:send():185] send: stats
2021-09-28 16:49:14,802 DEBUG   HandlerThread:41790 [handler.py:handle_request():126] handle_request: stop_status
2021-09-28 16:49:14,802 DEBUG   SenderThread:41790 [sender.py:send_request():199] send_request: stop_status
2021-09-28 16:49:30,160 DEBUG   HandlerThread:41790 [handler.py:handle_request():126] handle_request: stop_status
2021-09-28 16:49:30,160 DEBUG   SenderThread:41790 [sender.py:send_request():199] send_request: stop_status
2021-09-28 16:49:36,183 DEBUG   SenderThread:41790 [sender.py:send():185] send: stats
2021-09-28 16:49:45,529 DEBUG   HandlerThread:41790 [handler.py:handle_request():126] handle_request: stop_status
2021-09-28 16:49:45,530 DEBUG   SenderThread:41790 [sender.py:send_request():199] send_request: stop_status
2021-09-28 16:50:00,879 DEBUG   HandlerThread:41790 [handler.py:handle_request():126] handle_request: stop_status
2021-09-28 16:50:00,880 DEBUG   SenderThread:41790 [sender.py:send_request():199] send_request: stop_status
2021-09-28 16:50:06,986 DEBUG   SenderThread:41790 [sender.py:send():185] send: stats
2021-09-28 16:50:16,203 DEBUG   HandlerThread:41790 [handler.py:handle_request():126] handle_request: stop_status
2021-09-28 16:50:16,203 DEBUG   SenderThread:41790 [sender.py:send_request():199] send_request: stop_status
2021-09-28 16:50:31,503 DEBUG   HandlerThread:41790 [handler.py:handle_request():126] handle_request: stop_status
2021-09-28 16:50:31,503 DEBUG   SenderThread:41790 [sender.py:send_request():199] send_request: stop_status
2021-09-28 16:50:37,770 DEBUG   SenderThread:41790 [sender.py:send():185] send: stats
2021-09-28 16:50:46,794 DEBUG   HandlerThread:41790 [handler.py:handle_request():126] handle_request: stop_status
2021-09-28 16:50:46,794 DEBUG   SenderThread:41790 [sender.py:send_request():199] send_request: stop_status
2021-09-28 16:51:02,077 DEBUG   HandlerThread:41790 [handler.py:handle_request():126] handle_request: stop_status
2021-09-28 16:51:02,077 DEBUG   SenderThread:41790 [sender.py:send_request():199] send_request: stop_status
2021-09-28 16:51:08,555 DEBUG   SenderThread:41790 [sender.py:send():185] send: stats
2021-09-28 16:51:17,370 DEBUG   HandlerThread:41790 [handler.py:handle_request():126] handle_request: stop_status
2021-09-28 16:51:17,371 DEBUG   SenderThread:41790 [sender.py:send_request():199] send_request: stop_status
2021-09-28 16:51:32,659 DEBUG   HandlerThread:41790 [handler.py:handle_request():126] handle_request: stop_status
2021-09-28 16:51:32,660 DEBUG   SenderThread:41790 [sender.py:send_request():199] send_request: stop_status
2021-09-28 16:51:39,297 DEBUG   SenderThread:41790 [sender.py:send():185] send: stats
2021-09-28 16:51:47,596 DEBUG   SenderThread:41790 [sender.py:send():185] send: history
2021-09-28 16:51:47,597 DEBUG   SenderThread:41790 [sender.py:send():185] send: summary
2021-09-28 16:51:47,598 INFO    SenderThread:41790 [sender.py:_save_file():879] saving file wandb-summary.json with policy end
2021-09-28 16:51:47,753 INFO    Thread-8  :41790 [dir_watcher.py:_on_file_modified():230] file/dir modified: /Users/rishanthrajendhran/Desktop/EigenGame/wandb/run-20210928_164832-jzhdv89u/files/wandb-summary.json
2021-09-28 16:51:49,759 INFO    Thread-8  :41790 [dir_watcher.py:_on_file_modified():230] file/dir modified: /Users/rishanthrajendhran/Desktop/EigenGame/wandb/run-20210928_164832-jzhdv89u/files/output.log
2021-09-28 16:51:50,561 DEBUG   SenderThread:41790 [sender.py:send():185] send: telemetry
2021-09-28 16:51:50,562 DEBUG   HandlerThread:41790 [handler.py:handle_request():126] handle_request: poll_exit
2021-09-28 16:51:50,563 DEBUG   SenderThread:41790 [sender.py:send():185] send: exit
2021-09-28 16:51:50,563 INFO    SenderThread:41790 [sender.py:send_exit():294] handling exit code: 0
2021-09-28 16:51:50,565 INFO    SenderThread:41790 [sender.py:send_exit():296] handling runtime: 196
2021-09-28 16:51:50,566 INFO    SenderThread:41790 [sender.py:_save_file():879] saving file wandb-summary.json with policy end
2021-09-28 16:51:50,567 INFO    SenderThread:41790 [sender.py:send_exit():306] send defer
2021-09-28 16:51:50,567 DEBUG   SenderThread:41790 [sender.py:send_request():199] send_request: poll_exit
2021-09-28 16:51:50,568 DEBUG   HandlerThread:41790 [handler.py:handle_request():126] handle_request: defer
2021-09-28 16:51:50,568 INFO    HandlerThread:41790 [handler.py:handle_request_defer():143] handle defer: 0
2021-09-28 16:51:50,569 DEBUG   SenderThread:41790 [sender.py:send_request():199] send_request: defer
2021-09-28 16:51:50,569 INFO    SenderThread:41790 [sender.py:send_request_defer():315] handle sender defer: 0
2021-09-28 16:51:50,569 INFO    SenderThread:41790 [sender.py:transition_state():319] send defer: 1
2021-09-28 16:51:50,570 DEBUG   HandlerThread:41790 [handler.py:handle_request():126] handle_request: defer
2021-09-28 16:51:50,570 INFO    HandlerThread:41790 [handler.py:handle_request_defer():143] handle defer: 1
2021-09-28 16:51:50,593 DEBUG   SenderThread:41790 [sender.py:send_request():199] send_request: defer
2021-09-28 16:51:50,594 INFO    SenderThread:41790 [sender.py:send_request_defer():315] handle sender defer: 1
2021-09-28 16:51:50,594 INFO    SenderThread:41790 [sender.py:transition_state():319] send defer: 2
2021-09-28 16:51:50,595 DEBUG   SenderThread:41790 [sender.py:send():185] send: stats
2021-09-28 16:51:50,597 DEBUG   HandlerThread:41790 [handler.py:handle_request():126] handle_request: defer
2021-09-28 16:51:50,597 INFO    HandlerThread:41790 [handler.py:handle_request_defer():143] handle defer: 2
2021-09-28 16:51:50,598 DEBUG   SenderThread:41790 [sender.py:send_request():199] send_request: defer
2021-09-28 16:51:50,598 INFO    SenderThread:41790 [sender.py:send_request_defer():315] handle sender defer: 2
2021-09-28 16:51:50,598 INFO    SenderThread:41790 [sender.py:transition_state():319] send defer: 3
2021-09-28 16:51:50,598 DEBUG   HandlerThread:41790 [handler.py:handle_request():126] handle_request: defer
2021-09-28 16:51:50,599 INFO    HandlerThread:41790 [handler.py:handle_request_defer():143] handle defer: 3
2021-09-28 16:51:50,599 DEBUG   SenderThread:41790 [sender.py:send():185] send: summary
2021-09-28 16:51:50,599 INFO    SenderThread:41790 [sender.py:_save_file():879] saving file wandb-summary.json with policy end
2021-09-28 16:51:50,600 DEBUG   SenderThread:41790 [sender.py:send_request():199] send_request: defer
2021-09-28 16:51:50,600 INFO    SenderThread:41790 [sender.py:send_request_defer():315] handle sender defer: 3
2021-09-28 16:51:50,600 INFO    SenderThread:41790 [sender.py:transition_state():319] send defer: 4
2021-09-28 16:51:50,600 DEBUG   HandlerThread:41790 [handler.py:handle_request():126] handle_request: defer
2021-09-28 16:51:50,600 INFO    HandlerThread:41790 [handler.py:handle_request_defer():143] handle defer: 4
2021-09-28 16:51:50,600 DEBUG   SenderThread:41790 [sender.py:send_request():199] send_request: defer
2021-09-28 16:51:50,600 INFO    SenderThread:41790 [sender.py:send_request_defer():315] handle sender defer: 4
2021-09-28 16:51:50,675 DEBUG   HandlerThread:41790 [handler.py:handle_request():126] handle_request: poll_exit
2021-09-28 16:51:50,760 INFO    Thread-8  :41790 [dir_watcher.py:_on_file_modified():230] file/dir modified: /Users/rishanthrajendhran/Desktop/EigenGame/wandb/run-20210928_164832-jzhdv89u/files/output.log
2021-09-28 16:51:50,761 INFO    Thread-8  :41790 [dir_watcher.py:_on_file_modified():230] file/dir modified: /Users/rishanthrajendhran/Desktop/EigenGame/wandb/run-20210928_164832-jzhdv89u/files/wandb-summary.json
2021-09-28 16:51:55,778 DEBUG   HandlerThread:41790 [handler.py:handle_request():126] handle_request: poll_exit
2021-09-28 16:52:00,887 DEBUG   HandlerThread:41790 [handler.py:handle_request():126] handle_request: poll_exit
2021-09-28 16:52:05,997 DEBUG   HandlerThread:41790 [handler.py:handle_request():126] handle_request: poll_exit
2021-09-28 16:52:11,100 DEBUG   HandlerThread:41790 [handler.py:handle_request():126] handle_request: poll_exit
2021-09-28 16:52:16,208 DEBUG   HandlerThread:41790 [handler.py:handle_request():126] handle_request: poll_exit
2021-09-28 16:52:21,318 DEBUG   HandlerThread:41790 [handler.py:handle_request():126] handle_request: poll_exit
2021-09-28 16:52:23,945 ERROR   SenderThread:41790 [retry.py:__call__():126] Retry attempt failed:
Traceback (most recent call last):
  File "/Users/rishanthrajendhran/opt/anaconda3/lib/python3.7/site-packages/urllib3/connectionpool.py", line 445, in _make_request
    six.raise_from(e, None)
  File "<string>", line 3, in raise_from
  File "/Users/rishanthrajendhran/opt/anaconda3/lib/python3.7/site-packages/urllib3/connectionpool.py", line 440, in _make_request
    httplib_response = conn.getresponse()
  File "/Users/rishanthrajendhran/opt/anaconda3/lib/python3.7/http/client.py", line 1336, in getresponse
    response.begin()
  File "/Users/rishanthrajendhran/opt/anaconda3/lib/python3.7/http/client.py", line 306, in begin
    version, status, reason = self._read_status()
  File "/Users/rishanthrajendhran/opt/anaconda3/lib/python3.7/http/client.py", line 267, in _read_status
    line = str(self.fp.readline(_MAXLINE + 1), "iso-8859-1")
  File "/Users/rishanthrajendhran/opt/anaconda3/lib/python3.7/socket.py", line 589, in readinto
    return self._sock.recv_into(b)
  File "/Users/rishanthrajendhran/opt/anaconda3/lib/python3.7/ssl.py", line 1071, in recv_into
    return self.read(nbytes, buffer)
  File "/Users/rishanthrajendhran/opt/anaconda3/lib/python3.7/ssl.py", line 929, in read
    return self._sslobj.read(len, buffer)
socket.timeout: The read operation timed out

During handling of the above exception, another exception occurred:

Traceback (most recent call last):
  File "/Users/rishanthrajendhran/opt/anaconda3/lib/python3.7/site-packages/requests/adapters.py", line 449, in send
    timeout=timeout
  File "/Users/rishanthrajendhran/opt/anaconda3/lib/python3.7/site-packages/urllib3/connectionpool.py", line 756, in urlopen
    method, url, error=e, _pool=self, _stacktrace=sys.exc_info()[2]
  File "/Users/rishanthrajendhran/opt/anaconda3/lib/python3.7/site-packages/urllib3/util/retry.py", line 531, in increment
    raise six.reraise(type(error), error, _stacktrace)
  File "/Users/rishanthrajendhran/opt/anaconda3/lib/python3.7/site-packages/urllib3/packages/six.py", line 735, in reraise
    raise value
  File "/Users/rishanthrajendhran/opt/anaconda3/lib/python3.7/site-packages/urllib3/connectionpool.py", line 706, in urlopen
    chunked=chunked,
  File "/Users/rishanthrajendhran/opt/anaconda3/lib/python3.7/site-packages/urllib3/connectionpool.py", line 447, in _make_request
    self._raise_timeout(err=e, url=url, timeout_value=read_timeout)
  File "/Users/rishanthrajendhran/opt/anaconda3/lib/python3.7/site-packages/urllib3/connectionpool.py", line 337, in _raise_timeout
    self, url, "Read timed out. (read timeout=%s)" % timeout_value
urllib3.exceptions.ReadTimeoutError: HTTPSConnectionPool(host='api.wandb.ai', port=443): Read timed out. (read timeout=10)

During handling of the above exception, another exception occurred:

Traceback (most recent call last):
  File "/Users/rishanthrajendhran/opt/anaconda3/lib/python3.7/site-packages/wandb/sdk/lib/retry.py", line 102, in __call__
    result = self._call_fn(*args, **kwargs)
  File "/Users/rishanthrajendhran/opt/anaconda3/lib/python3.7/site-packages/wandb/sdk/internal/internal_api.py", line 132, in execute
    return self.client.execute(*args, **kwargs)
  File "/Users/rishanthrajendhran/opt/anaconda3/lib/python3.7/site-packages/wandb/vendor/gql-0.2.0/gql/client.py", line 52, in execute
    result = self._get_result(document, *args, **kwargs)
  File "/Users/rishanthrajendhran/opt/anaconda3/lib/python3.7/site-packages/wandb/vendor/gql-0.2.0/gql/client.py", line 60, in _get_result
    return self.transport.execute(document, *args, **kwargs)
  File "/Users/rishanthrajendhran/opt/anaconda3/lib/python3.7/site-packages/wandb/vendor/gql-0.2.0/gql/transport/requests.py", line 38, in execute
    request = requests.post(self.url, **post_args)
  File "/Users/rishanthrajendhran/opt/anaconda3/lib/python3.7/site-packages/requests/api.py", line 119, in post
    return request('post', url, data=data, json=json, **kwargs)
  File "/Users/rishanthrajendhran/opt/anaconda3/lib/python3.7/site-packages/requests/api.py", line 61, in request
    return session.request(method=method, url=url, **kwargs)
  File "/Users/rishanthrajendhran/opt/anaconda3/lib/python3.7/site-packages/requests/sessions.py", line 542, in request
    resp = self.send(prep, **send_kwargs)
  File "/Users/rishanthrajendhran/opt/anaconda3/lib/python3.7/site-packages/requests/sessions.py", line 655, in send
    r = adapter.send(request, **kwargs)
  File "/Users/rishanthrajendhran/opt/anaconda3/lib/python3.7/site-packages/requests/adapters.py", line 529, in send
    raise ReadTimeout(e, request=request)
requests.exceptions.ReadTimeout: HTTPSConnectionPool(host='api.wandb.ai', port=443): Read timed out. (read timeout=10)
2021-09-28 16:52:26,425 DEBUG   HandlerThread:41790 [handler.py:handle_request():126] handle_request: poll_exit
2021-09-28 16:52:31,533 DEBUG   HandlerThread:41790 [handler.py:handle_request():126] handle_request: poll_exit
2021-09-28 16:52:36,637 DEBUG   HandlerThread:41790 [handler.py:handle_request():126] handle_request: poll_exit
2021-09-28 16:52:41,743 DEBUG   HandlerThread:41790 [handler.py:handle_request():126] handle_request: poll_exit
2021-09-28 16:52:45,809 WARNING FileStreamThread:41790 [file_stream.py:request_with_retry():466] requests_with_retry encountered retryable exception: 500 Server Error: Internal Server Error for url: https://api.wandb.ai/files/rishanthrajendhran/eigengame/jzhdv89u/file_stream. func: <bound method Session.post of <requests.sessions.Session object at 0x7fd0ed3b36d0>>, args: ('https://api.wandb.ai/files/rishanthrajendhran/eigengame/jzhdv89u/file_stream',), kwargs: {'json': {'files': {'wandb-summary.json': {'offset': 0, 'content': ['{"distance_measure": 1.95, "_runtime": 195, "_timestamp": 1632828107, "_step": 0, "_wandb": {"runtime": 196}}']}, 'wandb-history.jsonl': {'offset': 0, 'content': ['{"distance_measure": 1.95, "_runtime": 195, "_timestamp": 1632828107, "_step": 0}']}, 'output.log': {'offset': 1, 'content': ['2021-09-28T11:21:49.075906 EigenVectors obtained through EigenGame:\n', '2021-09-28T11:21:49.075906 [[ 0.139 -0.699 -0.49  -0.184 -0.598]\n', '2021-09-28T11:21:49.075906  [ 0.077  0.142 -0.522  0.354 -0.072]\n', '2021-09-28T11:21:49.075906  [ 0.05  -0.116 -0.27   0.555 -0.511]\n', '2021-09-28T11:21:49.075906  [ 0.706  0.272 -0.432  0.089 -0.611]\n', '2021-09-28T11:21:49.075906  [ 0.689 -0.636 -0.478  0.725 -0.051]]\n', '2021-09-28T11:21:49.075906 EigenVectors obtained through numpy:\n', '2021-09-28T11:21:49.075906 [[-0.48  -0.603 -0.448 -0.382 -0.382]\n', '2021-09-28T11:21:49.075906  [-0.568  0.669 -0.449  0.094  0.094]\n', '2021-09-28T11:21:49.075906  [ 0.168 -0.357 -0.443  0.447  0.447]\n', '2021-09-28T11:21:49.075906  [ 0.563  0.242 -0.447 -0.641 -0.641]\n', '2021-09-28T11:21:49.075906  [ 0.321  0.044 -0.449  0.484  0.484]]\n', '2021-09-28T11:21:49.075906 Learning Rate : 0.005\n', '2021-09-28T11:21:49.075906 Distance measure: 1.95\n']}}, 'dropped': 0}}
2021-09-28 16:52:46,853 DEBUG   HandlerThread:41790 [handler.py:handle_request():126] handle_request: poll_exit
2021-09-28 16:52:51,960 DEBUG   HandlerThread:41790 [handler.py:handle_request():126] handle_request: poll_exit
2021-09-28 16:52:57,067 DEBUG   HandlerThread:41790 [handler.py:handle_request():126] handle_request: poll_exit
2021-09-28 16:53:02,176 DEBUG   HandlerThread:41790 [handler.py:handle_request():126] handle_request: poll_exit
2021-09-28 16:53:07,283 DEBUG   HandlerThread:41790 [handler.py:handle_request():126] handle_request: poll_exit
2021-09-28 16:53:12,392 DEBUG   HandlerThread:41790 [handler.py:handle_request():126] handle_request: poll_exit
2021-09-28 16:53:17,496 DEBUG   HandlerThread:41790 [handler.py:handle_request():126] handle_request: poll_exit
2021-09-28 16:53:22,602 DEBUG   HandlerThread:41790 [handler.py:handle_request():126] handle_request: poll_exit
2021-09-28 16:53:27,711 DEBUG   HandlerThread:41790 [handler.py:handle_request():126] handle_request: poll_exit
2021-09-28 16:53:32,821 DEBUG   HandlerThread:41790 [handler.py:handle_request():126] handle_request: poll_exit
2021-09-28 16:53:37,930 DEBUG   HandlerThread:41790 [handler.py:handle_request():126] handle_request: poll_exit
2021-09-28 16:53:43,035 DEBUG   HandlerThread:41790 [handler.py:handle_request():126] handle_request: poll_exit
2021-09-28 16:53:43,433 WARNING FileStreamThread:41790 [file_stream.py:request_with_retry():466] requests_with_retry encountered retryable exception: 500 Server Error: Internal Server Error for url: https://api.wandb.ai/files/rishanthrajendhran/eigengame/jzhdv89u/file_stream. func: <bound method Session.post of <requests.sessions.Session object at 0x7fd0ed3b36d0>>, args: ('https://api.wandb.ai/files/rishanthrajendhran/eigengame/jzhdv89u/file_stream',), kwargs: {'json': {'files': {'wandb-summary.json': {'offset': 0, 'content': ['{"distance_measure": 1.95, "_runtime": 195, "_timestamp": 1632828107, "_step": 0, "_wandb": {"runtime": 196}}']}, 'wandb-history.jsonl': {'offset': 0, 'content': ['{"distance_measure": 1.95, "_runtime": 195, "_timestamp": 1632828107, "_step": 0}']}, 'output.log': {'offset': 1, 'content': ['2021-09-28T11:21:49.075906 EigenVectors obtained through EigenGame:\n', '2021-09-28T11:21:49.075906 [[ 0.139 -0.699 -0.49  -0.184 -0.598]\n', '2021-09-28T11:21:49.075906  [ 0.077  0.142 -0.522  0.354 -0.072]\n', '2021-09-28T11:21:49.075906  [ 0.05  -0.116 -0.27   0.555 -0.511]\n', '2021-09-28T11:21:49.075906  [ 0.706  0.272 -0.432  0.089 -0.611]\n', '2021-09-28T11:21:49.075906  [ 0.689 -0.636 -0.478  0.725 -0.051]]\n', '2021-09-28T11:21:49.075906 EigenVectors obtained through numpy:\n', '2021-09-28T11:21:49.075906 [[-0.48  -0.603 -0.448 -0.382 -0.382]\n', '2021-09-28T11:21:49.075906  [-0.568  0.669 -0.449  0.094  0.094]\n', '2021-09-28T11:21:49.075906  [ 0.168 -0.357 -0.443  0.447  0.447]\n', '2021-09-28T11:21:49.075906  [ 0.563  0.242 -0.447 -0.641 -0.641]\n', '2021-09-28T11:21:49.075906  [ 0.321  0.044 -0.449  0.484  0.484]]\n', '2021-09-28T11:21:49.075906 Learning Rate : 0.005\n', '2021-09-28T11:21:49.075906 Distance measure: 1.95\n']}}, 'dropped': 0}}
2021-09-28 16:53:48,144 DEBUG   HandlerThread:41790 [handler.py:handle_request():126] handle_request: poll_exit
2021-09-28 16:53:53,249 DEBUG   HandlerThread:41790 [handler.py:handle_request():126] handle_request: poll_exit
2021-09-28 16:53:58,357 DEBUG   HandlerThread:41790 [handler.py:handle_request():126] handle_request: poll_exit
2021-09-28 16:54:03,466 DEBUG   HandlerThread:41790 [handler.py:handle_request():126] handle_request: poll_exit
2021-09-28 16:54:08,573 DEBUG   HandlerThread:41790 [handler.py:handle_request():126] handle_request: poll_exit
2021-09-28 16:54:13,683 DEBUG   HandlerThread:41790 [handler.py:handle_request():126] handle_request: poll_exit
2021-09-28 16:54:18,791 DEBUG   HandlerThread:41790 [handler.py:handle_request():126] handle_request: poll_exit
2021-09-28 16:54:23,899 DEBUG   HandlerThread:41790 [handler.py:handle_request():126] handle_request: poll_exit
2021-09-28 16:54:29,007 DEBUG   HandlerThread:41790 [handler.py:handle_request():126] handle_request: poll_exit
2021-09-28 16:54:34,108 DEBUG   HandlerThread:41790 [handler.py:handle_request():126] handle_request: poll_exit
2021-09-28 16:54:39,217 DEBUG   HandlerThread:41790 [handler.py:handle_request():126] handle_request: poll_exit
2021-09-28 16:54:44,326 DEBUG   HandlerThread:41790 [handler.py:handle_request():126] handle_request: poll_exit
2021-09-28 16:54:49,434 DEBUG   HandlerThread:41790 [handler.py:handle_request():126] handle_request: poll_exit
2021-09-28 16:54:54,539 DEBUG   HandlerThread:41790 [handler.py:handle_request():126] handle_request: poll_exit
2021-09-28 16:54:59,647 DEBUG   HandlerThread:41790 [handler.py:handle_request():126] handle_request: poll_exit
2021-09-28 16:55:04,755 DEBUG   HandlerThread:41790 [handler.py:handle_request():126] handle_request: poll_exit
2021-09-28 16:55:09,865 DEBUG   HandlerThread:41790 [handler.py:handle_request():126] handle_request: poll_exit
2021-09-28 16:55:14,968 DEBUG   HandlerThread:41790 [handler.py:handle_request():126] handle_request: poll_exit
2021-09-28 16:55:19,614 INFO    SenderThread:41790 [sender.py:transition_state():319] send defer: 5
2021-09-28 16:55:19,615 DEBUG   SenderThread:41790 [sender.py:send_request():199] send_request: poll_exit
2021-09-28 16:55:19,615 DEBUG   SenderThread:41790 [sender.py:send_request():199] send_request: poll_exit
2021-09-28 16:55:19,615 DEBUG   SenderThread:41790 [sender.py:send_request():199] send_request: poll_exit
2021-09-28 16:55:19,615 DEBUG   SenderThread:41790 [sender.py:send_request():199] send_request: poll_exit
2021-09-28 16:55:19,615 DEBUG   SenderThread:41790 [sender.py:send_request():199] send_request: poll_exit
2021-09-28 16:55:19,615 DEBUG   SenderThread:41790 [sender.py:send_request():199] send_request: poll_exit
2021-09-28 16:55:19,615 DEBUG   SenderThread:41790 [sender.py:send_request():199] send_request: poll_exit
2021-09-28 16:55:19,616 DEBUG   SenderThread:41790 [sender.py:send_request():199] send_request: poll_exit
2021-09-28 16:55:19,616 DEBUG   SenderThread:41790 [sender.py:send_request():199] send_request: poll_exit
2021-09-28 16:55:19,616 DEBUG   SenderThread:41790 [sender.py:send_request():199] send_request: poll_exit
2021-09-28 16:55:19,616 DEBUG   SenderThread:41790 [sender.py:send_request():199] send_request: poll_exit
2021-09-28 16:55:19,616 DEBUG   SenderThread:41790 [sender.py:send_request():199] send_request: poll_exit
2021-09-28 16:55:19,616 DEBUG   SenderThread:41790 [sender.py:send_request():199] send_request: poll_exit
2021-09-28 16:55:19,616 DEBUG   SenderThread:41790 [sender.py:send_request():199] send_request: poll_exit
2021-09-28 16:55:19,616 DEBUG   SenderThread:41790 [sender.py:send_request():199] send_request: poll_exit
2021-09-28 16:55:19,616 DEBUG   SenderThread:41790 [sender.py:send_request():199] send_request: poll_exit
2021-09-28 16:55:19,617 DEBUG   SenderThread:41790 [sender.py:send_request():199] send_request: poll_exit
2021-09-28 16:55:19,617 DEBUG   SenderThread:41790 [sender.py:send_request():199] send_request: poll_exit
2021-09-28 16:55:19,617 DEBUG   HandlerThread:41790 [handler.py:handle_request():126] handle_request: defer
2021-09-28 16:55:19,618 DEBUG   SenderThread:41790 [sender.py:send_request():199] send_request: poll_exit
2021-09-28 16:55:19,618 INFO    HandlerThread:41790 [handler.py:handle_request_defer():143] handle defer: 5
2021-09-28 16:55:19,618 DEBUG   SenderThread:41790 [sender.py:send_request():199] send_request: poll_exit
2021-09-28 16:55:19,619 DEBUG   SenderThread:41790 [sender.py:send_request():199] send_request: poll_exit
2021-09-28 16:55:19,619 DEBUG   SenderThread:41790 [sender.py:send_request():199] send_request: poll_exit
2021-09-28 16:55:19,619 DEBUG   SenderThread:41790 [sender.py:send_request():199] send_request: poll_exit
2021-09-28 16:55:19,619 DEBUG   SenderThread:41790 [sender.py:send_request():199] send_request: poll_exit
2021-09-28 16:55:19,620 DEBUG   SenderThread:41790 [sender.py:send_request():199] send_request: poll_exit
2021-09-28 16:55:19,620 DEBUG   SenderThread:41790 [sender.py:send_request():199] send_request: poll_exit
2021-09-28 16:55:19,620 DEBUG   SenderThread:41790 [sender.py:send_request():199] send_request: poll_exit
2021-09-28 16:55:19,620 DEBUG   SenderThread:41790 [sender.py:send_request():199] send_request: poll_exit
2021-09-28 16:55:19,620 DEBUG   SenderThread:41790 [sender.py:send_request():199] send_request: poll_exit
2021-09-28 16:55:19,620 DEBUG   SenderThread:41790 [sender.py:send_request():199] send_request: poll_exit
2021-09-28 16:55:19,620 DEBUG   SenderThread:41790 [sender.py:send_request():199] send_request: poll_exit
2021-09-28 16:55:19,620 DEBUG   SenderThread:41790 [sender.py:send_request():199] send_request: poll_exit
2021-09-28 16:55:19,621 DEBUG   SenderThread:41790 [sender.py:send_request():199] send_request: poll_exit
2021-09-28 16:55:19,621 DEBUG   SenderThread:41790 [sender.py:send_request():199] send_request: poll_exit
2021-09-28 16:55:19,621 DEBUG   SenderThread:41790 [sender.py:send_request():199] send_request: poll_exit
2021-09-28 16:55:19,621 DEBUG   SenderThread:41790 [sender.py:send_request():199] send_request: poll_exit
2021-09-28 16:55:19,621 DEBUG   SenderThread:41790 [sender.py:send_request():199] send_request: poll_exit
2021-09-28 16:55:19,621 DEBUG   SenderThread:41790 [sender.py:send_request():199] send_request: poll_exit
2021-09-28 16:55:19,621 DEBUG   SenderThread:41790 [sender.py:send_request():199] send_request: poll_exit
2021-09-28 16:55:19,622 DEBUG   SenderThread:41790 [sender.py:send_request():199] send_request: poll_exit
2021-09-28 16:55:19,622 DEBUG   SenderThread:41790 [sender.py:send_request():199] send_request: poll_exit
2021-09-28 16:55:19,622 DEBUG   SenderThread:41790 [sender.py:send_request():199] send_request: defer
2021-09-28 16:55:19,622 INFO    SenderThread:41790 [sender.py:send_request_defer():315] handle sender defer: 5
2021-09-28 16:55:19,622 INFO    SenderThread:41790 [dir_watcher.py:finish():283] shutting down directory watcher
2021-09-28 16:55:19,725 DEBUG   HandlerThread:41790 [handler.py:handle_request():126] handle_request: poll_exit
2021-09-28 16:55:20,494 INFO    SenderThread:41790 [dir_watcher.py:_on_file_modified():230] file/dir modified: /Users/rishanthrajendhran/Desktop/EigenGame/wandb/run-20210928_164832-jzhdv89u/files/config.yaml
2021-09-28 16:55:20,494 INFO    SenderThread:41790 [dir_watcher.py:finish():313] scan: /Users/rishanthrajendhran/Desktop/EigenGame/wandb/run-20210928_164832-jzhdv89u/files
2021-09-28 16:55:20,495 INFO    SenderThread:41790 [dir_watcher.py:finish():327] scan save: /Users/rishanthrajendhran/Desktop/EigenGame/wandb/run-20210928_164832-jzhdv89u/files/requirements.txt requirements.txt
2021-09-28 16:55:20,495 INFO    SenderThread:41790 [dir_watcher.py:finish():327] scan save: /Users/rishanthrajendhran/Desktop/EigenGame/wandb/run-20210928_164832-jzhdv89u/files/output.log output.log
2021-09-28 16:55:20,499 INFO    SenderThread:41790 [dir_watcher.py:finish():327] scan save: /Users/rishanthrajendhran/Desktop/EigenGame/wandb/run-20210928_164832-jzhdv89u/files/config.yaml config.yaml
2021-09-28 16:55:20,503 INFO    SenderThread:41790 [dir_watcher.py:finish():327] scan save: /Users/rishanthrajendhran/Desktop/EigenGame/wandb/run-20210928_164832-jzhdv89u/files/wandb-summary.json wandb-summary.json
2021-09-28 16:55:20,505 INFO    SenderThread:41790 [dir_watcher.py:finish():327] scan save: /Users/rishanthrajendhran/Desktop/EigenGame/wandb/run-20210928_164832-jzhdv89u/files/conda-environment.yaml conda-environment.yaml
2021-09-28 16:55:20,509 INFO    SenderThread:41790 [dir_watcher.py:finish():327] scan save: /Users/rishanthrajendhran/Desktop/EigenGame/wandb/run-20210928_164832-jzhdv89u/files/wandb-metadata.json wandb-metadata.json
2021-09-28 16:55:20,510 INFO    SenderThread:41790 [sender.py:transition_state():319] send defer: 6
2021-09-28 16:55:20,510 DEBUG   SenderThread:41790 [sender.py:send_request():199] send_request: poll_exit
2021-09-28 16:55:20,515 DEBUG   HandlerThread:41790 [handler.py:handle_request():126] handle_request: defer
2021-09-28 16:55:20,523 INFO    HandlerThread:41790 [handler.py:handle_request_defer():143] handle defer: 6
2021-09-28 16:55:20,525 DEBUG   SenderThread:41790 [sender.py:send_request():199] send_request: defer
2021-09-28 16:55:20,525 INFO    SenderThread:41790 [sender.py:send_request_defer():315] handle sender defer: 6
2021-09-28 16:55:20,525 INFO    SenderThread:41790 [file_pusher.py:finish():177] shutting down file pusher
2021-09-28 16:55:20,619 DEBUG   HandlerThread:41790 [handler.py:handle_request():126] handle_request: poll_exit
2021-09-28 16:55:20,619 DEBUG   SenderThread:41790 [sender.py:send_request():199] send_request: poll_exit
2021-09-28 16:55:20,723 DEBUG   HandlerThread:41790 [handler.py:handle_request():126] handle_request: poll_exit
2021-09-28 16:55:20,724 DEBUG   SenderThread:41790 [sender.py:send_request():199] send_request: poll_exit
2021-09-28 16:55:20,831 DEBUG   HandlerThread:41790 [handler.py:handle_request():126] handle_request: poll_exit
2021-09-28 16:55:20,832 DEBUG   SenderThread:41790 [sender.py:send_request():199] send_request: poll_exit
2021-09-28 16:55:20,940 DEBUG   HandlerThread:41790 [handler.py:handle_request():126] handle_request: poll_exit
2021-09-28 16:55:20,940 DEBUG   SenderThread:41790 [sender.py:send_request():199] send_request: poll_exit
2021-09-28 16:55:21,044 DEBUG   HandlerThread:41790 [handler.py:handle_request():126] handle_request: poll_exit
2021-09-28 16:55:21,044 DEBUG   SenderThread:41790 [sender.py:send_request():199] send_request: poll_exit
2021-09-28 16:55:21,151 DEBUG   HandlerThread:41790 [handler.py:handle_request():126] handle_request: poll_exit
2021-09-28 16:55:21,151 DEBUG   SenderThread:41790 [sender.py:send_request():199] send_request: poll_exit
2021-09-28 16:55:21,257 DEBUG   HandlerThread:41790 [handler.py:handle_request():126] handle_request: poll_exit
2021-09-28 16:55:21,258 DEBUG   SenderThread:41790 [sender.py:send_request():199] send_request: poll_exit
2021-09-28 16:55:21,361 INFO    Thread-14 :41790 [upload_job.py:push():137] Uploaded file /Users/rishanthrajendhran/Desktop/EigenGame/wandb/run-20210928_164832-jzhdv89u/files/config.yaml
2021-09-28 16:55:21,364 DEBUG   HandlerThread:41790 [handler.py:handle_request():126] handle_request: poll_exit
2021-09-28 16:55:21,364 DEBUG   SenderThread:41790 [sender.py:send_request():199] send_request: poll_exit
2021-09-28 16:55:21,368 INFO    Thread-15 :41790 [upload_job.py:push():137] Uploaded file /Users/rishanthrajendhran/Desktop/EigenGame/wandb/run-20210928_164832-jzhdv89u/files/wandb-summary.json
2021-09-28 16:55:21,372 INFO    Thread-12 :41790 [upload_job.py:push():137] Uploaded file /Users/rishanthrajendhran/Desktop/EigenGame/wandb/run-20210928_164832-jzhdv89u/files/requirements.txt
2021-09-28 16:55:21,375 INFO    Thread-13 :41790 [upload_job.py:push():137] Uploaded file /Users/rishanthrajendhran/Desktop/EigenGame/wandb/run-20210928_164832-jzhdv89u/files/output.log
2021-09-28 16:55:21,392 INFO    Thread-16 :41790 [upload_job.py:push():137] Uploaded file /Users/rishanthrajendhran/Desktop/EigenGame/wandb/run-20210928_164832-jzhdv89u/files/conda-environment.yaml
2021-09-28 16:55:21,468 DEBUG   HandlerThread:41790 [handler.py:handle_request():126] handle_request: poll_exit
2021-09-28 16:55:21,469 DEBUG   SenderThread:41790 [sender.py:send_request():199] send_request: poll_exit
2021-09-28 16:55:21,574 DEBUG   HandlerThread:41790 [handler.py:handle_request():126] handle_request: poll_exit
2021-09-28 16:55:21,574 DEBUG   SenderThread:41790 [sender.py:send_request():199] send_request: poll_exit
2021-09-28 16:55:21,596 INFO    Thread-7  :41790 [sender.py:transition_state():319] send defer: 7
2021-09-28 16:55:21,597 DEBUG   HandlerThread:41790 [handler.py:handle_request():126] handle_request: defer
2021-09-28 16:55:21,597 INFO    HandlerThread:41790 [handler.py:handle_request_defer():143] handle defer: 7
2021-09-28 16:55:21,597 DEBUG   SenderThread:41790 [sender.py:send_request():199] send_request: defer
2021-09-28 16:55:21,597 INFO    SenderThread:41790 [sender.py:send_request_defer():315] handle sender defer: 7
2021-09-28 16:55:21,676 DEBUG   HandlerThread:41790 [handler.py:handle_request():126] handle_request: poll_exit
2021-09-28 16:55:21,865 INFO    SenderThread:41790 [sender.py:transition_state():319] send defer: 8
2021-09-28 16:55:21,865 DEBUG   SenderThread:41790 [sender.py:send_request():199] send_request: poll_exit
2021-09-28 16:55:21,866 DEBUG   HandlerThread:41790 [handler.py:handle_request():126] handle_request: defer
2021-09-28 16:55:21,866 INFO    HandlerThread:41790 [handler.py:handle_request_defer():143] handle defer: 8
2021-09-28 16:55:21,866 DEBUG   SenderThread:41790 [sender.py:send_request():199] send_request: defer
2021-09-28 16:55:21,866 INFO    SenderThread:41790 [sender.py:send_request_defer():315] handle sender defer: 8
2021-09-28 16:55:21,866 INFO    SenderThread:41790 [sender.py:transition_state():319] send defer: 9
2021-09-28 16:55:21,867 DEBUG   HandlerThread:41790 [handler.py:handle_request():126] handle_request: defer
2021-09-28 16:55:21,868 INFO    HandlerThread:41790 [handler.py:handle_request_defer():143] handle defer: 9
2021-09-28 16:55:21,868 DEBUG   SenderThread:41790 [sender.py:send():185] send: final
2021-09-28 16:55:21,868 DEBUG   SenderThread:41790 [sender.py:send():185] send: footer
2021-09-28 16:55:21,868 DEBUG   SenderThread:41790 [sender.py:send_request():199] send_request: defer
2021-09-28 16:55:21,868 INFO    SenderThread:41790 [sender.py:send_request_defer():315] handle sender defer: 9
2021-09-28 16:55:21,969 DEBUG   HandlerThread:41790 [handler.py:handle_request():126] handle_request: poll_exit
2021-09-28 16:55:21,970 DEBUG   SenderThread:41790 [sender.py:send_request():199] send_request: poll_exit
2021-09-28 16:55:21,970 INFO    SenderThread:41790 [file_pusher.py:join():182] waiting for file pusher
2021-09-28 16:55:22,515 DEBUG   HandlerThread:41790 [handler.py:handle_request():126] handle_request: get_summary
2021-09-28 16:55:22,517 DEBUG   HandlerThread:41790 [handler.py:handle_request():126] handle_request: sampled_history
2021-09-28 16:55:22,518 DEBUG   HandlerThread:41790 [handler.py:handle_request():126] handle_request: shutdown
2021-09-28 16:55:22,518 INFO    HandlerThread:41790 [handler.py:finish():683] shutting down handler
2021-09-28 16:55:22,872 INFO    WriterThread:41790 [datastore.py:close():281] close: /Users/rishanthrajendhran/Desktop/EigenGame/wandb/run-20210928_164832-jzhdv89u/run-jzhdv89u.wandb
2021-09-28 16:55:23,517 INFO    SenderThread:41790 [sender.py:finish():985] shutting down sender
2021-09-28 16:55:23,518 INFO    SenderThread:41790 [file_pusher.py:finish():177] shutting down file pusher
2021-09-28 16:55:23,518 INFO    SenderThread:41790 [file_pusher.py:join():182] waiting for file pusher
2021-09-28 16:55:23,528 INFO    MainThread:41790 [internal.py:handle_exit():76] Internal process exited
