2022-01-02 15:24:37,953 INFO    MainThread:54155 [internal.py:wandb_internal():89] W&B internal server running at pid: 54155, started at: 2022-01-02 15:24:37.953290
2022-01-02 15:24:37,955 DEBUG   HandlerThread:54155 [handler.py:handle_request():126] handle_request: check_version
2022-01-02 15:24:37,955 INFO    WriterThread:54155 [datastore.py:open_for_write():77] open: /Users/rishanthrajendhran/Desktop/EigenGame/wandb/run-20220102_152437-q30kxfez/run-q30kxfez.wandb
2022-01-02 15:24:37,956 DEBUG   SenderThread:54155 [sender.py:send():185] send: header
2022-01-02 15:24:37,956 DEBUG   SenderThread:54155 [sender.py:send_request():199] send_request: check_version
2022-01-02 15:24:38,057 DEBUG   SenderThread:54155 [sender.py:send():185] send: run
2022-01-02 15:24:38,482 INFO    SenderThread:54155 [dir_watcher.py:__init__():169] watching files in: /Users/rishanthrajendhran/Desktop/EigenGame/wandb/run-20220102_152437-q30kxfez/files
2022-01-02 15:24:38,482 INFO    SenderThread:54155 [sender.py:_start_run_threads():749] run started: q30kxfez with start time 1641117277
2022-01-02 15:24:38,482 DEBUG   SenderThread:54155 [sender.py:send():185] send: summary
2022-01-02 15:24:38,483 INFO    SenderThread:54155 [sender.py:_save_file():879] saving file wandb-summary.json with policy end
2022-01-02 15:24:38,484 DEBUG   HandlerThread:54155 [handler.py:handle_request():126] handle_request: run_start
2022-01-02 15:24:39,493 INFO    Thread-8  :54155 [dir_watcher.py:_on_file_created():217] file/dir created: /Users/rishanthrajendhran/Desktop/EigenGame/wandb/run-20220102_152437-q30kxfez/files/wandb-summary.json
2022-01-02 15:24:40,626 DEBUG   HandlerThread:54155 [meta.py:__init__():40] meta init
2022-01-02 15:24:40,626 DEBUG   HandlerThread:54155 [meta.py:__init__():54] meta init done
2022-01-02 15:24:40,626 DEBUG   HandlerThread:54155 [meta.py:probe():211] probe
2022-01-02 15:24:40,627 DEBUG   HandlerThread:54155 [meta.py:_setup_git():201] setup git
2022-01-02 15:24:40,654 DEBUG   HandlerThread:54155 [meta.py:_setup_git():208] setup git done
2022-01-02 15:24:40,655 DEBUG   HandlerThread:54155 [meta.py:_save_pip():58] save pip
2022-01-02 15:24:40,656 DEBUG   HandlerThread:54155 [meta.py:_save_pip():72] save pip done
2022-01-02 15:24:40,657 DEBUG   HandlerThread:54155 [meta.py:_save_conda():79] save conda
2022-01-02 15:24:41,507 INFO    Thread-8  :54155 [dir_watcher.py:_on_file_created():217] file/dir created: /Users/rishanthrajendhran/Desktop/EigenGame/wandb/run-20220102_152437-q30kxfez/files/conda-environment.yaml
2022-01-02 15:24:41,509 INFO    Thread-8  :54155 [dir_watcher.py:_on_file_created():217] file/dir created: /Users/rishanthrajendhran/Desktop/EigenGame/wandb/run-20220102_152437-q30kxfez/files/requirements.txt
2022-01-02 15:24:43,526 INFO    Thread-8  :54155 [dir_watcher.py:_on_file_created():217] file/dir created: /Users/rishanthrajendhran/Desktop/EigenGame/wandb/run-20220102_152437-q30kxfez/files/output.log
2022-01-02 15:24:45,542 INFO    Thread-8  :54155 [dir_watcher.py:_on_file_modified():230] file/dir modified: /Users/rishanthrajendhran/Desktop/EigenGame/wandb/run-20220102_152437-q30kxfez/files/output.log
2022-01-02 15:24:48,281 DEBUG   HandlerThread:54155 [meta.py:_save_conda():87] save conda done
2022-01-02 15:24:48,281 DEBUG   HandlerThread:54155 [meta.py:probe():249] probe done
2022-01-02 15:24:48,284 DEBUG   HandlerThread:54155 [handler.py:handle_request():126] handle_request: stop_status
2022-01-02 15:24:48,285 DEBUG   SenderThread:54155 [sender.py:send_request():199] send_request: stop_status
2022-01-02 15:24:48,553 INFO    Thread-8  :54155 [dir_watcher.py:_on_file_modified():230] file/dir modified: /Users/rishanthrajendhran/Desktop/EigenGame/wandb/run-20220102_152437-q30kxfez/files/conda-environment.yaml
2022-01-02 15:24:48,554 INFO    Thread-8  :54155 [dir_watcher.py:_on_file_created():217] file/dir created: /Users/rishanthrajendhran/Desktop/EigenGame/wandb/run-20220102_152437-q30kxfez/files/wandb-metadata.json
2022-01-02 15:24:48,605 DEBUG   SenderThread:54155 [sender.py:send():185] send: run
2022-01-02 15:24:49,559 INFO    Thread-8  :54155 [dir_watcher.py:_on_file_modified():230] file/dir modified: /Users/rishanthrajendhran/Desktop/EigenGame/wandb/run-20220102_152437-q30kxfez/files/config.yaml
2022-01-02 15:24:58,540 INFO    SenderThread:54155 [sender.py:send_run():643] updated run: q30kxfez
2022-01-02 15:24:58,540 DEBUG   SenderThread:54155 [sender.py:send():185] send: files
2022-01-02 15:24:58,540 INFO    SenderThread:54155 [sender.py:_save_file():879] saving file [10000, 7]_35000_7_5e-07 with policy live
2022-01-02 15:24:58,541 DEBUG   SenderThread:54155 [sender.py:send():185] send: files
2022-01-02 15:24:58,542 INFO    SenderThread:54155 [sender.py:_save_file():879] saving file wandb-metadata.json with policy now
2022-01-02 15:25:03,608 DEBUG   HandlerThread:54155 [handler.py:handle_request():126] handle_request: stop_status
2022-01-02 15:25:03,608 DEBUG   SenderThread:54155 [sender.py:send_request():199] send_request: stop_status
2022-01-02 15:25:19,811 ERROR   Thread-11 :54155 [retry.py:__call__():126] Retry attempt failed:
Traceback (most recent call last):
  File "/Users/rishanthrajendhran/opt/anaconda3/lib/python3.7/site-packages/urllib3/connectionpool.py", line 445, in _make_request
    six.raise_from(e, None)
  File "<string>", line 3, in raise_from
  File "/Users/rishanthrajendhran/opt/anaconda3/lib/python3.7/site-packages/urllib3/connectionpool.py", line 440, in _make_request
    httplib_response = conn.getresponse()
  File "/Users/rishanthrajendhran/opt/anaconda3/lib/python3.7/http/client.py", line 1336, in getresponse
    response.begin()
  File "/Users/rishanthrajendhran/opt/anaconda3/lib/python3.7/http/client.py", line 306, in begin
    version, status, reason = self._read_status()
  File "/Users/rishanthrajendhran/opt/anaconda3/lib/python3.7/http/client.py", line 267, in _read_status
    line = str(self.fp.readline(_MAXLINE + 1), "iso-8859-1")
  File "/Users/rishanthrajendhran/opt/anaconda3/lib/python3.7/socket.py", line 589, in readinto
    return self._sock.recv_into(b)
  File "/Users/rishanthrajendhran/opt/anaconda3/lib/python3.7/ssl.py", line 1071, in recv_into
    return self.read(nbytes, buffer)
  File "/Users/rishanthrajendhran/opt/anaconda3/lib/python3.7/ssl.py", line 929, in read
    return self._sslobj.read(len, buffer)
socket.timeout: The read operation timed out

During handling of the above exception, another exception occurred:

Traceback (most recent call last):
  File "/Users/rishanthrajendhran/opt/anaconda3/lib/python3.7/site-packages/requests/adapters.py", line 449, in send
    timeout=timeout
  File "/Users/rishanthrajendhran/opt/anaconda3/lib/python3.7/site-packages/urllib3/connectionpool.py", line 756, in urlopen
    method, url, error=e, _pool=self, _stacktrace=sys.exc_info()[2]
  File "/Users/rishanthrajendhran/opt/anaconda3/lib/python3.7/site-packages/urllib3/util/retry.py", line 531, in increment
    raise six.reraise(type(error), error, _stacktrace)
  File "/Users/rishanthrajendhran/opt/anaconda3/lib/python3.7/site-packages/urllib3/packages/six.py", line 735, in reraise
    raise value
  File "/Users/rishanthrajendhran/opt/anaconda3/lib/python3.7/site-packages/urllib3/connectionpool.py", line 706, in urlopen
    chunked=chunked,
  File "/Users/rishanthrajendhran/opt/anaconda3/lib/python3.7/site-packages/urllib3/connectionpool.py", line 447, in _make_request
    self._raise_timeout(err=e, url=url, timeout_value=read_timeout)
  File "/Users/rishanthrajendhran/opt/anaconda3/lib/python3.7/site-packages/urllib3/connectionpool.py", line 337, in _raise_timeout
    self, url, "Read timed out. (read timeout=%s)" % timeout_value
urllib3.exceptions.ReadTimeoutError: HTTPSConnectionPool(host='api.wandb.ai', port=443): Read timed out. (read timeout=10)

During handling of the above exception, another exception occurred:

Traceback (most recent call last):
  File "/Users/rishanthrajendhran/opt/anaconda3/lib/python3.7/site-packages/wandb/sdk/lib/retry.py", line 102, in __call__
    result = self._call_fn(*args, **kwargs)
  File "/Users/rishanthrajendhran/opt/anaconda3/lib/python3.7/site-packages/wandb/sdk/internal/internal_api.py", line 132, in execute
    return self.client.execute(*args, **kwargs)
  File "/Users/rishanthrajendhran/opt/anaconda3/lib/python3.7/site-packages/wandb/vendor/gql-0.2.0/gql/client.py", line 52, in execute
    result = self._get_result(document, *args, **kwargs)
  File "/Users/rishanthrajendhran/opt/anaconda3/lib/python3.7/site-packages/wandb/vendor/gql-0.2.0/gql/client.py", line 60, in _get_result
    return self.transport.execute(document, *args, **kwargs)
  File "/Users/rishanthrajendhran/opt/anaconda3/lib/python3.7/site-packages/wandb/vendor/gql-0.2.0/gql/transport/requests.py", line 38, in execute
    request = requests.post(self.url, **post_args)
  File "/Users/rishanthrajendhran/opt/anaconda3/lib/python3.7/site-packages/requests/api.py", line 119, in post
    return request('post', url, data=data, json=json, **kwargs)
  File "/Users/rishanthrajendhran/opt/anaconda3/lib/python3.7/site-packages/requests/api.py", line 61, in request
    return session.request(method=method, url=url, **kwargs)
  File "/Users/rishanthrajendhran/opt/anaconda3/lib/python3.7/site-packages/requests/sessions.py", line 542, in request
    resp = self.send(prep, **send_kwargs)
  File "/Users/rishanthrajendhran/opt/anaconda3/lib/python3.7/site-packages/requests/sessions.py", line 655, in send
    r = adapter.send(request, **kwargs)
  File "/Users/rishanthrajendhran/opt/anaconda3/lib/python3.7/site-packages/requests/adapters.py", line 529, in send
    raise ReadTimeout(e, request=request)
requests.exceptions.ReadTimeout: HTTPSConnectionPool(host='api.wandb.ai', port=443): Read timed out. (read timeout=10)
2022-01-02 15:25:28,174 DEBUG   SenderThread:54155 [sender.py:send():185] send: stats
2022-01-02 15:25:28,948 INFO    Thread-11 :54155 [upload_job.py:push():137] Uploaded file /var/folders/7m/2n3lfqqn4p9cb73mtczw0fy00000gn/T/tmpo4eqyt8iwandb/1y4uwxpu-wandb-metadata.json
2022-01-02 15:25:29,825 INFO    Thread-8  :54155 [dir_watcher.py:_on_file_modified():230] file/dir modified: /Users/rishanthrajendhran/Desktop/EigenGame/wandb/run-20220102_152437-q30kxfez/files/output.log
2022-01-02 15:25:41,546 DEBUG   SenderThread:54155 [sender.py:send():185] send: stats
2022-01-02 15:25:43,181 DEBUG   HandlerThread:54155 [handler.py:handle_request():126] handle_request: stop_status
2022-01-02 15:25:43,181 DEBUG   SenderThread:54155 [sender.py:send_request():199] send_request: stop_status
2022-01-02 15:25:58,452 DEBUG   HandlerThread:54155 [handler.py:handle_request():126] handle_request: stop_status
2022-01-02 15:25:58,455 DEBUG   SenderThread:54155 [sender.py:send_request():199] send_request: stop_status
2022-01-02 15:26:12,988 DEBUG   SenderThread:54155 [sender.py:send():185] send: stats
2022-01-02 15:26:13,751 DEBUG   HandlerThread:54155 [handler.py:handle_request():126] handle_request: stop_status
2022-01-02 15:26:13,751 DEBUG   SenderThread:54155 [sender.py:send_request():199] send_request: stop_status
2022-01-02 15:26:29,117 DEBUG   HandlerThread:54155 [handler.py:handle_request():126] handle_request: stop_status
2022-01-02 15:26:29,117 DEBUG   SenderThread:54155 [sender.py:send_request():199] send_request: stop_status
2022-01-02 15:26:44,467 DEBUG   HandlerThread:54155 [handler.py:handle_request():126] handle_request: stop_status
2022-01-02 15:26:44,467 DEBUG   SenderThread:54155 [sender.py:send_request():199] send_request: stop_status
2022-01-02 15:26:44,824 DEBUG   SenderThread:54155 [sender.py:send():185] send: stats
2022-01-02 15:26:59,835 DEBUG   HandlerThread:54155 [handler.py:handle_request():126] handle_request: stop_status
2022-01-02 15:26:59,838 DEBUG   SenderThread:54155 [sender.py:send_request():199] send_request: stop_status
2022-01-02 15:27:15,228 DEBUG   HandlerThread:54155 [handler.py:handle_request():126] handle_request: stop_status
2022-01-02 15:27:15,228 DEBUG   SenderThread:54155 [sender.py:send_request():199] send_request: stop_status
2022-01-02 15:27:15,902 DEBUG   SenderThread:54155 [sender.py:send():185] send: stats
2022-01-02 15:27:30,495 DEBUG   HandlerThread:54155 [handler.py:handle_request():126] handle_request: stop_status
2022-01-02 15:27:30,495 DEBUG   SenderThread:54155 [sender.py:send_request():199] send_request: stop_status
2022-01-02 15:27:45,813 DEBUG   HandlerThread:54155 [handler.py:handle_request():126] handle_request: stop_status
2022-01-02 15:27:45,814 DEBUG   SenderThread:54155 [sender.py:send_request():199] send_request: stop_status
2022-01-02 15:27:47,409 DEBUG   SenderThread:54155 [sender.py:send():185] send: stats
2022-01-02 15:27:50,629 DEBUG   SenderThread:54155 [sender.py:send():185] send: history
2022-01-02 15:27:50,629 DEBUG   SenderThread:54155 [sender.py:send():185] send: summary
2022-01-02 15:27:50,630 INFO    SenderThread:54155 [sender.py:_save_file():879] saving file wandb-summary.json with policy end
2022-01-02 15:27:50,657 INFO    Thread-8  :54155 [dir_watcher.py:_on_file_modified():230] file/dir modified: /Users/rishanthrajendhran/Desktop/EigenGame/wandb/run-20220102_152437-q30kxfez/files/wandb-summary.json
2022-01-02 15:27:52,677 INFO    Thread-8  :54155 [dir_watcher.py:_on_file_modified():230] file/dir modified: /Users/rishanthrajendhran/Desktop/EigenGame/wandb/run-20220102_152437-q30kxfez/files/output.log
2022-01-02 15:27:53,307 DEBUG   HandlerThread:54155 [handler.py:handle_request():126] handle_request: poll_exit
2022-01-02 15:27:53,307 DEBUG   SenderThread:54155 [sender.py:send():185] send: telemetry
2022-01-02 15:27:53,307 DEBUG   SenderThread:54155 [sender.py:send():185] send: exit
2022-01-02 15:27:53,308 INFO    SenderThread:54155 [sender.py:send_exit():294] handling exit code: 0
2022-01-02 15:27:53,308 INFO    SenderThread:54155 [sender.py:send_exit():296] handling runtime: 194
2022-01-02 15:27:53,310 INFO    SenderThread:54155 [sender.py:_save_file():879] saving file wandb-summary.json with policy end
2022-01-02 15:27:53,311 INFO    SenderThread:54155 [sender.py:send_exit():306] send defer
2022-01-02 15:27:53,311 DEBUG   SenderThread:54155 [sender.py:send_request():199] send_request: poll_exit
2022-01-02 15:27:53,312 DEBUG   HandlerThread:54155 [handler.py:handle_request():126] handle_request: defer
2022-01-02 15:27:53,312 INFO    HandlerThread:54155 [handler.py:handle_request_defer():143] handle defer: 0
2022-01-02 15:27:53,312 DEBUG   SenderThread:54155 [sender.py:send_request():199] send_request: defer
2022-01-02 15:27:53,312 INFO    SenderThread:54155 [sender.py:send_request_defer():315] handle sender defer: 0
2022-01-02 15:27:53,313 INFO    SenderThread:54155 [sender.py:transition_state():319] send defer: 1
2022-01-02 15:27:53,313 DEBUG   HandlerThread:54155 [handler.py:handle_request():126] handle_request: defer
2022-01-02 15:27:53,313 INFO    HandlerThread:54155 [handler.py:handle_request_defer():143] handle defer: 1
2022-01-02 15:27:53,359 DEBUG   SenderThread:54155 [sender.py:send_request():199] send_request: defer
2022-01-02 15:27:53,360 INFO    SenderThread:54155 [sender.py:send_request_defer():315] handle sender defer: 1
2022-01-02 15:27:53,360 INFO    SenderThread:54155 [sender.py:transition_state():319] send defer: 2
2022-01-02 15:27:53,360 DEBUG   SenderThread:54155 [sender.py:send():185] send: stats
2022-01-02 15:27:53,360 DEBUG   HandlerThread:54155 [handler.py:handle_request():126] handle_request: defer
2022-01-02 15:27:53,361 INFO    HandlerThread:54155 [handler.py:handle_request_defer():143] handle defer: 2
2022-01-02 15:27:53,361 DEBUG   SenderThread:54155 [sender.py:send_request():199] send_request: defer
2022-01-02 15:27:53,361 INFO    SenderThread:54155 [sender.py:send_request_defer():315] handle sender defer: 2
2022-01-02 15:27:53,361 INFO    SenderThread:54155 [sender.py:transition_state():319] send defer: 3
2022-01-02 15:27:53,361 DEBUG   HandlerThread:54155 [handler.py:handle_request():126] handle_request: defer
2022-01-02 15:27:53,361 INFO    HandlerThread:54155 [handler.py:handle_request_defer():143] handle defer: 3
2022-01-02 15:27:53,362 DEBUG   SenderThread:54155 [sender.py:send():185] send: summary
2022-01-02 15:27:53,362 INFO    SenderThread:54155 [sender.py:_save_file():879] saving file wandb-summary.json with policy end
2022-01-02 15:27:53,362 DEBUG   SenderThread:54155 [sender.py:send_request():199] send_request: defer
2022-01-02 15:27:53,363 INFO    SenderThread:54155 [sender.py:send_request_defer():315] handle sender defer: 3
2022-01-02 15:27:53,363 INFO    SenderThread:54155 [sender.py:transition_state():319] send defer: 4
2022-01-02 15:27:53,363 DEBUG   HandlerThread:54155 [handler.py:handle_request():126] handle_request: defer
2022-01-02 15:27:53,363 INFO    HandlerThread:54155 [handler.py:handle_request_defer():143] handle defer: 4
2022-01-02 15:27:53,363 DEBUG   SenderThread:54155 [sender.py:send_request():199] send_request: defer
2022-01-02 15:27:53,363 INFO    SenderThread:54155 [sender.py:send_request_defer():315] handle sender defer: 4
2022-01-02 15:27:53,419 DEBUG   HandlerThread:54155 [handler.py:handle_request():126] handle_request: poll_exit
2022-01-02 15:27:53,678 INFO    Thread-8  :54155 [dir_watcher.py:_on_file_modified():230] file/dir modified: /Users/rishanthrajendhran/Desktop/EigenGame/wandb/run-20220102_152437-q30kxfez/files/wandb-summary.json
2022-01-02 15:27:53,679 INFO    Thread-8  :54155 [dir_watcher.py:_on_file_modified():230] file/dir modified: /Users/rishanthrajendhran/Desktop/EigenGame/wandb/run-20220102_152437-q30kxfez/files/output.log
2022-01-02 15:27:53,958 INFO    SenderThread:54155 [sender.py:transition_state():319] send defer: 5
2022-01-02 15:27:53,958 DEBUG   SenderThread:54155 [sender.py:send_request():199] send_request: poll_exit
2022-01-02 15:27:53,959 DEBUG   HandlerThread:54155 [handler.py:handle_request():126] handle_request: defer
2022-01-02 15:27:53,959 INFO    HandlerThread:54155 [handler.py:handle_request_defer():143] handle defer: 5
2022-01-02 15:27:53,959 DEBUG   SenderThread:54155 [sender.py:send_request():199] send_request: defer
2022-01-02 15:27:53,959 INFO    SenderThread:54155 [sender.py:send_request_defer():315] handle sender defer: 5
2022-01-02 15:27:53,959 INFO    SenderThread:54155 [dir_watcher.py:finish():283] shutting down directory watcher
2022-01-02 15:27:54,069 DEBUG   HandlerThread:54155 [handler.py:handle_request():126] handle_request: poll_exit
2022-01-02 15:27:54,690 INFO    SenderThread:54155 [dir_watcher.py:_on_file_modified():230] file/dir modified: /Users/rishanthrajendhran/Desktop/EigenGame/wandb/run-20220102_152437-q30kxfez/files/config.yaml
2022-01-02 15:27:54,691 INFO    SenderThread:54155 [dir_watcher.py:finish():313] scan: /Users/rishanthrajendhran/Desktop/EigenGame/wandb/run-20220102_152437-q30kxfez/files
2022-01-02 15:27:54,691 INFO    SenderThread:54155 [dir_watcher.py:finish():327] scan save: /Users/rishanthrajendhran/Desktop/EigenGame/wandb/run-20220102_152437-q30kxfez/files/requirements.txt requirements.txt
2022-01-02 15:27:54,692 INFO    SenderThread:54155 [dir_watcher.py:finish():327] scan save: /Users/rishanthrajendhran/Desktop/EigenGame/wandb/run-20220102_152437-q30kxfez/files/output.log output.log
2022-01-02 15:27:54,697 INFO    SenderThread:54155 [dir_watcher.py:finish():327] scan save: /Users/rishanthrajendhran/Desktop/EigenGame/wandb/run-20220102_152437-q30kxfez/files/config.yaml config.yaml
2022-01-02 15:27:54,698 INFO    SenderThread:54155 [dir_watcher.py:finish():327] scan save: /Users/rishanthrajendhran/Desktop/EigenGame/wandb/run-20220102_152437-q30kxfez/files/wandb-summary.json wandb-summary.json
2022-01-02 15:27:54,705 INFO    SenderThread:54155 [dir_watcher.py:finish():327] scan save: /Users/rishanthrajendhran/Desktop/EigenGame/wandb/run-20220102_152437-q30kxfez/files/conda-environment.yaml conda-environment.yaml
2022-01-02 15:27:54,706 INFO    SenderThread:54155 [dir_watcher.py:finish():327] scan save: /Users/rishanthrajendhran/Desktop/EigenGame/wandb/run-20220102_152437-q30kxfez/files/wandb-metadata.json wandb-metadata.json
2022-01-02 15:27:54,711 INFO    SenderThread:54155 [sender.py:transition_state():319] send defer: 6
2022-01-02 15:27:54,711 DEBUG   SenderThread:54155 [sender.py:send_request():199] send_request: poll_exit
2022-01-02 15:27:54,714 DEBUG   HandlerThread:54155 [handler.py:handle_request():126] handle_request: defer
2022-01-02 15:27:54,714 INFO    HandlerThread:54155 [handler.py:handle_request_defer():143] handle defer: 6
2022-01-02 15:27:54,715 DEBUG   SenderThread:54155 [sender.py:send_request():199] send_request: defer
2022-01-02 15:27:54,715 INFO    SenderThread:54155 [sender.py:send_request_defer():315] handle sender defer: 6
2022-01-02 15:27:54,715 INFO    SenderThread:54155 [file_pusher.py:finish():177] shutting down file pusher
2022-01-02 15:27:54,822 DEBUG   HandlerThread:54155 [handler.py:handle_request():126] handle_request: poll_exit
2022-01-02 15:27:54,822 DEBUG   SenderThread:54155 [sender.py:send_request():199] send_request: poll_exit
2022-01-02 15:27:54,932 DEBUG   HandlerThread:54155 [handler.py:handle_request():126] handle_request: poll_exit
2022-01-02 15:27:54,932 DEBUG   SenderThread:54155 [sender.py:send_request():199] send_request: poll_exit
2022-01-02 15:27:55,042 DEBUG   HandlerThread:54155 [handler.py:handle_request():126] handle_request: poll_exit
2022-01-02 15:27:55,042 DEBUG   SenderThread:54155 [sender.py:send_request():199] send_request: poll_exit
2022-01-02 15:27:55,153 DEBUG   HandlerThread:54155 [handler.py:handle_request():126] handle_request: poll_exit
2022-01-02 15:27:55,154 DEBUG   SenderThread:54155 [sender.py:send_request():199] send_request: poll_exit
2022-01-02 15:27:55,258 DEBUG   HandlerThread:54155 [handler.py:handle_request():126] handle_request: poll_exit
2022-01-02 15:27:55,258 DEBUG   SenderThread:54155 [sender.py:send_request():199] send_request: poll_exit
2022-01-02 15:27:55,369 DEBUG   HandlerThread:54155 [handler.py:handle_request():126] handle_request: poll_exit
2022-01-02 15:27:55,370 DEBUG   SenderThread:54155 [sender.py:send_request():199] send_request: poll_exit
2022-01-02 15:27:55,477 DEBUG   HandlerThread:54155 [handler.py:handle_request():126] handle_request: poll_exit
2022-01-02 15:27:55,478 DEBUG   SenderThread:54155 [sender.py:send_request():199] send_request: poll_exit
2022-01-02 15:27:55,588 DEBUG   HandlerThread:54155 [handler.py:handle_request():126] handle_request: poll_exit
2022-01-02 15:27:55,591 INFO    Thread-13 :54155 [upload_job.py:push():137] Uploaded file /Users/rishanthrajendhran/Desktop/EigenGame/wandb/run-20220102_152437-q30kxfez/files/output.log
2022-01-02 15:27:55,596 INFO    Thread-14 :54155 [upload_job.py:push():137] Uploaded file /Users/rishanthrajendhran/Desktop/EigenGame/wandb/run-20220102_152437-q30kxfez/files/config.yaml
2022-01-02 15:27:55,598 INFO    Thread-12 :54155 [upload_job.py:push():137] Uploaded file /Users/rishanthrajendhran/Desktop/EigenGame/wandb/run-20220102_152437-q30kxfez/files/requirements.txt
2022-01-02 15:27:55,598 INFO    Thread-15 :54155 [upload_job.py:push():137] Uploaded file /Users/rishanthrajendhran/Desktop/EigenGame/wandb/run-20220102_152437-q30kxfez/files/wandb-summary.json
2022-01-02 15:27:55,599 DEBUG   SenderThread:54155 [sender.py:send_request():199] send_request: poll_exit
2022-01-02 15:27:55,636 INFO    Thread-16 :54155 [upload_job.py:push():137] Uploaded file /Users/rishanthrajendhran/Desktop/EigenGame/wandb/run-20220102_152437-q30kxfez/files/conda-environment.yaml
2022-01-02 15:27:55,707 DEBUG   HandlerThread:54155 [handler.py:handle_request():126] handle_request: poll_exit
2022-01-02 15:27:55,708 DEBUG   SenderThread:54155 [sender.py:send_request():199] send_request: poll_exit
2022-01-02 15:27:55,819 DEBUG   HandlerThread:54155 [handler.py:handle_request():126] handle_request: poll_exit
2022-01-02 15:27:55,820 DEBUG   SenderThread:54155 [sender.py:send_request():199] send_request: poll_exit
2022-01-02 15:27:55,843 INFO    Thread-7  :54155 [sender.py:transition_state():319] send defer: 7
2022-01-02 15:27:55,844 DEBUG   HandlerThread:54155 [handler.py:handle_request():126] handle_request: defer
2022-01-02 15:27:55,844 INFO    HandlerThread:54155 [handler.py:handle_request_defer():143] handle defer: 7
2022-01-02 15:27:55,845 DEBUG   SenderThread:54155 [sender.py:send_request():199] send_request: defer
2022-01-02 15:27:55,845 INFO    SenderThread:54155 [sender.py:send_request_defer():315] handle sender defer: 7
2022-01-02 15:27:55,930 DEBUG   HandlerThread:54155 [handler.py:handle_request():126] handle_request: poll_exit
2022-01-02 15:27:56,406 INFO    SenderThread:54155 [sender.py:transition_state():319] send defer: 8
2022-01-02 15:27:56,407 DEBUG   SenderThread:54155 [sender.py:send_request():199] send_request: poll_exit
2022-01-02 15:27:56,408 DEBUG   HandlerThread:54155 [handler.py:handle_request():126] handle_request: defer
2022-01-02 15:27:56,408 INFO    HandlerThread:54155 [handler.py:handle_request_defer():143] handle defer: 8
2022-01-02 15:27:56,408 DEBUG   SenderThread:54155 [sender.py:send_request():199] send_request: defer
2022-01-02 15:27:56,408 INFO    SenderThread:54155 [sender.py:send_request_defer():315] handle sender defer: 8
2022-01-02 15:27:56,409 INFO    SenderThread:54155 [sender.py:transition_state():319] send defer: 9
2022-01-02 15:27:56,409 DEBUG   SenderThread:54155 [sender.py:send():185] send: final
2022-01-02 15:27:56,410 DEBUG   HandlerThread:54155 [handler.py:handle_request():126] handle_request: defer
2022-01-02 15:27:56,410 INFO    HandlerThread:54155 [handler.py:handle_request_defer():143] handle defer: 9
2022-01-02 15:27:56,410 DEBUG   SenderThread:54155 [sender.py:send():185] send: footer
2022-01-02 15:27:56,411 DEBUG   SenderThread:54155 [sender.py:send_request():199] send_request: defer
2022-01-02 15:27:56,411 INFO    SenderThread:54155 [sender.py:send_request_defer():315] handle sender defer: 9
2022-01-02 15:27:56,516 DEBUG   HandlerThread:54155 [handler.py:handle_request():126] handle_request: poll_exit
2022-01-02 15:27:56,516 DEBUG   SenderThread:54155 [sender.py:send_request():199] send_request: poll_exit
2022-01-02 15:27:56,516 INFO    SenderThread:54155 [file_pusher.py:join():182] waiting for file pusher
2022-01-02 15:27:57,127 DEBUG   HandlerThread:54155 [handler.py:handle_request():126] handle_request: get_summary
2022-01-02 15:27:57,128 DEBUG   HandlerThread:54155 [handler.py:handle_request():126] handle_request: sampled_history
2022-01-02 15:27:57,129 DEBUG   HandlerThread:54155 [handler.py:handle_request():126] handle_request: shutdown
2022-01-02 15:27:57,130 INFO    HandlerThread:54155 [handler.py:finish():683] shutting down handler
2022-01-02 15:27:57,419 INFO    WriterThread:54155 [datastore.py:close():281] close: /Users/rishanthrajendhran/Desktop/EigenGame/wandb/run-20220102_152437-q30kxfez/run-q30kxfez.wandb
2022-01-02 15:27:58,133 INFO    SenderThread:54155 [sender.py:finish():986] shutting down sender
2022-01-02 15:27:58,134 INFO    SenderThread:54155 [file_pusher.py:finish():177] shutting down file pusher
2022-01-02 15:27:58,134 INFO    SenderThread:54155 [file_pusher.py:join():182] waiting for file pusher
2022-01-02 15:27:58,139 INFO    MainThread:54155 [internal.py:handle_exit():76] Internal process exited
